<?xml version="1.0" encoding="UTF-8"?>
<coverage generated="1782991951150" clover="3.2.0">
  <project timestamp="1782991951150" name="All files">
    <metrics statements="3624" coveredstatements="3563" conditionals="704" coveredconditionals="657" methods="218" coveredmethods="201" elements="4546" coveredelements="4421" complexity="0" loc="3624" ncloc="3624" packages="1" files="13" classes="13"/>
    <file name="carousel.ts" path="E:\vsc-workspace\lania-zip\lania-tools\packages\tools\src\carousel.ts">
      <metrics statements="462" coveredstatements="462" conditionals="81" coveredconditionals="81" methods="21" coveredmethods="21"/>
      <line num="1" count="1" type="stmt"/>
      <line num="2" count="1" type="stmt"/>
      <line num="3" count="1" type="stmt"/>
      <line num="4" count="1" type="stmt"/>
      <line num="5" count="1" type="stmt"/>
      <line num="6" count="1" type="stmt"/>
      <line num="7" count="1" type="stmt"/>
      <line num="8" count="1" type="stmt"/>
      <line num="9" count="1" type="stmt"/>
      <line num="10" count="1" type="stmt"/>
      <line num="11" count="1" type="stmt"/>
      <line num="12" count="1" type="stmt"/>
      <line num="13" count="1" type="stmt"/>
      <line num="14" count="1" type="stmt"/>
      <line num="15" count="1" type="stmt"/>
      <line num="16" count="1" type="stmt"/>
      <line num="17" count="1" type="stmt"/>
      <line num="18" count="1" type="stmt"/>
      <line num="19" count="1" type="stmt"/>
      <line num="20" count="1" type="stmt"/>
      <line num="21" count="1" type="stmt"/>
      <line num="22" count="1" type="stmt"/>
      <line num="23" count="1" type="stmt"/>
      <line num="24" count="1" type="stmt"/>
      <line num="25" count="1" type="stmt"/>
      <line num="26" count="1" type="stmt"/>
      <line num="27" count="1" type="stmt"/>
      <line num="28" count="1" type="stmt"/>
      <line num="29" count="1" type="stmt"/>
      <line num="30" count="1" type="stmt"/>
      <line num="31" count="1" type="stmt"/>
      <line num="32" count="1" type="stmt"/>
      <line num="33" count="1" type="stmt"/>
      <line num="34" count="1" type="stmt"/>
      <line num="35" count="1" type="stmt"/>
      <line num="36" count="1" type="stmt"/>
      <line num="37" count="1" type="stmt"/>
      <line num="38" count="1" type="stmt"/>
      <line num="39" count="1" type="stmt"/>
      <line num="40" count="1" type="stmt"/>
      <line num="41" count="1" type="stmt"/>
      <line num="42" count="1" type="stmt"/>
      <line num="43" count="1" type="stmt"/>
      <line num="44" count="1" type="stmt"/>
      <line num="45" count="1" type="stmt"/>
      <line num="46" count="1" type="stmt"/>
      <line num="47" count="1" type="stmt"/>
      <line num="48" count="1" type="stmt"/>
      <line num="49" count="1" type="stmt"/>
      <line num="50" count="1" type="stmt"/>
      <line num="51" count="1" type="stmt"/>
      <line num="52" count="1" type="stmt"/>
      <line num="53" count="1" type="stmt"/>
      <line num="54" count="1" type="stmt"/>
      <line num="55" count="1" type="stmt"/>
      <line num="56" count="1" type="stmt"/>
      <line num="57" count="1" type="stmt"/>
      <line num="58" count="1" type="stmt"/>
      <line num="59" count="1" type="stmt"/>
      <line num="60" count="1" type="cond" truecount="1" falsecount="0"/>
      <line num="61" count="40" type="stmt"/>
      <line num="62" count="40" type="stmt"/>
      <line num="63" count="40" type="stmt"/>
      <line num="64" count="40" type="stmt"/>
      <line num="65" count="40" type="stmt"/>
      <line num="66" count="40" type="stmt"/>
      <line num="67" count="40" type="stmt"/>
      <line num="68" count="40" type="stmt"/>
      <line num="69" count="40" type="stmt"/>
      <line num="70" count="40" type="stmt"/>
      <line num="71" count="40" type="stmt"/>
      <line num="72" count="40" type="cond" truecount="1" falsecount="0"/>
      <line num="73" count="1" type="stmt"/>
      <line num="74" count="1" type="stmt"/>
      <line num="75" count="1" type="stmt"/>
      <line num="76" count="1" type="cond" truecount="1" falsecount="0"/>
      <line num="77" count="39" type="stmt"/>
      <line num="78" count="39" type="stmt"/>
      <line num="79" count="39" type="stmt"/>
      <line num="80" count="39" type="stmt"/>
      <line num="81" count="40" type="cond" truecount="1" falsecount="0"/>
      <line num="82" count="1" type="stmt"/>
      <line num="83" count="1" type="stmt"/>
      <line num="84" count="1" type="stmt"/>
      <line num="85" count="1" type="stmt"/>
      <line num="86" count="1" type="cond" truecount="1" falsecount="0"/>
      <line num="87" count="38" type="stmt"/>
      <line num="88" count="38" type="stmt"/>
      <line num="89" count="40" type="cond" truecount="1" falsecount="0"/>
      <line num="90" count="25" type="stmt"/>
      <line num="91" count="40" type="cond" truecount="2" falsecount="0"/>
      <line num="92" count="12" type="stmt"/>
      <line num="93" count="13" type="cond" truecount="1" falsecount="0"/>
      <line num="94" count="1" type="stmt"/>
      <line num="95" count="1" type="stmt"/>
      <line num="96" count="1" type="stmt"/>
      <line num="97" count="1" type="cond" truecount="1" falsecount="0"/>
      <line num="98" count="37" type="stmt"/>
      <line num="99" count="37" type="stmt"/>
      <line num="100" count="37" type="stmt"/>
      <line num="101" count="37" type="stmt"/>
      <line num="102" count="37" type="stmt"/>
      <line num="103" count="37" type="stmt"/>
      <line num="104" count="40" type="stmt"/>
      <line num="105" count="1" type="stmt"/>
      <line num="106" count="1" type="stmt"/>
      <line num="107" count="1" type="stmt"/>
      <line num="108" count="1" type="cond" truecount="1" falsecount="0"/>
      <line num="109" count="25" type="stmt"/>
      <line num="110" count="25" type="cond" truecount="1" falsecount="0"/>
      <line num="111" count="3" type="stmt"/>
      <line num="112" count="3" type="stmt"/>
      <line num="113" count="25" type="stmt"/>
      <line num="114" count="25" type="stmt"/>
      <line num="115" count="25" type="stmt"/>
      <line num="116" count="25" type="stmt"/>
      <line num="117" count="25" type="stmt"/>
      <line num="118" count="25" type="stmt"/>
      <line num="119" count="25" type="stmt"/>
      <line num="120" count="25" type="stmt"/>
      <line num="121" count="25" type="stmt"/>
      <line num="122" count="25" type="stmt"/>
      <line num="123" count="25" type="stmt"/>
      <line num="124" count="25" type="stmt"/>
      <line num="125" count="25" type="stmt"/>
      <line num="126" count="25" type="stmt"/>
      <line num="127" count="25" type="stmt"/>
      <line num="128" count="25" type="stmt"/>
      <line num="129" count="25" type="stmt"/>
      <line num="130" count="25" type="cond" truecount="1" falsecount="0"/>
      <line num="131" count="125" type="stmt"/>
      <line num="132" count="125" type="stmt"/>
      <line num="133" count="25" type="stmt"/>
      <line num="134" count="25" type="stmt"/>
      <line num="135" count="25" type="stmt"/>
      <line num="136" count="25" type="stmt"/>
      <line num="137" count="25" type="stmt"/>
      <line num="138" count="25" type="stmt"/>
      <line num="139" count="25" type="stmt"/>
      <line num="140" count="25" type="cond" truecount="1" falsecount="0"/>
      <line num="141" count="3" type="stmt"/>
      <line num="142" count="3" type="stmt"/>
      <line num="143" count="25" type="stmt"/>
      <line num="144" count="1" type="stmt"/>
      <line num="145" count="1" type="cond" truecount="1" falsecount="0"/>
      <line num="146" count="12" type="stmt"/>
      <line num="147" count="12" type="stmt"/>
      <line num="148" count="12" type="stmt"/>
      <line num="149" count="12" type="stmt"/>
      <line num="150" count="12" type="stmt"/>
      <line num="151" count="12" type="stmt"/>
      <line num="152" count="12" type="stmt"/>
      <line num="153" count="12" type="cond" truecount="1" falsecount="0"/>
      <line num="154" count="36" type="stmt"/>
      <line num="155" count="36" type="stmt"/>
      <line num="156" count="36" type="stmt"/>
      <line num="157" count="36" type="stmt"/>
      <line num="158" count="36" type="stmt"/>
      <line num="159" count="12" type="stmt"/>
      <line num="160" count="12" type="stmt"/>
      <line num="161" count="12" type="stmt"/>
      <line num="162" count="12" type="stmt"/>
      <line num="163" count="12" type="stmt"/>
      <line num="164" count="12" type="cond" truecount="1" falsecount="0"/>
      <line num="165" count="72" type="stmt"/>
      <line num="166" count="72" type="stmt"/>
      <line num="167" count="12" type="stmt"/>
      <line num="168" count="12" type="stmt"/>
      <line num="169" count="12" type="stmt"/>
      <line num="170" count="12" type="stmt"/>
      <line num="171" count="12" type="stmt"/>
      <line num="172" count="12" type="stmt"/>
      <line num="173" count="12" type="stmt"/>
      <line num="174" count="12" type="stmt"/>
      <line num="175" count="1" type="stmt"/>
      <line num="176" count="1" type="stmt"/>
      <line num="177" count="1" type="stmt"/>
      <line num="178" count="1" type="stmt"/>
      <line num="179" count="1" type="cond" truecount="1" falsecount="0"/>
      <line num="180" count="40" type="stmt"/>
      <line num="181" count="40" type="cond" truecount="2" falsecount="0"/>
      <line num="182" count="28" type="stmt"/>
      <line num="183" count="28" type="stmt"/>
      <line num="184" count="40" type="cond" truecount="1" falsecount="0"/>
      <line num="185" count="12" type="stmt"/>
      <line num="186" count="12" type="stmt"/>
      <line num="187" count="12" type="stmt"/>
      <line num="188" count="40" type="stmt"/>
      <line num="189" count="1" type="stmt"/>
      <line num="190" count="1" type="stmt"/>
      <line num="191" count="1" type="cond" truecount="1" falsecount="0"/>
      <line num="192" count="38" type="stmt"/>
      <line num="193" count="38" type="stmt"/>
      <line num="194" count="38" type="stmt"/>
      <line num="195" count="38" type="stmt"/>
      <line num="196" count="38" type="stmt"/>
      <line num="197" count="38" type="stmt"/>
      <line num="198" count="38" type="stmt"/>
      <line num="199" count="38" type="stmt"/>
      <line num="200" count="38" type="stmt"/>
      <line num="201" count="38" type="stmt"/>
      <line num="202" count="38" type="cond" truecount="1" falsecount="0"/>
      <line num="203" count="197" type="cond" truecount="1" falsecount="0"/>
      <line num="204" count="86" type="stmt"/>
      <line num="205" count="86" type="stmt"/>
      <line num="206" count="38" type="stmt"/>
      <line num="207" count="38" type="stmt"/>
      <line num="208" count="38" type="stmt"/>
      <line num="209" count="38" type="stmt"/>
      <line num="210" count="38" type="stmt"/>
      <line num="211" count="38" type="stmt"/>
      <line num="212" count="38" type="stmt"/>
      <line num="213" count="38" type="stmt"/>
      <line num="214" count="38" type="stmt"/>
      <line num="215" count="38" type="cond" truecount="1" falsecount="0"/>
      <line num="216" count="197" type="stmt"/>
      <line num="217" count="197" type="stmt"/>
      <line num="218" count="197" type="stmt"/>
      <line num="219" count="197" type="stmt"/>
      <line num="220" count="38" type="stmt"/>
      <line num="221" count="38" type="stmt"/>
      <line num="222" count="38" type="stmt"/>
      <line num="223" count="38" type="cond" truecount="1" falsecount="0"/>
      <line num="224" count="3" type="stmt"/>
      <line num="225" count="3" type="stmt"/>
      <line num="226" count="38" type="stmt"/>
      <line num="227" count="1" type="stmt"/>
      <line num="228" count="1" type="stmt"/>
      <line num="229" count="1" type="stmt"/>
      <line num="230" count="1" type="cond" truecount="1" falsecount="0"/>
      <line num="231" count="37" type="stmt"/>
      <line num="232" count="37" type="stmt"/>
      <line num="233" count="37" type="stmt"/>
      <line num="234" count="37" type="stmt"/>
      <line num="235" count="37" type="stmt"/>
      <line num="236" count="37" type="stmt"/>
      <line num="237" count="37" type="stmt"/>
      <line num="238" count="37" type="stmt"/>
      <line num="239" count="1" type="stmt"/>
      <line num="240" count="1" type="cond" truecount="1" falsecount="0"/>
      <line num="241" count="3" type="stmt"/>
      <line num="242" count="3" type="cond" truecount="1" falsecount="0"/>
      <line num="243" count="3" type="stmt"/>
      <line num="244" count="3" type="stmt"/>
      <line num="245" count="3" type="stmt"/>
      <line num="246" count="3" type="stmt"/>
      <line num="247" count="3" type="stmt"/>
      <line num="248" count="3" type="stmt"/>
      <line num="249" count="3" type="stmt"/>
      <line num="250" count="3" type="stmt"/>
      <line num="251" count="3" type="stmt"/>
      <line num="252" count="3" type="stmt"/>
      <line num="253" count="3" type="stmt"/>
      <line num="254" count="3" type="stmt"/>
      <line num="255" count="3" type="cond" truecount="1" falsecount="0"/>
      <line num="256" count="2" type="stmt"/>
      <line num="257" count="2" type="stmt"/>
      <line num="258" count="3" type="stmt"/>
      <line num="259" count="1" type="stmt"/>
      <line num="260" count="1" type="stmt"/>
      <line num="261" count="1" type="cond" truecount="1" falsecount="0"/>
      <line num="262" count="45" type="cond" truecount="1" falsecount="0"/>
      <line num="263" count="30" type="stmt"/>
      <line num="264" count="45" type="cond" truecount="1" falsecount="0"/>
      <line num="265" count="15" type="stmt"/>
      <line num="266" count="15" type="stmt"/>
      <line num="267" count="45" type="stmt"/>
      <line num="268" count="1" type="stmt"/>
      <line num="269" count="1" type="stmt"/>
      <line num="270" count="1" type="cond" truecount="1" falsecount="0"/>
      <line num="271" count="68" type="cond" truecount="1" falsecount="0"/>
      <line num="272" count="46" type="stmt"/>
      <line num="273" count="68" type="cond" truecount="1" falsecount="0"/>
      <line num="274" count="22" type="stmt"/>
      <line num="275" count="22" type="stmt"/>
      <line num="276" count="68" type="stmt"/>
      <line num="277" count="1" type="stmt"/>
      <line num="278" count="1" type="stmt"/>
      <line num="279" count="1" type="stmt"/>
      <line num="280" count="1" type="cond" truecount="1" falsecount="0"/>
      <line num="281" count="7" type="cond" truecount="1" falsecount="0"/>
      <line num="282" count="2" type="stmt"/>
      <line num="283" count="2" type="stmt"/>
      <line num="284" count="7" type="stmt"/>
      <line num="285" count="7" type="stmt"/>
      <line num="286" count="7" type="stmt"/>
      <line num="287" count="7" type="stmt"/>
      <line num="288" count="7" type="stmt"/>
      <line num="289" count="7" type="stmt"/>
      <line num="290" count="7" type="stmt"/>
      <line num="291" count="7" type="stmt"/>
      <line num="292" count="7" type="stmt"/>
      <line num="293" count="7" type="stmt"/>
      <line num="294" count="7" type="stmt"/>
      <line num="295" count="7" type="cond" truecount="1" falsecount="0"/>
      <line num="296" count="1" type="stmt"/>
      <line num="297" count="1" type="stmt"/>
      <line num="298" count="1" type="stmt"/>
      <line num="299" count="7" type="stmt"/>
      <line num="300" count="7" type="stmt"/>
      <line num="301" count="7" type="stmt"/>
      <line num="302" count="7" type="stmt"/>
      <line num="303" count="7" type="stmt"/>
      <line num="304" count="7" type="stmt"/>
      <line num="305" count="7" type="stmt"/>
      <line num="306" count="1" type="stmt"/>
      <line num="307" count="1" type="cond" truecount="1" falsecount="0"/>
      <line num="308" count="15" type="stmt"/>
      <line num="309" count="15" type="stmt"/>
      <line num="310" count="15" type="stmt"/>
      <line num="311" count="15" type="stmt"/>
      <line num="312" count="15" type="stmt"/>
      <line num="313" count="15" type="stmt"/>
      <line num="314" count="1" type="stmt"/>
      <line num="315" count="1" type="cond" truecount="1" falsecount="0"/>
      <line num="316" count="22" type="cond" truecount="1" falsecount="0"/>
      <line num="317" count="18" type="stmt"/>
      <line num="318" count="18" type="stmt"/>
      <line num="319" count="18" type="stmt"/>
      <line num="320" count="22" type="stmt"/>
      <line num="321" count="1" type="stmt"/>
      <line num="322" count="1" type="stmt"/>
      <line num="323" count="1" type="stmt"/>
      <line num="324" count="1" type="stmt"/>
      <line num="325" count="1" type="cond" truecount="1" falsecount="0"/>
      <line num="326" count="4" type="cond" truecount="2" falsecount="0"/>
      <line num="327" count="3" type="stmt"/>
      <line num="328" count="3" type="stmt"/>
      <line num="329" count="3" type="stmt"/>
      <line num="330" count="3" type="stmt"/>
      <line num="331" count="4" type="cond" truecount="1" falsecount="0"/>
      <line num="332" count="9" type="stmt"/>
      <line num="333" count="9" type="stmt"/>
      <line num="334" count="9" type="stmt"/>
      <line num="335" count="9" type="cond" truecount="1" falsecount="0"/>
      <line num="336" count="1" type="stmt"/>
      <line num="337" count="1" type="stmt"/>
      <line num="338" count="1" type="stmt"/>
      <line num="339" count="9" type="stmt"/>
      <line num="340" count="9" type="stmt"/>
      <line num="341" count="9" type="stmt"/>
      <line num="342" count="9" type="stmt"/>
      <line num="343" count="9" type="stmt"/>
      <line num="344" count="4" type="stmt"/>
      <line num="345" count="1" type="stmt"/>
      <line num="346" count="1" type="stmt"/>
      <line num="347" count="1" type="cond" truecount="1" falsecount="0"/>
      <line num="348" count="47" type="cond" truecount="1" falsecount="0"/>
      <line num="349" count="15" type="stmt"/>
      <line num="350" count="47" type="stmt"/>
      <line num="351" count="47" type="stmt"/>
      <line num="352" count="1" type="stmt"/>
      <line num="353" count="1" type="stmt"/>
      <line num="354" count="1" type="cond" truecount="1" falsecount="0"/>
      <line num="355" count="38" type="cond" truecount="2" falsecount="0"/>
      <line num="356" count="38" type="cond" truecount="3" falsecount="0"/>
      <line num="357" count="36" type="stmt"/>
      <line num="358" count="36" type="stmt"/>
      <line num="359" count="36" type="stmt"/>
      <line num="360" count="36" type="stmt"/>
      <line num="361" count="36" type="stmt"/>
      <line num="362" count="36" type="stmt"/>
      <line num="363" count="36" type="stmt"/>
      <line num="364" count="36" type="stmt"/>
      <line num="365" count="36" type="cond" truecount="1" falsecount="0"/>
      <line num="366" count="11" type="cond" truecount="1" falsecount="0"/>
      <line num="367" count="25" type="stmt"/>
      <line num="368" count="38" type="stmt"/>
      <line num="369" count="38" type="stmt"/>
      <line num="370" count="38" type="stmt"/>
      <line num="371" count="38" type="stmt"/>
      <line num="372" count="38" type="cond" truecount="1" falsecount="0"/>
      <line num="373" count="11" type="cond" truecount="1" falsecount="0"/>
      <line num="374" count="11" type="stmt"/>
      <line num="375" count="11" type="stmt"/>
      <line num="376" count="11" type="stmt"/>
      <line num="377" count="11" type="stmt"/>
      <line num="378" count="11" type="stmt"/>
      <line num="379" count="11" type="stmt"/>
      <line num="380" count="11" type="stmt"/>
      <line num="381" count="11" type="cond" truecount="1" falsecount="0"/>
      <line num="382" count="1" type="stmt"/>
      <line num="383" count="1" type="stmt"/>
      <line num="384" count="11" type="cond" truecount="2" falsecount="0"/>
      <line num="385" count="1" type="stmt"/>
      <line num="386" count="1" type="stmt"/>
      <line num="387" count="1" type="stmt"/>
      <line num="388" count="11" type="stmt"/>
      <line num="389" count="11" type="stmt"/>
      <line num="390" count="11" type="stmt"/>
      <line num="391" count="11" type="stmt"/>
      <line num="392" count="11" type="stmt"/>
      <line num="393" count="38" type="cond" truecount="1" falsecount="0"/>
      <line num="394" count="25" type="stmt"/>
      <line num="395" count="25" type="stmt"/>
      <line num="396" count="25" type="stmt"/>
      <line num="397" count="25" type="stmt"/>
      <line num="398" count="25" type="stmt"/>
      <line num="399" count="38" type="stmt"/>
      <line num="400" count="1" type="stmt"/>
      <line num="401" count="1" type="stmt"/>
      <line num="402" count="1" type="cond" truecount="1" falsecount="0"/>
      <line num="403" count="8" type="stmt"/>
      <line num="404" count="8" type="stmt"/>
      <line num="405" count="8" type="stmt"/>
      <line num="406" count="8" type="stmt"/>
      <line num="407" count="8" type="stmt"/>
      <line num="408" count="8" type="stmt"/>
      <line num="409" count="8" type="stmt"/>
      <line num="410" count="8" type="stmt"/>
      <line num="411" count="8" type="stmt"/>
      <line num="412" count="8" type="cond" truecount="1" falsecount="0"/>
      <line num="413" count="1" type="stmt"/>
      <line num="414" count="8" type="stmt"/>
      <line num="415" count="8" type="stmt"/>
      <line num="416" count="8" type="stmt"/>
      <line num="417" count="8" type="stmt"/>
      <line num="418" count="8" type="stmt"/>
      <line num="419" count="1" type="stmt"/>
      <line num="420" count="1" type="stmt"/>
      <line num="421" count="1" type="cond" truecount="1" falsecount="0"/>
      <line num="422" count="4" type="cond" truecount="2" falsecount="0"/>
      <line num="423" count="3" type="stmt"/>
      <line num="424" count="3" type="stmt"/>
      <line num="425" count="3" type="stmt"/>
      <line num="426" count="4" type="cond" truecount="1" falsecount="0"/>
      <line num="427" count="1" type="stmt"/>
      <line num="428" count="1" type="cond" truecount="1" falsecount="0"/>
      <line num="429" count="3" type="stmt"/>
      <line num="430" count="4" type="stmt"/>
      <line num="431" count="1" type="stmt"/>
      <line num="432" count="1" type="stmt"/>
      <line num="433" count="1" type="cond" truecount="1" falsecount="0"/>
      <line num="434" count="3" type="cond" truecount="3" falsecount="0"/>
      <line num="435" count="1" type="stmt"/>
      <line num="436" count="1" type="stmt"/>
      <line num="437" count="1" type="stmt"/>
      <line num="438" count="1" type="stmt"/>
      <line num="439" count="1" type="stmt"/>
      <line num="440" count="1" type="stmt"/>
      <line num="441" count="1" type="stmt"/>
      <line num="442" count="3" type="stmt"/>
      <line num="443" count="1" type="stmt"/>
      <line num="444" count="1" type="cond" truecount="1" falsecount="0"/>
      <line num="445" count="33" type="cond" truecount="3" falsecount="0"/>
      <line num="446" count="31" type="stmt"/>
      <line num="447" count="31" type="cond" truecount="1" falsecount="0"/>
      <line num="448" count="2" type="stmt"/>
      <line num="449" count="2" type="stmt"/>
      <line num="450" count="2" type="stmt"/>
      <line num="451" count="31" type="stmt"/>
      <line num="452" count="33" type="stmt"/>
      <line num="453" count="1" type="stmt"/>
      <line num="454" count="1" type="cond" truecount="1" falsecount="0"/>
      <line num="455" count="47" type="cond" truecount="1" falsecount="0"/>
      <line num="456" count="31" type="stmt"/>
      <line num="457" count="31" type="stmt"/>
      <line num="458" count="31" type="stmt"/>
      <line num="459" count="47" type="stmt"/>
      <line num="460" count="1" type="stmt"/>
      <line num="461" count="1" type="stmt"/>
      <line num="462" count="1" type="stmt"/>
    </file>
    <file name="convert-chinese-text.ts" path="E:\vsc-workspace\lania-zip\lania-tools\packages\tools\src\convert-chinese-text.ts">
      <metrics statements="220" coveredstatements="220" conditionals="52" coveredconditionals="50" methods="13" coveredmethods="13"/>
      <line num="1" count="1" type="stmt"/>
      <line num="2" count="1" type="stmt"/>
      <line num="3" count="1" type="stmt"/>
      <line num="4" count="1" type="stmt"/>
      <line num="5" count="1" type="stmt"/>
      <line num="6" count="1" type="stmt"/>
      <line num="7" count="1" type="stmt"/>
      <line num="8" count="1" type="stmt"/>
      <line num="9" count="1" type="stmt"/>
      <line num="10" count="1" type="stmt"/>
      <line num="11" count="1" type="stmt"/>
      <line num="12" count="1" type="stmt"/>
      <line num="13" count="1" type="stmt"/>
      <line num="14" count="1" type="stmt"/>
      <line num="15" count="1" type="stmt"/>
      <line num="16" count="1" type="stmt"/>
      <line num="17" count="1" type="stmt"/>
      <line num="18" count="1" type="stmt"/>
      <line num="19" count="17" type="cond" truecount="1" falsecount="0"/>
      <line num="20" count="17" type="stmt"/>
      <line num="21" count="1" type="stmt"/>
      <line num="22" count="1" type="stmt"/>
      <line num="23" count="1" type="cond" truecount="1" falsecount="0"/>
      <line num="24" count="23" type="stmt"/>
      <line num="25" count="23" type="stmt"/>
      <line num="26" count="1" type="stmt"/>
      <line num="27" count="1" type="stmt"/>
      <line num="28" count="1" type="cond" truecount="1" falsecount="0"/>
      <line num="29" count="21" type="stmt"/>
      <line num="30" count="21" type="stmt"/>
      <line num="31" count="21" type="stmt"/>
      <line num="32" count="1" type="stmt"/>
      <line num="33" count="1" type="stmt"/>
      <line num="34" count="1" type="cond" truecount="1" falsecount="0"/>
      <line num="35" count="44" type="stmt"/>
      <line num="36" count="44" type="stmt"/>
      <line num="37" count="1" type="stmt"/>
      <line num="38" count="1" type="stmt"/>
      <line num="39" count="1" type="stmt"/>
      <line num="40" count="1" type="stmt"/>
      <line num="41" count="1" type="stmt"/>
      <line num="42" count="1" type="stmt"/>
      <line num="43" count="1" type="stmt"/>
      <line num="44" count="1" type="stmt"/>
      <line num="45" count="1" type="stmt"/>
      <line num="46" count="1" type="stmt"/>
      <line num="47" count="1" type="stmt"/>
      <line num="48" count="1" type="stmt"/>
      <line num="49" count="1" type="cond" truecount="1" falsecount="0"/>
      <line num="50" count="35" type="stmt"/>
      <line num="51" count="35" type="stmt"/>
      <line num="52" count="35" type="stmt"/>
      <line num="53" count="35" type="stmt"/>
      <line num="54" count="35" type="cond" truecount="1" falsecount="0"/>
      <line num="55" count="35" type="stmt"/>
      <line num="56" count="35" type="cond" truecount="1" falsecount="0"/>
      <line num="57" count="550" type="cond" truecount="4" falsecount="0"/>
      <line num="58" count="545" type="stmt"/>
      <line num="59" count="545" type="stmt"/>
      <line num="60" count="550" type="cond" truecount="1" falsecount="0"/>
      <line num="61" count="27" type="stmt"/>
      <line num="62" count="27" type="stmt"/>
      <line num="63" count="27" type="stmt"/>
      <line num="64" count="27" type="cond" truecount="0" falsecount="1"/>
      <line num="65" count="27" type="stmt"/>
      <line num="66" count="27" type="cond" truecount="1" falsecount="0"/>
      <line num="67" count="545" type="stmt"/>
      <line num="68" count="545" type="stmt"/>
      <line num="69" count="550" type="cond" truecount="2" falsecount="0"/>
      <line num="70" count="3" type="stmt"/>
      <line num="71" count="3" type="stmt"/>
      <line num="72" count="3" type="stmt"/>
      <line num="73" count="3" type="stmt"/>
      <line num="74" count="3" type="stmt"/>
      <line num="75" count="3" type="stmt"/>
      <line num="76" count="3" type="cond" truecount="1" falsecount="0"/>
      <line num="77" count="542" type="stmt"/>
      <line num="78" count="542" type="stmt"/>
      <line num="79" count="542" type="cond" truecount="2" falsecount="0"/>
      <line num="80" count="542" type="stmt"/>
      <line num="81" count="542" type="stmt"/>
      <line num="82" count="550" type="cond" truecount="1" falsecount="0"/>
      <line num="83" count="538" type="stmt"/>
      <line num="84" count="538" type="stmt"/>
      <line num="85" count="538" type="stmt"/>
      <line num="86" count="538" type="stmt"/>
      <line num="87" count="538" type="cond" truecount="1" falsecount="0"/>
      <line num="88" count="5" type="stmt"/>
      <line num="89" count="5" type="stmt"/>
      <line num="90" count="5" type="stmt"/>
      <line num="91" count="5" type="stmt"/>
      <line num="92" count="538" type="cond" truecount="1" falsecount="0"/>
      <line num="93" count="542" type="stmt"/>
      <line num="94" count="542" type="stmt"/>
      <line num="95" count="550" type="stmt"/>
      <line num="96" count="35" type="stmt"/>
      <line num="97" count="1" type="stmt"/>
      <line num="98" count="1" type="stmt"/>
      <line num="99" count="1" type="stmt"/>
      <line num="100" count="1" type="stmt"/>
      <line num="101" count="1" type="stmt"/>
      <line num="102" count="1" type="stmt"/>
      <line num="103" count="1" type="stmt"/>
      <line num="104" count="1" type="stmt"/>
      <line num="105" count="1" type="stmt"/>
      <line num="106" count="1" type="cond" truecount="1" falsecount="0"/>
      <line num="107" count="18" type="stmt"/>
      <line num="108" count="18" type="stmt"/>
      <line num="109" count="18" type="stmt"/>
      <line num="110" count="18" type="stmt"/>
      <line num="111" count="18" type="stmt"/>
      <line num="112" count="18" type="stmt"/>
      <line num="113" count="18" type="stmt"/>
      <line num="114" count="18" type="stmt"/>
      <line num="115" count="18" type="stmt"/>
      <line num="116" count="18" type="stmt"/>
      <line num="117" count="18" type="stmt"/>
      <line num="118" count="18" type="stmt"/>
      <line num="119" count="18" type="cond" truecount="3" falsecount="0"/>
      <line num="120" count="17" type="stmt"/>
      <line num="121" count="17" type="stmt"/>
      <line num="122" count="17" type="stmt"/>
      <line num="123" count="17" type="stmt"/>
      <line num="124" count="17" type="stmt"/>
      <line num="125" count="17" type="cond" truecount="1" falsecount="0"/>
      <line num="126" count="26" type="stmt"/>
      <line num="127" count="26" type="cond" truecount="1" falsecount="0"/>
      <line num="128" count="17" type="stmt"/>
      <line num="129" count="17" type="stmt"/>
      <line num="130" count="17" type="cond" truecount="1" falsecount="0"/>
      <line num="131" count="18" type="stmt"/>
      <line num="132" count="18" type="stmt"/>
      <line num="133" count="18" type="stmt"/>
      <line num="134" count="18" type="cond" truecount="1" falsecount="0"/>
      <line num="135" count="25" type="cond" truecount="1" falsecount="0"/>
      <line num="136" count="1" type="cond" truecount="1" falsecount="0"/>
      <line num="137" count="24" type="stmt"/>
      <line num="138" count="18" type="stmt"/>
      <line num="139" count="18" type="stmt"/>
      <line num="140" count="18" type="cond" truecount="1" falsecount="0"/>
      <line num="141" count="24" type="stmt"/>
      <line num="142" count="24" type="cond" truecount="1" falsecount="0"/>
      <line num="143" count="23" type="stmt"/>
      <line num="144" count="23" type="stmt"/>
      <line num="145" count="24" type="stmt"/>
      <line num="146" count="18" type="stmt"/>
      <line num="147" count="18" type="stmt"/>
      <line num="148" count="17" type="stmt"/>
      <line num="149" count="17" type="stmt"/>
      <line num="150" count="17" type="stmt"/>
      <line num="151" count="17" type="cond" truecount="1" falsecount="0"/>
      <line num="152" count="17" type="stmt"/>
      <line num="153" count="17" type="stmt"/>
      <line num="154" count="17" type="stmt"/>
      <line num="155" count="17" type="cond" truecount="1" falsecount="0"/>
      <line num="156" count="15" type="cond" truecount="1" falsecount="0"/>
      <line num="157" count="3" type="stmt"/>
      <line num="158" count="18" type="stmt"/>
      <line num="159" count="18" type="stmt"/>
      <line num="160" count="18" type="cond" truecount="1" falsecount="0"/>
      <line num="161" count="22" type="stmt"/>
      <line num="162" count="22" type="cond" truecount="1" falsecount="0"/>
      <line num="163" count="21" type="stmt"/>
      <line num="164" count="21" type="stmt"/>
      <line num="165" count="21" type="cond" truecount="2" falsecount="0"/>
      <line num="166" count="20" type="stmt"/>
      <line num="167" count="21" type="cond" truecount="0" falsecount="1"/>
      <line num="168" count="21" type="stmt"/>
      <line num="169" count="21" type="stmt"/>
      <line num="170" count="21" type="cond" truecount="1" falsecount="0"/>
      <line num="171" count="19" type="stmt"/>
      <line num="172" count="19" type="stmt"/>
      <line num="173" count="21" type="stmt"/>
      <line num="174" count="22" type="stmt"/>
      <line num="175" count="22" type="cond" truecount="1" falsecount="0"/>
      <line num="176" count="6" type="stmt"/>
      <line num="177" count="6" type="stmt"/>
      <line num="178" count="22" type="stmt"/>
      <line num="179" count="18" type="stmt"/>
      <line num="180" count="18" type="stmt"/>
      <line num="181" count="18" type="stmt"/>
      <line num="182" count="18" type="stmt"/>
      <line num="183" count="18" type="cond" truecount="1" falsecount="0"/>
      <line num="184" count="2" type="stmt"/>
      <line num="185" count="2" type="stmt"/>
      <line num="186" count="2" type="stmt"/>
      <line num="187" count="2" type="stmt"/>
      <line num="188" count="2" type="stmt"/>
      <line num="189" count="2" type="cond" truecount="1" falsecount="0"/>
      <line num="190" count="1" type="stmt"/>
      <line num="191" count="1" type="stmt"/>
      <line num="192" count="1" type="stmt"/>
      <line num="193" count="1" type="stmt"/>
      <line num="194" count="1" type="stmt"/>
      <line num="195" count="1" type="stmt"/>
      <line num="196" count="1" type="stmt"/>
      <line num="197" count="1" type="stmt"/>
      <line num="198" count="1" type="stmt"/>
      <line num="199" count="1" type="stmt"/>
      <line num="200" count="1" type="stmt"/>
      <line num="201" count="1" type="cond" truecount="1" falsecount="0"/>
      <line num="202" count="1" type="stmt"/>
      <line num="203" count="1" type="stmt"/>
      <line num="204" count="1" type="cond" truecount="1" falsecount="0"/>
      <line num="205" count="1" type="cond" truecount="1" falsecount="0"/>
      <line num="206" count="1" type="stmt"/>
      <line num="207" count="1" type="stmt"/>
      <line num="208" count="1" type="stmt"/>
      <line num="209" count="1" type="stmt"/>
      <line num="210" count="1" type="stmt"/>
      <line num="211" count="1" type="stmt"/>
      <line num="212" count="1" type="stmt"/>
      <line num="213" count="2" type="stmt"/>
      <line num="214" count="2" type="stmt"/>
      <line num="215" count="2" type="stmt"/>
      <line num="216" count="2" type="cond" truecount="1" falsecount="0"/>
      <line num="217" count="17" type="stmt"/>
      <line num="218" count="17" type="stmt"/>
      <line num="219" count="17" type="cond" truecount="2" falsecount="0"/>
      <line num="220" count="17" type="stmt"/>
    </file>
    <file name="draggable.ts" path="E:\vsc-workspace\lania-zip\lania-tools\packages\tools\src\draggable.ts">
      <metrics statements="381" coveredstatements="370" conditionals="73" coveredconditionals="71" methods="18" coveredmethods="18"/>
      <line num="1" count="1" type="stmt"/>
      <line num="2" count="1" type="stmt"/>
      <line num="3" count="1" type="stmt"/>
      <line num="4" count="1" type="stmt"/>
      <line num="5" count="1" type="stmt"/>
      <line num="6" count="1" type="stmt"/>
      <line num="7" count="1" type="stmt"/>
      <line num="8" count="1" type="stmt"/>
      <line num="9" count="1" type="stmt"/>
      <line num="10" count="1" type="stmt"/>
      <line num="11" count="1" type="stmt"/>
      <line num="12" count="1" type="stmt"/>
      <line num="13" count="1" type="stmt"/>
      <line num="14" count="1" type="stmt"/>
      <line num="15" count="1" type="stmt"/>
      <line num="16" count="1" type="stmt"/>
      <line num="17" count="1" type="stmt"/>
      <line num="18" count="1" type="stmt"/>
      <line num="19" count="1" type="stmt"/>
      <line num="20" count="1" type="stmt"/>
      <line num="21" count="1" type="stmt"/>
      <line num="22" count="1" type="stmt"/>
      <line num="23" count="1" type="stmt"/>
      <line num="24" count="1" type="stmt"/>
      <line num="25" count="1" type="stmt"/>
      <line num="26" count="1" type="stmt"/>
      <line num="27" count="1" type="stmt"/>
      <line num="28" count="1" type="stmt"/>
      <line num="29" count="1" type="stmt"/>
      <line num="30" count="1" type="stmt"/>
      <line num="31" count="1" type="stmt"/>
      <line num="32" count="1" type="stmt"/>
      <line num="33" count="1" type="stmt"/>
      <line num="34" count="1" type="stmt"/>
      <line num="35" count="1" type="stmt"/>
      <line num="36" count="1" type="stmt"/>
      <line num="37" count="1" type="stmt"/>
      <line num="38" count="1" type="stmt"/>
      <line num="39" count="1" type="stmt"/>
      <line num="40" count="1" type="stmt"/>
      <line num="41" count="1" type="stmt"/>
      <line num="42" count="1" type="stmt"/>
      <line num="43" count="1" type="stmt"/>
      <line num="44" count="1" type="stmt"/>
      <line num="45" count="1" type="stmt"/>
      <line num="46" count="1" type="stmt"/>
      <line num="47" count="1" type="stmt"/>
      <line num="48" count="1" type="stmt"/>
      <line num="49" count="1" type="stmt"/>
      <line num="50" count="1" type="stmt"/>
      <line num="51" count="1" type="stmt"/>
      <line num="52" count="1" type="stmt"/>
      <line num="53" count="1" type="stmt"/>
      <line num="54" count="1" type="stmt"/>
      <line num="55" count="1" type="stmt"/>
      <line num="56" count="1" type="stmt"/>
      <line num="57" count="1" type="stmt"/>
      <line num="58" count="1" type="stmt"/>
      <line num="59" count="1" type="stmt"/>
      <line num="60" count="1" type="stmt"/>
      <line num="61" count="1" type="stmt"/>
      <line num="62" count="1" type="stmt"/>
      <line num="63" count="1" type="stmt"/>
      <line num="64" count="1" type="stmt"/>
      <line num="65" count="1" type="stmt"/>
      <line num="66" count="1" type="stmt"/>
      <line num="67" count="1" type="stmt"/>
      <line num="68" count="1" type="stmt"/>
      <line num="69" count="1" type="stmt"/>
      <line num="70" count="1" type="stmt"/>
      <line num="71" count="1" type="stmt"/>
      <line num="72" count="1" type="stmt"/>
      <line num="73" count="1" type="stmt"/>
      <line num="74" count="1" type="stmt"/>
      <line num="75" count="1" type="stmt"/>
      <line num="76" count="1" type="stmt"/>
      <line num="77" count="1" type="stmt"/>
      <line num="78" count="1" type="stmt"/>
      <line num="79" count="1" type="stmt"/>
      <line num="80" count="1" type="stmt"/>
      <line num="81" count="1" type="stmt"/>
      <line num="82" count="1" type="stmt"/>
      <line num="83" count="1" type="stmt"/>
      <line num="84" count="1" type="stmt"/>
      <line num="85" count="1" type="stmt"/>
      <line num="86" count="1" type="stmt"/>
      <line num="87" count="1" type="stmt"/>
      <line num="88" count="1" type="stmt"/>
      <line num="89" count="1" type="stmt"/>
      <line num="90" count="1" type="stmt"/>
      <line num="91" count="1" type="stmt"/>
      <line num="92" count="1" type="stmt"/>
      <line num="93" count="1" type="stmt"/>
      <line num="94" count="1" type="stmt"/>
      <line num="95" count="1" type="stmt"/>
      <line num="96" count="1" type="stmt"/>
      <line num="97" count="1" type="stmt"/>
      <line num="98" count="1" type="stmt"/>
      <line num="99" count="1" type="stmt"/>
      <line num="100" count="1" type="stmt"/>
      <line num="101" count="1" type="stmt"/>
      <line num="102" count="1" type="stmt"/>
      <line num="103" count="1" type="stmt"/>
      <line num="104" count="1" type="stmt"/>
      <line num="105" count="1" type="cond" truecount="1" falsecount="0"/>
      <line num="106" count="33" type="stmt"/>
      <line num="107" count="33" type="cond" truecount="1" falsecount="0"/>
      <line num="108" count="33" type="stmt"/>
      <line num="109" count="33" type="stmt"/>
      <line num="110" count="33" type="stmt"/>
      <line num="111" count="33" type="stmt"/>
      <line num="112" count="33" type="cond" truecount="1" falsecount="0"/>
      <line num="113" count="33" type="cond" truecount="1" falsecount="0"/>
      <line num="114" count="33" type="cond" truecount="1" falsecount="0"/>
      <line num="115" count="33" type="cond" truecount="1" falsecount="0"/>
      <line num="116" count="33" type="cond" truecount="1" falsecount="0"/>
      <line num="117" count="33" type="cond" truecount="1" falsecount="0"/>
      <line num="118" count="33" type="stmt"/>
      <line num="119" count="33" type="stmt"/>
      <line num="120" count="33" type="cond" truecount="1" falsecount="0"/>
      <line num="121" count="1" type="stmt"/>
      <line num="122" count="33" type="cond" truecount="1" falsecount="0"/>
      <line num="123" count="32" type="stmt"/>
      <line num="124" count="32" type="stmt"/>
      <line num="125" count="32" type="stmt"/>
      <line num="126" count="33" type="stmt"/>
      <line num="127" count="33" type="stmt"/>
      <line num="128" count="33" type="stmt"/>
      <line num="129" count="33" type="stmt"/>
      <line num="130" count="33" type="stmt"/>
      <line num="131" count="33" type="stmt"/>
      <line num="132" count="33" type="cond" truecount="1" falsecount="0"/>
      <line num="133" count="2" type="stmt"/>
      <line num="134" count="2" type="stmt"/>
      <line num="135" count="33" type="stmt"/>
      <line num="136" count="1" type="stmt"/>
      <line num="137" count="1" type="stmt"/>
      <line num="138" count="1" type="stmt"/>
      <line num="139" count="1" type="stmt"/>
      <line num="140" count="1" type="cond" truecount="1" falsecount="0"/>
      <line num="141" count="26" type="stmt"/>
      <line num="142" count="26" type="stmt"/>
      <line num="143" count="26" type="stmt"/>
      <line num="144" count="26" type="stmt"/>
      <line num="145" count="26" type="cond" truecount="1" falsecount="0"/>
      <line num="146" count="7" type="stmt"/>
      <line num="147" count="7" type="stmt"/>
      <line num="148" count="7" type="stmt"/>
      <line num="149" count="7" type="stmt"/>
      <line num="150" count="26" type="stmt"/>
      <line num="151" count="1" type="stmt"/>
      <line num="152" count="1" type="stmt"/>
      <line num="153" count="1" type="stmt"/>
      <line num="154" count="1" type="stmt"/>
      <line num="155" count="1" type="cond" truecount="1" falsecount="0"/>
      <line num="156" count="3" type="stmt"/>
      <line num="157" count="3" type="stmt"/>
      <line num="158" count="3" type="stmt"/>
      <line num="159" count="3" type="stmt"/>
      <line num="160" count="3" type="cond" truecount="0" falsecount="1"/>
      <line num="161" count="0" type="stmt"/>
      <line num="162" count="0" type="stmt"/>
      <line num="163" count="0" type="stmt"/>
      <line num="164" count="0" type="stmt"/>
      <line num="165" count="0" type="stmt"/>
      <line num="166" count="0" type="stmt"/>
      <line num="167" count="0" type="stmt"/>
      <line num="168" count="0" type="stmt"/>
      <line num="169" count="3" type="stmt"/>
      <line num="170" count="3" type="cond" truecount="0" falsecount="1"/>
      <line num="171" count="0" type="stmt"/>
      <line num="172" count="0" type="stmt"/>
      <line num="173" count="0" type="stmt"/>
      <line num="174" count="3" type="stmt"/>
      <line num="175" count="1" type="stmt"/>
      <line num="176" count="1" type="stmt"/>
      <line num="177" count="1" type="cond" truecount="1" falsecount="0"/>
      <line num="178" count="20" type="stmt"/>
      <line num="179" count="20" type="stmt"/>
      <line num="180" count="20" type="stmt"/>
      <line num="181" count="1" type="stmt"/>
      <line num="182" count="1" type="stmt"/>
      <line num="183" count="1" type="cond" truecount="1" falsecount="0"/>
      <line num="184" count="8" type="stmt"/>
      <line num="185" count="8" type="stmt"/>
      <line num="186" count="8" type="stmt"/>
      <line num="187" count="1" type="stmt"/>
      <line num="188" count="1" type="stmt"/>
      <line num="189" count="1" type="cond" truecount="1" falsecount="0"/>
      <line num="190" count="16" type="stmt"/>
      <line num="191" count="16" type="cond" truecount="2" falsecount="0"/>
      <line num="192" count="15" type="stmt"/>
      <line num="193" count="16" type="cond" truecount="1" falsecount="0"/>
      <line num="194" count="16" type="stmt"/>
      <line num="195" count="1" type="stmt"/>
      <line num="196" count="1" type="stmt"/>
      <line num="197" count="1" type="cond" truecount="1" falsecount="0"/>
      <line num="198" count="232" type="stmt"/>
      <line num="199" count="232" type="stmt"/>
      <line num="200" count="1" type="stmt"/>
      <line num="201" count="1" type="stmt"/>
      <line num="202" count="1" type="cond" truecount="1" falsecount="0"/>
      <line num="203" count="4" type="stmt"/>
      <line num="204" count="4" type="stmt"/>
      <line num="205" count="1" type="stmt"/>
      <line num="206" count="1" type="stmt"/>
      <line num="207" count="1" type="cond" truecount="1" falsecount="0"/>
      <line num="208" count="5" type="stmt"/>
      <line num="209" count="5" type="stmt"/>
      <line num="210" count="5" type="stmt"/>
      <line num="211" count="5" type="cond" truecount="1" falsecount="0"/>
      <line num="212" count="5" type="stmt"/>
      <line num="213" count="1" type="stmt"/>
      <line num="214" count="1" type="stmt"/>
      <line num="215" count="1" type="cond" truecount="1" falsecount="0"/>
      <line num="216" count="17" type="cond" truecount="2" falsecount="0"/>
      <line num="217" count="7" type="stmt"/>
      <line num="218" count="7" type="stmt"/>
      <line num="219" count="7" type="stmt"/>
      <line num="220" count="17" type="stmt"/>
      <line num="221" count="1" type="stmt"/>
      <line num="222" count="1" type="stmt"/>
      <line num="223" count="1" type="cond" truecount="1" falsecount="0"/>
      <line num="224" count="10" type="cond" truecount="1" falsecount="0"/>
      <line num="225" count="5" type="stmt"/>
      <line num="226" count="10" type="stmt"/>
      <line num="227" count="1" type="stmt"/>
      <line num="228" count="1" type="stmt"/>
      <line num="229" count="1" type="cond" truecount="1" falsecount="0"/>
      <line num="230" count="20" type="stmt"/>
      <line num="231" count="20" type="stmt"/>
      <line num="232" count="20" type="stmt"/>
      <line num="233" count="20" type="stmt"/>
      <line num="234" count="20" type="stmt"/>
      <line num="235" count="20" type="stmt"/>
      <line num="236" count="20" type="stmt"/>
      <line num="237" count="20" type="stmt"/>
      <line num="238" count="20" type="stmt"/>
      <line num="239" count="20" type="stmt"/>
      <line num="240" count="20" type="stmt"/>
      <line num="241" count="20" type="stmt"/>
      <line num="242" count="20" type="cond" truecount="2" falsecount="0"/>
      <line num="243" count="2" type="stmt"/>
      <line num="244" count="2" type="stmt"/>
      <line num="245" count="2" type="stmt"/>
      <line num="246" count="2" type="stmt"/>
      <line num="247" count="20" type="stmt"/>
      <line num="248" count="20" type="stmt"/>
      <line num="249" count="20" type="stmt"/>
      <line num="250" count="20" type="stmt"/>
      <line num="251" count="20" type="stmt"/>
      <line num="252" count="1" type="stmt"/>
      <line num="253" count="1" type="stmt"/>
      <line num="254" count="1" type="cond" truecount="1" falsecount="0"/>
      <line num="255" count="239" type="cond" truecount="2" falsecount="0"/>
      <line num="256" count="145" type="stmt"/>
      <line num="257" count="239" type="cond" truecount="2" falsecount="0"/>
      <line num="258" count="145" type="stmt"/>
      <line num="259" count="145" type="cond" truecount="1" falsecount="0"/>
      <line num="260" count="145" type="stmt"/>
      <line num="261" count="145" type="stmt"/>
      <line num="262" count="145" type="stmt"/>
      <line num="263" count="145" type="stmt"/>
      <line num="264" count="145" type="stmt"/>
      <line num="265" count="145" type="stmt"/>
      <line num="266" count="145" type="stmt"/>
      <line num="267" count="145" type="stmt"/>
      <line num="268" count="145" type="stmt"/>
      <line num="269" count="145" type="stmt"/>
      <line num="270" count="145" type="stmt"/>
      <line num="271" count="145" type="stmt"/>
      <line num="272" count="145" type="stmt"/>
      <line num="273" count="145" type="stmt"/>
      <line num="274" count="145" type="stmt"/>
      <line num="275" count="145" type="cond" truecount="2" falsecount="0"/>
      <line num="276" count="49" type="stmt"/>
      <line num="277" count="49" type="stmt"/>
      <line num="278" count="49" type="stmt"/>
      <line num="279" count="145" type="stmt"/>
      <line num="280" count="145" type="stmt"/>
      <line num="281" count="145" type="stmt"/>
      <line num="282" count="145" type="stmt"/>
      <line num="283" count="145" type="stmt"/>
      <line num="284" count="145" type="cond" truecount="2" falsecount="0"/>
      <line num="285" count="52" type="stmt"/>
      <line num="286" count="52" type="cond" truecount="1" falsecount="0"/>
      <line num="287" count="32" type="cond" truecount="1" falsecount="0"/>
      <line num="288" count="32" type="stmt"/>
      <line num="289" count="32" type="stmt"/>
      <line num="290" count="145" type="cond" truecount="1" falsecount="0"/>
      <line num="291" count="93" type="stmt"/>
      <line num="292" count="93" type="stmt"/>
      <line num="293" count="93" type="stmt"/>
      <line num="294" count="145" type="stmt"/>
      <line num="295" count="145" type="stmt"/>
      <line num="296" count="145" type="cond" truecount="1" falsecount="0"/>
      <line num="297" count="145" type="stmt"/>
      <line num="298" count="239" type="stmt"/>
      <line num="299" count="1" type="stmt"/>
      <line num="300" count="1" type="stmt"/>
      <line num="301" count="1" type="cond" truecount="1" falsecount="0"/>
      <line num="302" count="9" type="cond" truecount="2" falsecount="0"/>
      <line num="303" count="8" type="stmt"/>
      <line num="304" count="8" type="stmt"/>
      <line num="305" count="9" type="cond" truecount="1" falsecount="0"/>
      <line num="306" count="9" type="stmt"/>
      <line num="307" count="9" type="stmt"/>
      <line num="308" count="9" type="stmt"/>
      <line num="309" count="9" type="stmt"/>
      <line num="310" count="9" type="stmt"/>
      <line num="311" count="9" type="cond" truecount="1" falsecount="0"/>
      <line num="312" count="6" type="stmt"/>
      <line num="313" count="6" type="stmt"/>
      <line num="314" count="6" type="stmt"/>
      <line num="315" count="9" type="stmt"/>
      <line num="316" count="1" type="stmt"/>
      <line num="317" count="1" type="stmt"/>
      <line num="318" count="1" type="cond" truecount="1" falsecount="0"/>
      <line num="319" count="179" type="stmt"/>
      <line num="320" count="179" type="stmt"/>
      <line num="321" count="179" type="stmt"/>
      <line num="322" count="179" type="stmt"/>
      <line num="323" count="179" type="stmt"/>
      <line num="324" count="179" type="stmt"/>
      <line num="325" count="179" type="stmt"/>
      <line num="326" count="1" type="stmt"/>
      <line num="327" count="1" type="stmt"/>
      <line num="328" count="1" type="cond" truecount="1" falsecount="0"/>
      <line num="329" count="290" type="stmt"/>
      <line num="330" count="290" type="stmt"/>
      <line num="331" count="290" type="cond" truecount="4" falsecount="0"/>
      <line num="332" count="290" type="cond" truecount="4" falsecount="0"/>
      <line num="333" count="290" type="stmt"/>
      <line num="334" count="290" type="stmt"/>
      <line num="335" count="290" type="cond" truecount="1" falsecount="0"/>
      <line num="336" count="42" type="cond" truecount="2" falsecount="0"/>
      <line num="337" count="42" type="cond" truecount="2" falsecount="0"/>
      <line num="338" count="42" type="stmt"/>
      <line num="339" count="42" type="stmt"/>
      <line num="340" count="42" type="stmt"/>
      <line num="341" count="42" type="stmt"/>
      <line num="342" count="42" type="stmt"/>
      <line num="343" count="42" type="stmt"/>
      <line num="344" count="42" type="stmt"/>
      <line num="345" count="42" type="stmt"/>
      <line num="346" count="42" type="stmt"/>
      <line num="347" count="42" type="stmt"/>
      <line num="348" count="42" type="stmt"/>
      <line num="349" count="42" type="cond" truecount="1" falsecount="0"/>
      <line num="350" count="32" type="stmt"/>
      <line num="351" count="32" type="stmt"/>
      <line num="352" count="42" type="stmt"/>
      <line num="353" count="290" type="stmt"/>
      <line num="354" count="290" type="stmt"/>
      <line num="355" count="290" type="stmt"/>
      <line num="356" count="290" type="stmt"/>
      <line num="357" count="1" type="stmt"/>
      <line num="358" count="1" type="stmt"/>
      <line num="359" count="1" type="cond" truecount="1" falsecount="0"/>
      <line num="360" count="98" type="stmt"/>
      <line num="361" count="98" type="stmt"/>
      <line num="362" count="98" type="stmt"/>
      <line num="363" count="98" type="stmt"/>
      <line num="364" count="98" type="cond" truecount="1" falsecount="0"/>
      <line num="365" count="78" type="stmt"/>
      <line num="366" count="78" type="cond" truecount="1" falsecount="0"/>
      <line num="367" count="20" type="stmt"/>
      <line num="368" count="20" type="stmt"/>
      <line num="369" count="20" type="stmt"/>
      <line num="370" count="98" type="stmt"/>
      <line num="371" count="1" type="stmt"/>
      <line num="372" count="1" type="stmt"/>
      <line num="373" count="1" type="cond" truecount="1" falsecount="0"/>
      <line num="374" count="2" type="stmt"/>
      <line num="375" count="2" type="stmt"/>
      <line num="376" count="2" type="stmt"/>
      <line num="377" count="2" type="stmt"/>
      <line num="378" count="2" type="stmt"/>
      <line num="379" count="1" type="stmt"/>
      <line num="380" count="1" type="stmt"/>
      <line num="381" count="1" type="stmt"/>
    </file>
    <file name="event-bus.ts" path="E:\vsc-workspace\lania-zip\lania-tools\packages\tools\src\event-bus.ts">
      <metrics statements="232" coveredstatements="232" conditionals="33" coveredconditionals="33" methods="12" coveredmethods="12"/>
      <line num="1" count="1" type="stmt"/>
      <line num="2" count="1" type="stmt"/>
      <line num="3" count="1" type="stmt"/>
      <line num="4" count="1" type="stmt"/>
      <line num="5" count="1" type="stmt"/>
      <line num="6" count="1" type="stmt"/>
      <line num="7" count="1" type="stmt"/>
      <line num="8" count="1" type="stmt"/>
      <line num="9" count="1" type="stmt"/>
      <line num="10" count="1" type="stmt"/>
      <line num="11" count="1" type="stmt"/>
      <line num="12" count="1" type="stmt"/>
      <line num="13" count="1" type="stmt"/>
      <line num="14" count="1" type="stmt"/>
      <line num="15" count="1" type="stmt"/>
      <line num="16" count="1" type="stmt"/>
      <line num="17" count="1" type="stmt"/>
      <line num="18" count="1" type="stmt"/>
      <line num="19" count="1" type="stmt"/>
      <line num="20" count="1" type="stmt"/>
      <line num="21" count="1" type="stmt"/>
      <line num="22" count="1" type="stmt"/>
      <line num="23" count="1" type="stmt"/>
      <line num="24" count="1" type="stmt"/>
      <line num="25" count="1" type="stmt"/>
      <line num="26" count="1" type="stmt"/>
      <line num="27" count="1" type="stmt"/>
      <line num="28" count="1" type="stmt"/>
      <line num="29" count="1" type="stmt"/>
      <line num="30" count="1" type="stmt"/>
      <line num="31" count="1" type="stmt"/>
      <line num="32" count="1" type="stmt"/>
      <line num="33" count="1" type="stmt"/>
      <line num="34" count="1" type="stmt"/>
      <line num="35" count="1" type="stmt"/>
      <line num="36" count="1" type="stmt"/>
      <line num="37" count="1" type="stmt"/>
      <line num="38" count="1" type="stmt"/>
      <line num="39" count="1" type="stmt"/>
      <line num="40" count="1" type="stmt"/>
      <line num="41" count="1" type="stmt"/>
      <line num="42" count="1" type="stmt"/>
      <line num="43" count="1" type="stmt"/>
      <line num="44" count="1" type="stmt"/>
      <line num="45" count="1" type="stmt"/>
      <line num="46" count="1" type="stmt"/>
      <line num="47" count="1" type="stmt"/>
      <line num="48" count="1" type="stmt"/>
      <line num="49" count="14" type="cond" truecount="1" falsecount="0"/>
      <line num="50" count="14" type="stmt"/>
      <line num="51" count="1" type="stmt"/>
      <line num="52" count="1" type="stmt"/>
      <line num="53" count="1" type="stmt"/>
      <line num="54" count="1" type="stmt"/>
      <line num="55" count="1" type="stmt"/>
      <line num="56" count="1" type="cond" truecount="1" falsecount="0"/>
      <line num="57" count="1" type="stmt"/>
      <line num="58" count="1" type="stmt"/>
      <line num="59" count="1" type="stmt"/>
      <line num="60" count="1" type="stmt"/>
      <line num="61" count="1" type="stmt"/>
      <line num="62" count="1" type="stmt"/>
      <line num="63" count="1" type="stmt"/>
      <line num="64" count="1" type="stmt"/>
      <line num="65" count="1" type="cond" truecount="1" falsecount="0"/>
      <line num="66" count="4" type="stmt"/>
      <line num="67" count="4" type="stmt"/>
      <line num="68" count="1" type="stmt"/>
      <line num="69" count="1" type="stmt"/>
      <line num="70" count="1" type="stmt"/>
      <line num="71" count="1" type="stmt"/>
      <line num="72" count="1" type="stmt"/>
      <line num="73" count="1" type="stmt"/>
      <line num="74" count="1" type="stmt"/>
      <line num="75" count="1" type="stmt"/>
      <line num="76" count="1" type="stmt"/>
      <line num="77" count="1" type="stmt"/>
      <line num="78" count="1" type="cond" truecount="1" falsecount="0"/>
      <line num="79" count="14" type="stmt"/>
      <line num="80" count="14" type="stmt"/>
      <line num="81" count="14" type="stmt"/>
      <line num="82" count="14" type="stmt"/>
      <line num="83" count="14" type="stmt"/>
      <line num="84" count="14" type="stmt"/>
      <line num="85" count="1" type="stmt"/>
      <line num="86" count="1" type="stmt"/>
      <line num="87" count="1" type="stmt"/>
      <line num="88" count="1" type="stmt"/>
      <line num="89" count="1" type="stmt"/>
      <line num="90" count="1" type="stmt"/>
      <line num="91" count="1" type="stmt"/>
      <line num="92" count="1" type="cond" truecount="1" falsecount="0"/>
      <line num="93" count="18" type="stmt"/>
      <line num="94" count="18" type="stmt"/>
      <line num="95" count="18" type="stmt"/>
      <line num="96" count="18" type="stmt"/>
      <line num="97" count="18" type="stmt"/>
      <line num="98" count="18" type="stmt"/>
      <line num="99" count="18" type="cond" truecount="2" falsecount="0"/>
      <line num="100" count="1" type="stmt"/>
      <line num="101" count="1" type="cond" truecount="1" falsecount="0"/>
      <line num="102" count="17" type="stmt"/>
      <line num="103" count="17" type="stmt"/>
      <line num="104" count="17" type="stmt"/>
      <line num="105" count="18" type="cond" truecount="1" falsecount="0"/>
      <line num="106" count="13" type="stmt"/>
      <line num="107" count="13" type="cond" truecount="1" falsecount="0"/>
      <line num="108" count="17" type="stmt"/>
      <line num="109" count="18" type="stmt"/>
      <line num="110" count="18" type="stmt"/>
      <line num="111" count="18" type="cond" truecount="2" falsecount="0"/>
      <line num="112" count="18" type="stmt"/>
      <line num="113" count="1" type="stmt"/>
      <line num="114" count="1" type="stmt"/>
      <line num="115" count="1" type="stmt"/>
      <line num="116" count="1" type="stmt"/>
      <line num="117" count="1" type="stmt"/>
      <line num="118" count="1" type="stmt"/>
      <line num="119" count="1" type="stmt"/>
      <line num="120" count="1" type="cond" truecount="1" falsecount="0"/>
      <line num="121" count="16" type="stmt"/>
      <line num="122" count="16" type="stmt"/>
      <line num="123" count="16" type="stmt"/>
      <line num="124" count="16" type="stmt"/>
      <line num="125" count="16" type="stmt"/>
      <line num="126" count="16" type="stmt"/>
      <line num="127" count="16" type="cond" truecount="2" falsecount="0"/>
      <line num="128" count="1" type="stmt"/>
      <line num="129" count="1" type="cond" truecount="1" falsecount="0"/>
      <line num="130" count="15" type="stmt"/>
      <line num="131" count="15" type="stmt"/>
      <line num="132" count="15" type="stmt"/>
      <line num="133" count="15" type="stmt"/>
      <line num="134" count="16" type="cond" truecount="1" falsecount="0"/>
      <line num="135" count="14" type="stmt"/>
      <line num="136" count="14" type="cond" truecount="1" falsecount="0"/>
      <line num="137" count="14" type="stmt"/>
      <line num="138" count="14" type="cond" truecount="1" falsecount="0"/>
      <line num="139" count="16" type="stmt"/>
      <line num="140" count="16" type="cond" truecount="1" falsecount="0"/>
      <line num="141" count="1" type="stmt"/>
      <line num="142" count="16" type="cond" truecount="1" falsecount="0"/>
      <line num="143" count="15" type="stmt"/>
      <line num="144" count="15" type="stmt"/>
      <line num="145" count="16" type="cond" truecount="1" falsecount="0"/>
      <line num="146" count="1" type="stmt"/>
      <line num="147" count="1" type="stmt"/>
      <line num="148" count="16" type="stmt"/>
      <line num="149" count="16" type="stmt"/>
      <line num="150" count="16" type="cond" truecount="1" falsecount="0"/>
      <line num="151" count="1" type="stmt"/>
      <line num="152" count="1" type="stmt"/>
      <line num="153" count="1" type="cond" truecount="1" falsecount="0"/>
      <line num="154" count="1" type="stmt"/>
      <line num="155" count="1" type="stmt"/>
      <line num="156" count="16" type="stmt"/>
      <line num="157" count="14" type="stmt"/>
      <line num="158" count="16" type="stmt"/>
      <line num="159" count="1" type="stmt"/>
      <line num="160" count="1" type="stmt"/>
      <line num="161" count="1" type="stmt"/>
      <line num="162" count="1" type="stmt"/>
      <line num="163" count="1" type="stmt"/>
      <line num="164" count="1" type="cond" truecount="1" falsecount="0"/>
      <line num="165" count="1" type="stmt"/>
      <line num="166" count="1" type="stmt"/>
      <line num="167" count="1" type="cond" truecount="1" falsecount="0"/>
      <line num="168" count="2" type="stmt"/>
      <line num="169" count="2" type="stmt"/>
      <line num="170" count="1" type="stmt"/>
      <line num="171" count="1" type="stmt"/>
      <line num="172" count="1" type="stmt"/>
      <line num="173" count="1" type="stmt"/>
      <line num="174" count="1" type="stmt"/>
      <line num="175" count="1" type="stmt"/>
      <line num="176" count="1" type="stmt"/>
      <line num="177" count="1" type="stmt"/>
      <line num="178" count="1" type="cond" truecount="1" falsecount="0"/>
      <line num="179" count="2" type="cond" truecount="1" falsecount="0"/>
      <line num="180" count="2" type="stmt"/>
      <line num="181" count="1" type="stmt"/>
      <line num="182" count="1" type="stmt"/>
      <line num="183" count="1" type="stmt"/>
      <line num="184" count="1" type="stmt"/>
      <line num="185" count="1" type="stmt"/>
      <line num="186" count="1" type="stmt"/>
      <line num="187" count="1" type="stmt"/>
      <line num="188" count="1" type="cond" truecount="1" falsecount="0"/>
      <line num="189" count="1" type="stmt"/>
      <line num="190" count="1" type="stmt"/>
      <line num="191" count="1" type="stmt"/>
      <line num="192" count="1" type="stmt"/>
      <line num="193" count="1" type="stmt"/>
      <line num="194" count="1" type="stmt"/>
      <line num="195" count="1" type="stmt"/>
      <line num="196" count="1" type="stmt"/>
      <line num="197" count="1" type="stmt"/>
      <line num="198" count="1" type="stmt"/>
      <line num="199" count="1" type="stmt"/>
      <line num="200" count="1" type="cond" truecount="1" falsecount="0"/>
      <line num="201" count="1" type="stmt"/>
      <line num="202" count="1" type="stmt"/>
      <line num="203" count="1" type="stmt"/>
      <line num="204" count="1" type="stmt"/>
      <line num="205" count="1" type="stmt"/>
      <line num="206" count="1" type="stmt"/>
      <line num="207" count="1" type="stmt"/>
      <line num="208" count="1" type="cond" truecount="1" falsecount="0"/>
      <line num="209" count="1" type="stmt"/>
      <line num="210" count="1" type="stmt"/>
      <line num="211" count="1" type="stmt"/>
      <line num="212" count="1" type="stmt"/>
      <line num="213" count="1" type="stmt"/>
      <line num="214" count="1" type="stmt"/>
      <line num="215" count="1" type="stmt"/>
      <line num="216" count="1" type="stmt"/>
      <line num="217" count="1" type="cond" truecount="1" falsecount="0"/>
      <line num="218" count="1" type="stmt"/>
      <line num="219" count="1" type="stmt"/>
      <line num="220" count="1" type="stmt"/>
      <line num="221" count="1" type="stmt"/>
      <line num="222" count="1" type="stmt"/>
      <line num="223" count="1" type="stmt"/>
      <line num="224" count="1" type="stmt"/>
      <line num="225" count="1" type="stmt"/>
      <line num="226" count="1" type="stmt"/>
      <line num="227" count="1" type="cond" truecount="1" falsecount="0"/>
      <line num="228" count="35" type="stmt"/>
      <line num="229" count="35" type="stmt"/>
      <line num="230" count="1" type="stmt"/>
      <line num="231" count="1" type="stmt"/>
      <line num="232" count="1" type="stmt"/>
    </file>
    <file name="format-time.ts" path="E:\vsc-workspace\lania-zip\lania-tools\packages\tools\src\format-time.ts">
      <metrics statements="86" coveredstatements="86" conditionals="14" coveredconditionals="14" methods="4" coveredmethods="4"/>
      <line num="1" count="1" type="stmt"/>
      <line num="2" count="1" type="stmt"/>
      <line num="3" count="1" type="stmt"/>
      <line num="4" count="1" type="stmt"/>
      <line num="5" count="1" type="stmt"/>
      <line num="6" count="1" type="stmt"/>
      <line num="7" count="1" type="stmt"/>
      <line num="8" count="1" type="stmt"/>
      <line num="9" count="1" type="stmt"/>
      <line num="10" count="1" type="stmt"/>
      <line num="11" count="1" type="stmt"/>
      <line num="12" count="1" type="stmt"/>
      <line num="13" count="1" type="cond" truecount="1" falsecount="0"/>
      <line num="14" count="1" type="stmt"/>
      <line num="15" count="1" type="stmt"/>
      <line num="16" count="1" type="stmt"/>
      <line num="17" count="1" type="stmt"/>
      <line num="18" count="1" type="stmt"/>
      <line num="19" count="1" type="stmt"/>
      <line num="20" count="1" type="cond" truecount="1" falsecount="0"/>
      <line num="21" count="28" type="stmt"/>
      <line num="22" count="28" type="stmt"/>
      <line num="23" count="28" type="stmt"/>
      <line num="24" count="28" type="stmt"/>
      <line num="25" count="28" type="stmt"/>
      <line num="26" count="28" type="stmt"/>
      <line num="27" count="28" type="stmt"/>
      <line num="28" count="1" type="stmt"/>
      <line num="29" count="1" type="stmt"/>
      <line num="30" count="1" type="stmt"/>
      <line num="31" count="1" type="stmt"/>
      <line num="32" count="1" type="stmt"/>
      <line num="33" count="1" type="stmt"/>
      <line num="34" count="1" type="stmt"/>
      <line num="35" count="1" type="cond" truecount="1" falsecount="0"/>
      <line num="36" count="24" type="stmt"/>
      <line num="37" count="24" type="cond" truecount="1" falsecount="0"/>
      <line num="38" count="312" type="stmt"/>
      <line num="39" count="312" type="stmt"/>
      <line num="40" count="24" type="stmt"/>
      <line num="41" count="24" type="stmt"/>
      <line num="42" count="1" type="stmt"/>
      <line num="43" count="1" type="stmt"/>
      <line num="44" count="1" type="stmt"/>
      <line num="45" count="1" type="stmt"/>
      <line num="46" count="1" type="stmt"/>
      <line num="47" count="1" type="stmt"/>
      <line num="48" count="1" type="stmt"/>
      <line num="49" count="1" type="stmt"/>
      <line num="50" count="1" type="stmt"/>
      <line num="51" count="1" type="stmt"/>
      <line num="52" count="1" type="stmt"/>
      <line num="53" count="1" type="stmt"/>
      <line num="54" count="1" type="cond" truecount="1" falsecount="0"/>
      <line num="55" count="29" type="cond" truecount="2" falsecount="0"/>
      <line num="56" count="29" type="stmt"/>
      <line num="57" count="29" type="cond" truecount="2" falsecount="0"/>
      <line num="58" count="1" type="stmt"/>
      <line num="59" count="1" type="cond" truecount="1" falsecount="0"/>
      <line num="60" count="28" type="stmt"/>
      <line num="61" count="28" type="stmt"/>
      <line num="62" count="28" type="stmt"/>
      <line num="63" count="28" type="stmt"/>
      <line num="64" count="28" type="stmt"/>
      <line num="65" count="28" type="stmt"/>
      <line num="66" count="28" type="stmt"/>
      <line num="67" count="28" type="stmt"/>
      <line num="68" count="28" type="stmt"/>
      <line num="69" count="28" type="stmt"/>
      <line num="70" count="28" type="stmt"/>
      <line num="71" count="29" type="cond" truecount="1" falsecount="0"/>
      <line num="72" count="29" type="cond" truecount="1" falsecount="0"/>
      <line num="73" count="29" type="stmt"/>
      <line num="74" count="29" type="stmt"/>
      <line num="75" count="29" type="stmt"/>
      <line num="76" count="29" type="stmt"/>
      <line num="77" count="29" type="stmt"/>
      <line num="78" count="29" type="stmt"/>
      <line num="79" count="29" type="cond" truecount="1" falsecount="0"/>
      <line num="80" count="4" type="stmt"/>
      <line num="81" count="4" type="cond" truecount="1" falsecount="0"/>
      <line num="82" count="24" type="stmt"/>
      <line num="83" count="24" type="stmt"/>
      <line num="84" count="24" type="stmt"/>
      <line num="85" count="1" type="stmt"/>
      <line num="86" count="1" type="stmt"/>
    </file>
    <file name="sse-client.ts" path="E:\vsc-workspace\lania-zip\lania-tools\packages\tools\src\sse-client.ts">
      <metrics statements="113" coveredstatements="102" conditionals="10" coveredconditionals="8" methods="11" coveredmethods="7"/>
      <line num="1" count="1" type="stmt"/>
      <line num="2" count="1" type="stmt"/>
      <line num="3" count="1" type="stmt"/>
      <line num="4" count="1" type="stmt"/>
      <line num="5" count="1" type="stmt"/>
      <line num="6" count="1" type="stmt"/>
      <line num="7" count="1" type="stmt"/>
      <line num="8" count="1" type="stmt"/>
      <line num="9" count="1" type="stmt"/>
      <line num="10" count="1" type="stmt"/>
      <line num="11" count="1" type="stmt"/>
      <line num="12" count="1" type="stmt"/>
      <line num="13" count="1" type="stmt"/>
      <line num="14" count="1" type="stmt"/>
      <line num="15" count="1" type="stmt"/>
      <line num="16" count="1" type="stmt"/>
      <line num="17" count="1" type="stmt"/>
      <line num="18" count="1" type="stmt"/>
      <line num="19" count="1" type="stmt"/>
      <line num="20" count="1" type="stmt"/>
      <line num="21" count="1" type="stmt"/>
      <line num="22" count="1" type="stmt"/>
      <line num="23" count="1" type="stmt"/>
      <line num="24" count="1" type="stmt"/>
      <line num="25" count="1" type="stmt"/>
      <line num="26" count="1" type="stmt"/>
      <line num="27" count="1" type="stmt"/>
      <line num="28" count="1" type="stmt"/>
      <line num="29" count="1" type="stmt"/>
      <line num="30" count="1" type="stmt"/>
      <line num="31" count="1" type="stmt"/>
      <line num="32" count="1" type="stmt"/>
      <line num="33" count="1" type="cond" truecount="1" falsecount="0"/>
      <line num="34" count="1" type="stmt"/>
      <line num="35" count="1" type="cond" truecount="0" falsecount="1"/>
      <line num="36" count="1" type="stmt"/>
      <line num="37" count="1" type="stmt"/>
      <line num="38" count="1" type="stmt"/>
      <line num="39" count="1" type="stmt"/>
      <line num="40" count="1" type="cond" truecount="1" falsecount="0"/>
      <line num="41" count="1" type="stmt"/>
      <line num="42" count="1" type="cond" truecount="0" falsecount="1"/>
      <line num="43" count="0" type="stmt"/>
      <line num="44" count="0" type="stmt"/>
      <line num="45" count="1" type="stmt"/>
      <line num="46" count="1" type="stmt"/>
      <line num="47" count="1" type="stmt"/>
      <line num="48" count="1" type="stmt"/>
      <line num="49" count="1" type="stmt"/>
      <line num="50" count="1" type="stmt"/>
      <line num="51" count="1" type="stmt"/>
      <line num="52" count="1" type="stmt"/>
      <line num="53" count="1" type="stmt"/>
      <line num="54" count="1" type="stmt"/>
      <line num="55" count="1" type="stmt"/>
      <line num="56" count="0" type="stmt"/>
      <line num="57" count="0" type="stmt"/>
      <line num="58" count="0" type="stmt"/>
      <line num="59" count="1" type="stmt"/>
      <line num="60" count="1" type="stmt"/>
      <line num="61" count="1" type="stmt"/>
      <line num="62" count="1" type="cond" truecount="1" falsecount="0"/>
      <line num="63" count="1" type="stmt"/>
      <line num="64" count="1" type="stmt"/>
      <line num="65" count="1" type="stmt"/>
      <line num="66" count="1" type="stmt"/>
      <line num="67" count="1" type="cond" truecount="1" falsecount="0"/>
      <line num="68" count="1" type="stmt"/>
      <line num="69" count="1" type="stmt"/>
      <line num="70" count="1" type="stmt"/>
      <line num="71" count="1" type="stmt"/>
      <line num="72" count="1" type="stmt"/>
      <line num="73" count="1" type="stmt"/>
      <line num="74" count="1" type="cond" truecount="1" falsecount="0"/>
      <line num="75" count="1" type="stmt"/>
      <line num="76" count="1" type="stmt"/>
      <line num="77" count="0" type="stmt"/>
      <line num="78" count="1" type="stmt"/>
      <line num="79" count="1" type="stmt"/>
      <line num="80" count="1" type="stmt"/>
      <line num="81" count="1" type="stmt"/>
      <line num="82" count="1" type="stmt"/>
      <line num="83" count="1" type="stmt"/>
      <line num="84" count="0" type="stmt"/>
      <line num="85" count="0" type="stmt"/>
      <line num="86" count="0" type="stmt"/>
      <line num="87" count="0" type="stmt"/>
      <line num="88" count="0" type="stmt"/>
      <line num="89" count="1" type="stmt"/>
      <line num="90" count="1" type="stmt"/>
      <line num="91" count="1" type="stmt"/>
      <line num="92" count="1" type="stmt"/>
      <line num="93" count="1" type="stmt"/>
      <line num="94" count="1" type="stmt"/>
      <line num="95" count="1" type="stmt"/>
      <line num="96" count="1" type="stmt"/>
      <line num="97" count="1" type="cond" truecount="1" falsecount="0"/>
      <line num="98" count="2" type="cond" truecount="1" falsecount="0"/>
      <line num="99" count="1" type="stmt"/>
      <line num="100" count="1" type="stmt"/>
      <line num="101" count="1" type="stmt"/>
      <line num="102" count="1" type="stmt"/>
      <line num="103" count="2" type="stmt"/>
      <line num="104" count="1" type="stmt"/>
      <line num="105" count="1" type="stmt"/>
      <line num="106" count="1" type="cond" truecount="1" falsecount="0"/>
      <line num="107" count="1" type="stmt"/>
      <line num="108" count="1" type="stmt"/>
      <line num="109" count="1" type="stmt"/>
      <line num="110" count="1" type="stmt"/>
      <line num="111" count="1" type="stmt"/>
      <line num="112" count="1" type="stmt"/>
      <line num="113" count="1" type="stmt"/>
    </file>
    <file name="store.ts" path="E:\vsc-workspace\lania-zip\lania-tools\packages\tools\src\store.ts">
      <metrics statements="404" coveredstatements="400" conditionals="56" coveredconditionals="50" methods="13" coveredmethods="13"/>
      <line num="1" count="1" type="stmt"/>
      <line num="2" count="1" type="stmt"/>
      <line num="3" count="1" type="stmt"/>
      <line num="4" count="1" type="stmt"/>
      <line num="5" count="1" type="stmt"/>
      <line num="6" count="1" type="stmt"/>
      <line num="7" count="1" type="stmt"/>
      <line num="8" count="1" type="stmt"/>
      <line num="9" count="1" type="stmt"/>
      <line num="10" count="1" type="stmt"/>
      <line num="11" count="1" type="stmt"/>
      <line num="12" count="1" type="stmt"/>
      <line num="13" count="1" type="stmt"/>
      <line num="14" count="1" type="stmt"/>
      <line num="15" count="1" type="stmt"/>
      <line num="16" count="1" type="stmt"/>
      <line num="17" count="1" type="stmt"/>
      <line num="18" count="1" type="stmt"/>
      <line num="19" count="1" type="stmt"/>
      <line num="20" count="1" type="stmt"/>
      <line num="21" count="1" type="stmt"/>
      <line num="22" count="1" type="stmt"/>
      <line num="23" count="1" type="stmt"/>
      <line num="24" count="1" type="stmt"/>
      <line num="25" count="1" type="stmt"/>
      <line num="26" count="1" type="stmt"/>
      <line num="27" count="1" type="stmt"/>
      <line num="28" count="1" type="stmt"/>
      <line num="29" count="1" type="stmt"/>
      <line num="30" count="1" type="stmt"/>
      <line num="31" count="1" type="stmt"/>
      <line num="32" count="1" type="stmt"/>
      <line num="33" count="1" type="stmt"/>
      <line num="34" count="1" type="stmt"/>
      <line num="35" count="1" type="stmt"/>
      <line num="36" count="1" type="stmt"/>
      <line num="37" count="1" type="stmt"/>
      <line num="38" count="1" type="stmt"/>
      <line num="39" count="1" type="stmt"/>
      <line num="40" count="1" type="stmt"/>
      <line num="41" count="1" type="stmt"/>
      <line num="42" count="1" type="stmt"/>
      <line num="43" count="1" type="stmt"/>
      <line num="44" count="1" type="stmt"/>
      <line num="45" count="1" type="stmt"/>
      <line num="46" count="1" type="stmt"/>
      <line num="47" count="1" type="stmt"/>
      <line num="48" count="1" type="stmt"/>
      <line num="49" count="1" type="stmt"/>
      <line num="50" count="1" type="stmt"/>
      <line num="51" count="1" type="stmt"/>
      <line num="52" count="1" type="stmt"/>
      <line num="53" count="1" type="stmt"/>
      <line num="54" count="1" type="stmt"/>
      <line num="55" count="1" type="stmt"/>
      <line num="56" count="1" type="stmt"/>
      <line num="57" count="1" type="stmt"/>
      <line num="58" count="1" type="stmt"/>
[...]
      <line num="223" count="1" type="stmt"/>
      <line num="224" count="1" type="stmt"/>
      <line num="225" count="1" type="stmt"/>
      <line num="226" count="1" type="stmt"/>
      <line num="227" count="1" type="stmt"/>
      <line num="228" count="1" type="stmt"/>
      <line num="229" count="1" type="stmt"/>
      <line num="230" count="1" type="stmt"/>
      <line num="231" count="1" type="stmt"/>
      <line num="232" count="1" type="cond" truecount="1" falsecount="0"/>
      <line num="233" count="13" type="stmt"/>
      <line num="234" count="13" type="stmt"/>
      <line num="235" count="13" type="cond" truecount="0" falsecount="1"/>
      <line num="236" count="0" type="stmt"/>
      <line num="237" count="13" type="stmt"/>
      <line num="238" count="13" type="stmt"/>
      <line num="239" count="13" type="stmt"/>
      <line num="240" count="13" type="cond" truecount="2" falsecount="0"/>
      <line num="241" count="13" type="stmt"/>
      <line num="242" count="13" type="stmt"/>
      <line num="243" count="1" type="stmt"/>
      <line num="244" count="1" type="stmt"/>
      <line num="245" count="1" type="cond" truecount="1" falsecount="0"/>
      <line num="246" count="6" type="stmt"/>
      <line num="247" count="6" type="stmt"/>
      <line num="248" count="6" type="stmt"/>
      <line num="249" count="6" type="cond" truecount="1" falsecount="0"/>
      <line num="250" count="12" type="stmt"/>
      <line num="251" count="12" type="cond" truecount="1" falsecount="0"/>
      <line num="252" count="5" type="stmt"/>
      <line num="253" count="5" type="stmt"/>
      <line num="254" count="5" type="stmt"/>
      <line num="255" count="5" type="stmt"/>
      <line num="256" count="12" type="cond" truecount="1" falsecount="0"/>
      <line num="257" count="1" type="stmt"/>
      <line num="258" count="1" type="stmt"/>
      <line num="259" count="1" type="stmt"/>
      <line num="260" count="1" type="stmt"/>
      <line num="261" count="1" type="stmt"/>
      <line num="262" count="6" type="stmt"/>
      <line num="263" count="1" type="stmt"/>
      <line num="264" count="1" type="stmt"/>
      <line num="265" count="1" type="cond" truecount="1" falsecount="0"/>
      <line num="266" count="4" type="stmt"/>
      <line num="267" count="4" type="stmt"/>
      <line num="268" count="1" type="stmt"/>
      <line num="269" count="1" type="stmt"/>
      <line num="270" count="1" type="cond" truecount="1" falsecount="0"/>
      <line num="271" count="1" type="stmt"/>
      <line num="272" count="1" type="cond" truecount="1" falsecount="0"/>
      <line num="273" count="1" type="stmt"/>
      <line num="274" count="1" type="stmt"/>
      <line num="275" count="1" type="stmt"/>
      <line num="276" count="1" type="cond" truecount="1" falsecount="0"/>
      <line num="277" count="3" type="stmt"/>
      <line num="278" count="3" type="stmt"/>
      <line num="279" count="1" type="stmt"/>
      <line num="280" count="1" type="stmt"/>
      <line num="281" count="1" type="cond" truecount="1" falsecount="0"/>
      <line num="282" count="1" type="stmt"/>
      <line num="283" count="1" type="cond" truecount="1" falsecount="0"/>
      <line num="284" count="1" type="cond" truecount="1" falsecount="1"/>
      <line num="285" count="1" type="stmt"/>
      <line num="286" count="1" type="stmt"/>
      <line num="287" count="1" type="stmt"/>
      <line num="288" count="1" type="stmt"/>
      <line num="289" count="1" type="stmt"/>
      <line num="290" count="1" type="cond" truecount="1" falsecount="0"/>
      <line num="291" count="1" type="cond" truecount="1" falsecount="0"/>
      <line num="292" count="1" type="stmt"/>
      <line num="293" count="1" type="stmt"/>
      <line num="294" count="1" type="stmt"/>
      <line num="295" count="1" type="cond" truecount="1" falsecount="0"/>
      <line num="296" count="1" type="stmt"/>
      <line num="297" count="1" type="cond" truecount="1" falsecount="0"/>
      <line num="298" count="2" type="stmt"/>
      <line num="299" count="1" type="stmt"/>
      <line num="300" count="1" type="stmt"/>
      <line num="301" count="1" type="stmt"/>
      <line num="302" count="1" type="stmt"/>
      <line num="303" count="1" type="stmt"/>
      <line num="304" count="1" type="cond" truecount="1" falsecount="0"/>
      <line num="305" count="4" type="stmt"/>
      <line num="306" count="4" type="cond" truecount="1" falsecount="0"/>
      <line num="307" count="6" type="stmt"/>
      <line num="308" count="6" type="cond" truecount="2" falsecount="0"/>
      <line num="309" count="5" type="stmt"/>
      <line num="310" count="5" type="stmt"/>
      <line num="311" count="5" type="stmt"/>
      <line num="312" count="5" type="stmt"/>
      <line num="313" count="4" type="stmt"/>
      <line num="314" count="4" type="stmt"/>
      <line num="315" count="4" type="stmt"/>
      <line num="316" count="1" type="stmt"/>
      <line num="317" count="1" type="stmt"/>
      <line num="318" count="1" type="stmt"/>
      <line num="319" count="1" type="stmt"/>
      <line num="320" count="1" type="stmt"/>
      <line num="321" count="1" type="stmt"/>
      <line num="322" count="1" type="stmt"/>
      <line num="323" count="1" type="stmt"/>
      <line num="324" count="1" type="stmt"/>
      <line num="325" count="1" type="stmt"/>
      <line num="326" count="1" type="cond" truecount="1" falsecount="0"/>
      <line num="327" count="14" type="cond" truecount="1" falsecount="0"/>
      <line num="328" count="14" type="stmt"/>
      <line num="329" count="14" type="stmt"/>
      <line num="330" count="0" type="stmt"/>
      <line num="331" count="0" type="stmt"/>
      <line num="332" count="0" type="stmt"/>
      <line num="333" count="14" type="cond" truecount="1" falsecount="0"/>
      <line num="334" count="14" type="stmt"/>
      <line num="335" count="14" type="stmt"/>
      <line num="336" count="14" type="stmt"/>
      <line num="337" count="1" type="stmt"/>
      <line num="338" count="1" type="stmt"/>
      <line num="339" count="1" type="cond" truecount="1" falsecount="0"/>
      <line num="340" count="2" type="stmt"/>
      <line num="341" count="2" type="stmt"/>
      <line num="342" count="2" type="cond" truecount="0" falsecount="1"/>
      <line num="343" count="2" type="stmt"/>
      <line num="344" count="2" type="stmt"/>
      <line num="345" count="2" type="cond" truecount="2" falsecount="0"/>
      <line num="346" count="2" type="stmt"/>
      <line num="347" count="2" type="cond" truecount="1" falsecount="0"/>
      <line num="348" count="2" type="stmt"/>
      <line num="349" count="2" type="stmt"/>
      <line num="350" count="2" type="stmt"/>
      <line num="351" count="2" type="cond" truecount="1" falsecount="0"/>
      <line num="352" count="2" type="stmt"/>
      <line num="353" count="2" type="stmt"/>
      <line num="354" count="2" type="stmt"/>
      <line num="355" count="1" type="stmt"/>
      <line num="356" count="1" type="stmt"/>
      <line num="357" count="1" type="cond" truecount="1" falsecount="0"/>
      <line num="358" count="6" type="stmt"/>
      <line num="359" count="6" type="cond" truecount="1" falsecount="0"/>
      <line num="360" count="6" type="stmt"/>
      <line num="361" count="6" type="stmt"/>
      <line num="362" count="6" type="stmt"/>
      <line num="363" count="6" type="stmt"/>
      <line num="364" count="6" type="cond" truecount="1" falsecount="0"/>
      <line num="365" count="6" type="cond" truecount="1" falsecount="0"/>
      <line num="366" count="1" type="stmt"/>
      <line num="367" count="1" type="stmt"/>
      <line num="368" count="1" type="cond" truecount="1" falsecount="0"/>
      <line num="369" count="5" type="stmt"/>
      <line num="370" count="5" type="stmt"/>
      <line num="371" count="6" type="cond" truecount="2" falsecount="0"/>
      <line num="372" count="4" type="stmt"/>
      <line num="373" count="6" type="cond" truecount="1" falsecount="0"/>
      <line num="374" count="1" type="cond" truecount="1" falsecount="0"/>
      <line num="375" count="1" type="stmt"/>
      <line num="376" count="6" type="stmt"/>
      <line num="377" count="6" type="stmt"/>
      <line num="378" count="6" type="cond" truecount="0" falsecount="1"/>
      <line num="379" count="0" type="stmt"/>
      <line num="380" count="0" type="stmt"/>
      <line num="381" count="6" type="stmt"/>
      <line num="382" count="6" type="stmt"/>
      <line num="383" count="1" type="stmt"/>
      <line num="384" count="1" type="stmt"/>
      <line num="385" count="1" type="cond" truecount="1" falsecount="0"/>
      <line num="386" count="2" type="stmt"/>
      <line num="387" count="2" type="cond" truecount="1" falsecount="0"/>
      <line num="388" count="2" type="stmt"/>
      <line num="389" count="2" type="stmt"/>
      <line num="390" count="2" type="cond" truecount="1" falsecount="0"/>
      <line num="391" count="2" type="stmt"/>
      <line num="392" count="2" type="stmt"/>
      <line num="393" count="2" type="stmt"/>
      <line num="394" count="1" type="stmt"/>
      <line num="395" count="1" type="stmt"/>
      <line num="396" count="1" type="cond" truecount="1" falsecount="0"/>
      <line num="397" count="1" type="stmt"/>
      <line num="398" count="1" type="cond" truecount="1" falsecount="0"/>
      <line num="399" count="1" type="stmt"/>
      <line num="400" count="1" type="stmt"/>
      <line num="401" count="1" type="cond" truecount="1" falsecount="0"/>
      <line num="402" count="1" type="stmt"/>
      <line num="403" count="1" type="stmt"/>
      <line num="404" count="1" type="stmt"/>
      <line num="405" count="1" type="stmt"/>
      <line num="406" count="1" type="stmt"/>
      <line num="407" count="1" type="cond" truecount="1" falsecount="0"/>
      <line num="408" count="2" type="stmt"/>
      <line num="409" count="2" type="cond" truecount="1" falsecount="0"/>
      <line num="410" count="2" type="stmt"/>
      <line num="411" count="2" type="stmt"/>
      <line num="412" count="2" type="stmt"/>
      <line num="413" count="2" type="cond" truecount="1" falsecount="0"/>
      <line num="414" count="4" type="stmt"/>
      <line num="415" count="4" type="cond" truecount="1" falsecount="0"/>
      <line num="416" count="2" type="stmt"/>
      <line num="417" count="2" type="stmt"/>
      <line num="418" count="2" type="stmt"/>
      <line num="419" count="2" type="stmt"/>
      <line num="420" count="2" type="stmt"/>
      <line num="421" count="4" type="stmt"/>
      <line num="422" count="2" type="stmt"/>
      <line num="423" count="2" type="stmt"/>
      <line num="424" count="2" type="stmt"/>
      <line num="425" count="1" type="stmt"/>
      <line num="426" count="1" type="stmt"/>
      <line num="427" count="1" type="cond" truecount="1" falsecount="0"/>
      <line num="428" count="1" type="stmt"/>
      <line num="429" count="1" type="stmt"/>
      <line num="430" count="1" type="stmt"/>
      <line num="431" count="1" type="stmt"/>
      <line num="432" count="1" type="stmt"/>
      <line num="433" count="1" type="stmt"/>
      <line num="434" count="1" type="stmt"/>
      <line num="435" count="1" type="stmt"/>
      <line num="436" count="1" type="stmt"/>
      <line num="437" count="1" type="stmt"/>
      <line num="438" count="1" type="cond" truecount="1" falsecount="0"/>
      <line num="439" count="1" type="stmt"/>
      <line num="440" count="1" type="cond" truecount="1" falsecount="0"/>
      <line num="441" count="1" type="stmt"/>
      <line num="442" count="1" type="stmt"/>
      <line num="443" count="1" type="cond" truecount="1" falsecount="0"/>
      <line num="444" count="2" type="stmt"/>
      <line num="445" count="2" type="stmt"/>
      <line num="446" count="2" type="cond" truecount="0" falsecount="1"/>
      <line num="447" count="2" type="stmt"/>
      <line num="448" count="2" type="stmt"/>
      <line num="449" count="2" type="cond" truecount="0" falsecount="1"/>
      <line num="450" count="2" type="stmt"/>
      <line num="451" count="1" type="stmt"/>
      <line num="452" count="1" type="cond" truecount="1" falsecount="0"/>
      <line num="453" count="1" type="stmt"/>
      <line num="454" count="1" type="stmt"/>
      <line num="455" count="1" type="stmt"/>
      <line num="456" count="1" type="stmt"/>
      <line num="457" count="1" type="stmt"/>
      <line num="458" count="1" type="cond" truecount="1" falsecount="0"/>
      <line num="459" count="1" type="stmt"/>
      <line num="460" count="1" type="cond" truecount="1" falsecount="0"/>
      <line num="461" count="2" type="stmt"/>
      <line num="462" count="2" type="stmt"/>
      <line num="463" count="1" type="stmt"/>
      <line num="464" count="1" type="stmt"/>
      <line num="465" count="1" type="stmt"/>
    </file>
    <file name="websocket-client.ts" path="E:\vsc-workspace\lania-zip\lania-tools\packages\tools\src\websocket-client.ts">
      <metrics statements="139" coveredstatements="134" conditionals="21" coveredconditionals="16" methods="15" coveredmethods="11"/>
      <line num="1" count="1" type="stmt"/>
      <line num="2" count="1" type="stmt"/>
      <line num="3" count="1" type="stmt"/>
      <line num="4" count="1" type="stmt"/>
      <line num="5" count="1" type="stmt"/>
      <line num="6" count="1" type="stmt"/>
      <line num="7" count="1" type="stmt"/>
      <line num="8" count="1" type="stmt"/>
      <line num="9" count="1" type="stmt"/>
      <line num="10" count="1" type="stmt"/>
      <line num="11" count="1" type="stmt"/>
      <line num="12" count="1" type="stmt"/>
      <line num="13" count="1" type="stmt"/>
      <line num="14" count="1" type="stmt"/>
      <line num="15" count="1" type="stmt"/>
      <line num="16" count="1" type="stmt"/>
      <line num="17" count="1" type="stmt"/>
      <line num="18" count="1" type="stmt"/>
      <line num="19" count="1" type="stmt"/>
      <line num="20" count="1" type="stmt"/>
      <line num="21" count="1" type="stmt"/>
      <line num="22" count="1" type="stmt"/>
      <line num="23" count="1" type="stmt"/>
      <line num="24" count="1" type="stmt"/>
      <line num="25" count="1" type="stmt"/>
      <line num="26" count="1" type="stmt"/>
      <line num="27" count="1" type="stmt"/>
      <line num="28" count="1" type="stmt"/>
      <line num="29" count="1" type="stmt"/>
      <line num="30" count="1" type="stmt"/>
      <line num="31" count="1" type="stmt"/>
      <line num="32" count="1" type="stmt"/>
      <line num="33" count="1" type="stmt"/>
      <line num="34" count="1" type="stmt"/>
      <line num="35" count="1" type="stmt"/>
      <line num="36" count="1" type="stmt"/>
      <line num="37" count="1" type="stmt"/>
      <line num="38" count="1" type="stmt"/>
      <line num="39" count="1" type="stmt"/>
      <line num="40" count="1" type="stmt"/>
      <line num="41" count="1" type="stmt"/>
      <line num="42" count="1" type="stmt"/>
      <line num="43" count="1" type="cond" truecount="1" falsecount="0"/>
      <line num="44" count="2" type="stmt"/>
      <line num="45" count="2" type="cond" truecount="0" falsecount="1"/>
      <line num="46" count="2" type="cond" truecount="0" falsecount="1"/>
      <line num="47" count="2" type="cond" truecount="0" falsecount="1"/>
      <line num="48" count="2" type="stmt"/>
      <line num="49" count="1" type="stmt"/>
      <line num="50" count="1" type="stmt"/>
      <line num="51" count="1" type="cond" truecount="1" falsecount="0"/>
      <line num="52" count="2" type="cond" truecount="0" falsecount="1"/>
      <line num="53" count="2" type="stmt"/>
      <line num="54" count="2" type="stmt"/>
      <line num="55" count="2" type="stmt"/>
      <line num="56" count="2" type="stmt"/>
      <line num="57" count="2" type="stmt"/>
      <line num="58" count="2" type="stmt"/>
      <line num="59" count="1" type="stmt"/>
      <line num="60" count="1" type="stmt"/>
      <line num="61" count="1" type="cond" truecount="1" falsecount="0"/>
      <line num="62" count="1" type="stmt"/>
      <line num="63" count="1" type="stmt"/>
      <line num="64" count="1" type="stmt"/>
      <line num="65" count="1" type="stmt"/>
      <line num="66" count="1" type="stmt"/>
      <line num="67" count="1" type="stmt"/>
      <line num="68" count="1" type="cond" truecount="1" falsecount="0"/>
      <line num="69" count="1" type="stmt"/>
      <line num="70" count="1" type="stmt"/>
      <line num="71" count="1" type="stmt"/>
      <line num="72" count="1" type="stmt"/>
      <line num="73" count="1" type="cond" truecount="1" falsecount="0"/>
      <line num="74" count="1" type="stmt"/>
      <line num="75" count="1" type="stmt"/>
      <line num="76" count="1" type="stmt"/>
      <line num="77" count="1" type="stmt"/>
      <line num="78" count="1" type="cond" truecount="1" falsecount="0"/>
      <line num="79" count="1" type="stmt"/>
      <line num="80" count="1" type="stmt"/>
      <line num="81" count="1" type="stmt"/>
      <line num="82" count="1" type="stmt"/>
      <line num="83" count="1" type="cond" truecount="0" falsecount="1"/>
      <line num="84" count="0" type="stmt"/>
      <line num="85" count="0" type="stmt"/>
      <line num="86" count="1" type="stmt"/>
      <line num="87" count="1" type="stmt"/>
      <line num="88" count="1" type="stmt"/>
      <line num="89" count="1" type="cond" truecount="1" falsecount="0"/>
      <line num="90" count="1" type="stmt"/>
      <line num="91" count="1" type="stmt"/>
      <line num="92" count="0" type="stmt"/>
      <line num="93" count="0" type="stmt"/>
      <line num="94" count="0" type="stmt"/>
      <line num="95" count="1" type="stmt"/>
      <line num="96" count="1" type="stmt"/>
      <line num="97" count="1" type="stmt"/>
      <line num="98" count="1" type="stmt"/>
      <line num="99" count="1" type="stmt"/>
      <line num="100" count="1" type="cond" truecount="1" falsecount="0"/>
      <line num="101" count="1" type="stmt"/>
      <line num="102" count="1" type="stmt"/>
      <line num="103" count="1" type="stmt"/>
      <line num="104" count="1" type="stmt"/>
      <line num="105" count="1" type="stmt"/>
      <line num="106" count="1" type="stmt"/>
      <line num="107" count="1" type="stmt"/>
      <line num="108" count="1" type="stmt"/>
      <line num="109" count="1" type="stmt"/>
      <line num="110" count="1" type="stmt"/>
      <line num="111" count="1" type="cond" truecount="1" falsecount="0"/>
      <line num="112" count="1" type="stmt"/>
      <line num="113" count="1" type="stmt"/>
      <line num="114" count="1" type="stmt"/>
      <line num="115" count="1" type="stmt"/>
      <line num="116" count="1" type="stmt"/>
      <line num="117" count="1" type="stmt"/>
      <line num="118" count="1" type="cond" truecount="1" falsecount="0"/>
      <line num="119" count="1" type="stmt"/>
      <line num="120" count="1" type="stmt"/>
      <line num="121" count="1" type="stmt"/>
      <line num="122" count="1" type="stmt"/>
      <line num="123" count="1" type="stmt"/>
      <line num="124" count="1" type="stmt"/>
      <line num="125" count="1" type="stmt"/>
      <line num="126" count="1" type="stmt"/>
      <line num="127" count="1" type="stmt"/>
      <line num="128" count="1" type="stmt"/>
      <line num="129" count="1" type="stmt"/>
      <line num="130" count="1" type="stmt"/>
      <line num="131" count="1" type="cond" truecount="1" falsecount="0"/>
      <line num="132" count="4" type="cond" truecount="2" falsecount="0"/>
      <line num="133" count="3" type="cond" truecount="2" falsecount="0"/>
      <line num="134" count="2" type="cond" truecount="1" falsecount="0"/>
      <line num="135" count="1" type="stmt"/>
      <line num="136" count="4" type="stmt"/>
      <line num="137" count="1" type="stmt"/>
      <line num="138" count="1" type="stmt"/>
      <line num="139" count="1" type="stmt"/>
    </file>
  </project>
</coverage>
