{"E:\\vsc-workspace\\lania-zip\\lania-tools\\packages\\tools\\src\\carousel.ts": {"path":"E:\\vsc-workspace\\lania-zip\\lania-tools\\packages\\tools\\src\\carousel.ts","all":false,"statementMap":{"0":{"start":{"line":1,"column":0},"end":{"line":1,"column":40}},"1":{"start":{"line":2,"column":0},"end":{"line":2,"column":0}},"2":{"start":{"line":3,"column":0},"end":{"line":3,"column":29}},"3":{"start":{"line":4,"column":0},"end":{"line":4,"column":48}},"4":{"start":{"line":5,"column":0},"end":{"line":5,"column":23}},"5":{"start":{"line":6,"column":0},"end":{"line":6,"column":46}},"6":{"start":{"line":7,"column":0},"end":{"line":7,"column":30}},"7":{"start":{"line":8,"column":0},"end":{"line":8,"column":41}},"8":{"start":{"line":9,"column":0},"end":{"line":9,"column":25}},"9":{"start":{"line":10,"column":0},"end":{"line":10,"column":0}},"10":{"start":{"line":11,"column":0},"end":{"line":11,"column":19}},"11":{"start":{"line":12,"column":0},"end":{"line":12,"column":44}},"12":{"start":{"line":13,"column":0},"end":{"line":13,"column":41}},"13":{"start":{"line":14,"column":0},"end":{"line":14,"column":19}},"14":{"start":{"line":15,"column":0},"end":{"line":15,"column":22}},"15":{"start":{"line":16,"column":0},"end":{"line":16,"column":30}},"16":{"start":{"line":17,"column":0},"end":{"line":17,"column":24}},"17":{"start":{"line":18,"column":0},"end":{"line":18,"column":27}},"18":{"start":{"line":19,"column":0},"end":{"line":19,"column":0}},"19":{"start":{"line":20,"column":0},"end":{"line":20,"column":27}},"20":{"start":{"line":21,"column":0},"end":{"line":21,"column":55}},"21":{"start":{"line":22,"column":0},"end":{"line":22,"column":32}},"22":{"start":{"line":23,"column":0},"end":{"line":23,"column":2}},"23":{"start":{"line":24,"column":0},"end":{"line":24,"column":0}},"24":{"start":{"line":25,"column":0},"end":{"line":25,"column":23}},"25":{"start":{"line":26,"column":0},"end":{"line":26,"column":35}},"26":{"start":{"line":27,"column":0},"end":{"line":27,"column":43}},"27":{"start":{"line":28,"column":0},"end":{"line":28,"column":38}},"28":{"start":{"line":29,"column":0},"end":{"line":29,"column":0}},"29":{"start":{"line":30,"column":0},"end":{"line":30,"column":43}},"30":{"start":{"line":31,"column":0},"end":{"line":31,"column":92}},"31":{"start":{"line":32,"column":0},"end":{"line":32,"column":0}},"32":{"start":{"line":33,"column":0},"end":{"line":33,"column":22}},"33":{"start":{"line":34,"column":0},"end":{"line":34,"column":56}},"34":{"start":{"line":35,"column":0},"end":{"line":35,"column":75}},"35":{"start":{"line":36,"column":0},"end":{"line":36,"column":34}},"36":{"start":{"line":37,"column":0},"end":{"line":37,"column":0}},"37":{"start":{"line":38,"column":0},"end":{"line":38,"column":48}},"38":{"start":{"line":39,"column":0},"end":{"line":39,"column":59}},"39":{"start":{"line":40,"column":0},"end":{"line":40,"column":47}},"40":{"start":{"line":41,"column":0},"end":{"line":41,"column":0}},"41":{"start":{"line":42,"column":0},"end":{"line":42,"column":19}},"42":{"start":{"line":43,"column":0},"end":{"line":43,"column":51}},"43":{"start":{"line":44,"column":0},"end":{"line":44,"column":38}},"44":{"start":{"line":45,"column":0},"end":{"line":45,"column":54}},"45":{"start":{"line":46,"column":0},"end":{"line":46,"column":0}},"46":{"start":{"line":47,"column":0},"end":{"line":47,"column":35}},"47":{"start":{"line":48,"column":0},"end":{"line":48,"column":42}},"48":{"start":{"line":49,"column":0},"end":{"line":49,"column":35}},"49":{"start":{"line":50,"column":0},"end":{"line":50,"column":34}},"50":{"start":{"line":51,"column":0},"end":{"line":51,"column":61}},"51":{"start":{"line":52,"column":0},"end":{"line":52,"column":0}},"52":{"start":{"line":53,"column":0},"end":{"line":53,"column":11}},"53":{"start":{"line":54,"column":0},"end":{"line":54,"column":37}},"54":{"start":{"line":55,"column":0},"end":{"line":55,"column":62}},"55":{"start":{"line":56,"column":0},"end":{"line":56,"column":31}},"56":{"start":{"line":57,"column":0},"end":{"line":57,"column":27}},"57":{"start":{"line":58,"column":0},"end":{"line":58,"column":6}},"58":{"start":{"line":59,"column":0},"end":{"line":59,"column":0}},"59":{"start":{"line":60,"column":0},"end":{"line":60,"column":48}},"60":{"start":{"line":61,"column":0},"end":{"line":61,"column":18}},"61":{"start":{"line":62,"column":0},"end":{"line":62,"column":73}},"62":{"start":{"line":63,"column":0},"end":{"line":63,"column":0}},"63":{"start":{"line":64,"column":0},"end":{"line":64,"column":19}},"64":{"start":{"line":65,"column":0},"end":{"line":65,"column":62}},"65":{"start":{"line":66,"column":0},"end":{"line":66,"column":48}},"66":{"start":{"line":67,"column":0},"end":{"line":67,"column":46}},"67":{"start":{"line":68,"column":0},"end":{"line":68,"column":66}},"68":{"start":{"line":69,"column":0},"end":{"line":69,"column":0}},"69":{"start":{"line":70,"column":0},"end":{"line":70,"column":23}},"70":{"start":{"line":71,"column":0},"end":{"line":71,"column":81}},"71":{"start":{"line":72,"column":0},"end":{"line":72,"column":25}},"72":{"start":{"line":73,"column":0},"end":{"line":73,"column":28}},"73":{"start":{"line":74,"column":0},"end":{"line":74,"column":95}},"74":{"start":{"line":75,"column":0},"end":{"line":75,"column":14}},"75":{"start":{"line":76,"column":0},"end":{"line":76,"column":9}},"76":{"start":{"line":77,"column":0},"end":{"line":77,"column":50}},"77":{"start":{"line":78,"column":0},"end":{"line":78,"column":93}},"78":{"start":{"line":79,"column":0},"end":{"line":79,"column":51}},"79":{"start":{"line":80,"column":0},"end":{"line":80,"column":0}},"80":{"start":{"line":81,"column":0},"end":{"line":81,"column":43}},"81":{"start":{"line":82,"column":0},"end":{"line":82,"column":25}},"82":{"start":{"line":83,"column":0},"end":{"line":83,"column":100}},"83":{"start":{"line":84,"column":0},"end":{"line":84,"column":14}},"84":{"start":{"line":85,"column":0},"end":{"line":85,"column":19}},"85":{"start":{"line":86,"column":0},"end":{"line":86,"column":9}},"86":{"start":{"line":87,"column":0},"end":{"line":87,"column":0}},"87":{"start":{"line":88,"column":0},"end":{"line":88,"column":21}},"88":{"start":{"line":89,"column":0},"end":{"line":89,"column":44}},"89":{"start":{"line":90,"column":0},"end":{"line":90,"column":33}},"90":{"start":{"line":91,"column":0},"end":{"line":91,"column":53}},"91":{"start":{"line":92,"column":0},"end":{"line":92,"column":35}},"92":{"start":{"line":93,"column":0},"end":{"line":93,"column":16}},"93":{"start":{"line":94,"column":0},"end":{"line":94,"column":28}},"94":{"start":{"line":95,"column":0},"end":{"line":95,"column":94}},"95":{"start":{"line":96,"column":0},"end":{"line":96,"column":14}},"96":{"start":{"line":97,"column":0},"end":{"line":97,"column":9}},"97":{"start":{"line":98,"column":0},"end":{"line":98,"column":0}},"98":{"start":{"line":99,"column":0},"end":{"line":99,"column":22}},"99":{"start":{"line":100,"column":0},"end":{"line":100,"column":35}},"100":{"start":{"line":101,"column":0},"end":{"line":101,"column":0}},"101":{"start":{"line":102,"column":0},"end":{"line":102,"column":23}},"102":{"start":{"line":103,"column":0},"end":{"line":103,"column":21}},"103":{"start":{"line":104,"column":0},"end":{"line":104,"column":5}},"104":{"start":{"line":105,"column":0},"end":{"line":105,"column":0}},"105":{"start":{"line":106,"column":0},"end":{"line":106,"column":22}},"106":{"start":{"line":107,"column":0},"end":{"line":107,"column":0}},"107":{"start":{"line":108,"column":0},"end":{"line":108,"column":35}},"108":{"start":{"line":109,"column":0},"end":{"line":109,"column":20}},"109":{"start":{"line":110,"column":0},"end":{"line":110,"column":46}},"110":{"start":{"line":111,"column":0},"end":{"line":111,"column":95}},"111":{"start":{"line":112,"column":0},"end":{"line":112,"column":9}},"112":{"start":{"line":113,"column":0},"end":{"line":113,"column":0}},"113":{"start":{"line":114,"column":0},"end":{"line":114,"column":47}},"114":{"start":{"line":115,"column":0},"end":{"line":115,"column":95}},"115":{"start":{"line":116,"column":0},"end":{"line":116,"column":71}},"116":{"start":{"line":117,"column":0},"end":{"line":117,"column":53}},"117":{"start":{"line":118,"column":0},"end":{"line":118,"column":54}},"118":{"start":{"line":119,"column":0},"end":{"line":119,"column":41}},"119":{"start":{"line":120,"column":0},"end":{"line":120,"column":46}},"120":{"start":{"line":121,"column":0},"end":{"line":121,"column":0}},"121":{"start":{"line":122,"column":0},"end":{"line":122,"column":25}},"122":{"start":{"line":123,"column":0},"end":{"line":123,"column":93}},"123":{"start":{"line":124,"column":0},"end":{"line":124,"column":0}},"124":{"start":{"line":125,"column":0},"end":{"line":125,"column":36}},"125":{"start":{"line":126,"column":0},"end":{"line":126,"column":46}},"126":{"start":{"line":127,"column":0},"end":{"line":127,"column":67}},"127":{"start":{"line":128,"column":0},"end":{"line":128,"column":90}},"128":{"start":{"line":129,"column":0},"end":{"line":129,"column":0}},"129":{"start":{"line":130,"column":0},"end":{"line":130,"column":38}},"130":{"start":{"line":131,"column":0},"end":{"line":131,"column":40}},"131":{"start":{"line":132,"column":0},"end":{"line":132,"column":61}},"132":{"start":{"line":133,"column":0},"end":{"line":133,"column":11}},"133":{"start":{"line":134,"column":0},"end":{"line":134,"column":0}},"134":{"start":{"line":135,"column":0},"end":{"line":135,"column":18}},"135":{"start":{"line":136,"column":0},"end":{"line":136,"column":34}},"136":{"start":{"line":137,"column":0},"end":{"line":137,"column":33}},"137":{"start":{"line":138,"column":0},"end":{"line":138,"column":0}},"138":{"start":{"line":139,"column":0},"end":{"line":139,"column":19}},"139":{"start":{"line":140,"column":0},"end":{"line":140,"column":39}},"140":{"start":{"line":141,"column":0},"end":{"line":141,"column":36}},"141":{"start":{"line":142,"column":0},"end":{"line":142,"column":9}},"142":{"start":{"line":143,"column":0},"end":{"line":143,"column":5}},"143":{"start":{"line":144,"column":0},"end":{"line":144,"column":0}},"144":{"start":{"line":145,"column":0},"end":{"line":145,"column":37}},"145":{"start":{"line":146,"column":0},"end":{"line":146,"column":36}},"146":{"start":{"line":147,"column":0},"end":{"line":147,"column":49}},"147":{"start":{"line":148,"column":0},"end":{"line":148,"column":51}},"148":{"start":{"line":149,"column":0},"end":{"line":149,"column":47}},"149":{"start":{"line":150,"column":0},"end":{"line":150,"column":0}},"150":{"start":{"line":151,"column":0},"end":{"line":151,"column":53}},"151":{"start":{"line":152,"column":0},"end":{"line":152,"column":19}},"152":{"start":{"line":153,"column":0},"end":{"line":153,"column":58}},"153":{"start":{"line":154,"column":0},"end":{"line":154,"column":47}},"154":{"start":{"line":155,"column":0},"end":{"line":155,"column":70}},"155":{"start":{"line":156,"column":0},"end":{"line":156,"column":54}},"156":{"start":{"line":157,"column":0},"end":{"line":157,"column":46}},"157":{"start":{"line":158,"column":0},"end":{"line":158,"column":9}},"158":{"start":{"line":159,"column":0},"end":{"line":159,"column":0}},"159":{"start":{"line":160,"column":0},"end":{"line":160,"column":25}},"160":{"start":{"line":161,"column":0},"end":{"line":161,"column":93}},"161":{"start":{"line":162,"column":0},"end":{"line":162,"column":0}},"162":{"start":{"line":163,"column":0},"end":{"line":163,"column":27}},"163":{"start":{"line":164,"column":0},"end":{"line":164,"column":38}},"164":{"start":{"line":165,"column":0},"end":{"line":165,"column":48}},"165":{"start":{"line":166,"column":0},"end":{"line":166,"column":48}},"166":{"start":{"line":167,"column":0},"end":{"line":167,"column":11}},"167":{"start":{"line":168,"column":0},"end":{"line":168,"column":0}},"168":{"start":{"line":169,"column":0},"end":{"line":169,"column":29}},"169":{"start":{"line":170,"column":0},"end":{"line":170,"column":34}},"170":{"start":{"line":171,"column":0},"end":{"line":171,"column":17}},"171":{"start":{"line":172,"column":0},"end":{"line":172,"column":80}},"172":{"start":{"line":173,"column":0},"end":{"line":173,"column":49}},"173":{"start":{"line":174,"column":0},"end":{"line":174,"column":5}},"174":{"start":{"line":175,"column":0},"end":{"line":175,"column":0}},"175":{"start":{"line":176,"column":0},"end":{"line":176,"column":22}},"176":{"start":{"line":177,"column":0},"end":{"line":177,"column":0}},"177":{"start":{"line":178,"column":0},"end":{"line":178,"column":20}},"178":{"start":{"line":179,"column":0},"end":{"line":179,"column":40}},"179":{"start":{"line":180,"column":0},"end":{"line":180,"column":53}},"180":{"start":{"line":181,"column":0},"end":{"line":181,"column":55}},"181":{"start":{"line":182,"column":0},"end":{"line":182,"column":42}},"182":{"start":{"line":183,"column":0},"end":{"line":183,"column":67}},"183":{"start":{"line":184,"column":0},"end":{"line":184,"column":83}},"184":{"start":{"line":185,"column":0},"end":{"line":185,"column":49}},"185":{"start":{"line":186,"column":0},"end":{"line":186,"column":73}},"186":{"start":{"line":187,"column":0},"end":{"line":187,"column":9}},"187":{"start":{"line":188,"column":0},"end":{"line":188,"column":5}},"188":{"start":{"line":189,"column":0},"end":{"line":189,"column":0}},"189":{"start":{"line":190,"column":0},"end":{"line":190,"column":31}},"190":{"start":{"line":191,"column":0},"end":{"line":191,"column":28}},"191":{"start":{"line":192,"column":0},"end":{"line":192,"column":20}},"192":{"start":{"line":193,"column":0},"end":{"line":193,"column":0}},"193":{"start":{"line":194,"column":0},"end":{"line":194,"column":20}},"194":{"start":{"line":195,"column":0},"end":{"line":195,"column":69}},"195":{"start":{"line":196,"column":0},"end":{"line":196,"column":40}},"196":{"start":{"line":197,"column":0},"end":{"line":197,"column":77}},"197":{"start":{"line":198,"column":0},"end":{"line":198,"column":78}},"198":{"start":{"line":199,"column":0},"end":{"line":199,"column":9}},"199":{"start":{"line":200,"column":0},"end":{"line":200,"column":0}},"200":{"start":{"line":201,"column":0},"end":{"line":201,"column":17}},"201":{"start":{"line":202,"column":0},"end":{"line":202,"column":38}},"202":{"start":{"line":203,"column":0},"end":{"line":203,"column":62}},"203":{"start":{"line":204,"column":0},"end":{"line":204,"column":30}},"204":{"start":{"line":205,"column":0},"end":{"line":205,"column":13}},"205":{"start":{"line":206,"column":0},"end":{"line":206,"column":11}},"206":{"start":{"line":207,"column":0},"end":{"line":207,"column":0}},"207":{"start":{"line":208,"column":0},"end":{"line":208,"column":17}},"208":{"start":{"line":209,"column":0},"end":{"line":209,"column":43}},"209":{"start":{"line":210,"column":0},"end":{"line":210,"column":45}},"210":{"start":{"line":211,"column":0},"end":{"line":211,"column":42}},"211":{"start":{"line":212,"column":0},"end":{"line":212,"column":44}},"212":{"start":{"line":213,"column":0},"end":{"line":213,"column":45}},"213":{"start":{"line":214,"column":0},"end":{"line":214,"column":40}},"214":{"start":{"line":215,"column":0},"end":{"line":215,"column":38}},"215":{"start":{"line":216,"column":0},"end":{"line":216,"column":39}},"216":{"start":{"line":217,"column":0},"end":{"line":217,"column":34}},"217":{"start":{"line":218,"column":0},"end":{"line":218,"column":36}},"218":{"start":{"line":219,"column":0},"end":{"line":219,"column":38}},"219":{"start":{"line":220,"column":0},"end":{"line":220,"column":11}},"220":{"start":{"line":221,"column":0},"end":{"line":221,"column":0}},"221":{"start":{"line":222,"column":0},"end":{"line":222,"column":16}},"222":{"start":{"line":223,"column":0},"end":{"line":223,"column":39}},"223":{"start":{"line":224,"column":0},"end":{"line":224,"column":52}},"224":{"start":{"line":225,"column":0},"end":{"line":225,"column":9}},"225":{"start":{"line":226,"column":0},"end":{"line":226,"column":5}},"226":{"start":{"line":227,"column":0},"end":{"line":227,"column":0}},"227":{"start":{"line":228,"column":0},"end":{"line":228,"column":20}},"228":{"start":{"line":229,"column":0},"end":{"line":229,"column":0}},"229":{"start":{"line":230,"column":0},"end":{"line":230,"column":41}},"230":{"start":{"line":231,"column":0},"end":{"line":231,"column":20}},"231":{"start":{"line":232,"column":0},"end":{"line":232,"column":40}},"232":{"start":{"line":233,"column":0},"end":{"line":233,"column":74}},"233":{"start":{"line":234,"column":0},"end":{"line":234,"column":75}},"234":{"start":{"line":235,"column":0},"end":{"line":235,"column":9}},"235":{"start":{"line":236,"column":0},"end":{"line":236,"column":16}},"236":{"start":{"line":237,"column":0},"end":{"line":237,"column":66}},"237":{"start":{"line":238,"column":0},"end":{"line":238,"column":5}},"238":{"start":{"line":239,"column":0},"end":{"line":239,"column":0}},"239":{"start":{"line":240,"column":0},"end":{"line":240,"column":34}},"240":{"start":{"line":241,"column":0},"end":{"line":241,"column":23}},"241":{"start":{"line":242,"column":0},"end":{"line":242,"column":89}},"242":{"start":{"line":243,"column":0},"end":{"line":243,"column":20}},"243":{"start":{"line":244,"column":0},"end":{"line":244,"column":0}},"244":{"start":{"line":245,"column":0},"end":{"line":245,"column":17}},"245":{"start":{"line":246,"column":0},"end":{"line":246,"column":34}},"246":{"start":{"line":247,"column":0},"end":{"line":247,"column":0}},"247":{"start":{"line":248,"column":0},"end":{"line":248,"column":19}},"248":{"start":{"line":249,"column":0},"end":{"line":249,"column":44}},"249":{"start":{"line":250,"column":0},"end":{"line":250,"column":40}},"250":{"start":{"line":251,"column":0},"end":{"line":251,"column":43}},"251":{"start":{"line":252,"column":0},"end":{"line":252,"column":9}},"252":{"start":{"line":253,"column":0},"end":{"line":253,"column":0}},"253":{"start":{"line":254,"column":0},"end":{"line":254,"column":24}},"254":{"start":{"line":255,"column":0},"end":{"line":255,"column":25}},"255":{"start":{"line":256,"column":0},"end":{"line":256,"column":25}},"256":{"start":{"line":257,"column":0},"end":{"line":257,"column":9}},"257":{"start":{"line":258,"column":0},"end":{"line":258,"column":5}},"258":{"start":{"line":259,"column":0},"end":{"line":259,"column":0}},"259":{"start":{"line":260,"column":0},"end":{"line":260,"column":18}},"260":{"start":{"line":261,"column":0},"end":{"line":261,"column":26}},"261":{"start":{"line":262,"column":0},"end":{"line":262,"column":44}},"262":{"start":{"line":263,"column":0},"end":{"line":263,"column":33}},"263":{"start":{"line":264,"column":0},"end":{"line":264,"column":53}},"264":{"start":{"line":265,"column":0},"end":{"line":265,"column":32}},"265":{"start":{"line":266,"column":0},"end":{"line":266,"column":9}},"266":{"start":{"line":267,"column":0},"end":{"line":267,"column":5}},"267":{"start":{"line":268,"column":0},"end":{"line":268,"column":0}},"268":{"start":{"line":269,"column":0},"end":{"line":269,"column":18}},"269":{"start":{"line":270,"column":0},"end":{"line":270,"column":25}},"270":{"start":{"line":271,"column":0},"end":{"line":271,"column":44}},"271":{"start":{"line":272,"column":0},"end":{"line":272,"column":32}},"272":{"start":{"line":273,"column":0},"end":{"line":273,"column":53}},"273":{"start":{"line":274,"column":0},"end":{"line":274,"column":31}},"274":{"start":{"line":275,"column":0},"end":{"line":275,"column":9}},"275":{"start":{"line":276,"column":0},"end":{"line":276,"column":5}},"276":{"start":{"line":277,"column":0},"end":{"line":277,"column":0}},"277":{"start":{"line":278,"column":0},"end":{"line":278,"column":27}},"278":{"start":{"line":279,"column":0},"end":{"line":279,"column":0}},"279":{"start":{"line":280,"column":0},"end":{"line":280,"column":53}},"280":{"start":{"line":281,"column":0},"end":{"line":281,"column":34}},"281":{"start":{"line":282,"column":0},"end":{"line":282,"column":43}},"282":{"start":{"line":283,"column":0},"end":{"line":283,"column":9}},"283":{"start":{"line":284,"column":0},"end":{"line":284,"column":0}},"284":{"start":{"line":285,"column":0},"end":{"line":285,"column":55}},"285":{"start":{"line":286,"column":0},"end":{"line":286,"column":39}},"286":{"start":{"line":287,"column":0},"end":{"line":287,"column":53}},"287":{"start":{"line":288,"column":0},"end":{"line":288,"column":0}},"288":{"start":{"line":289,"column":0},"end":{"line":289,"column":21}},"289":{"start":{"line":290,"column":0},"end":{"line":290,"column":51}},"290":{"start":{"line":291,"column":0},"end":{"line":291,"column":0}},"291":{"start":{"line":292,"column":0},"end":{"line":292,"column":22}},"292":{"start":{"line":293,"column":0},"end":{"line":293,"column":77}},"293":{"start":{"line":294,"column":0},"end":{"line":294,"column":0}},"294":{"start":{"line":295,"column":0},"end":{"line":295,"column":57}},"295":{"start":{"line":296,"column":0},"end":{"line":296,"column":32}},"296":{"start":{"line":297,"column":0},"end":{"line":297,"column":75}},"297":{"start":{"line":298,"column":0},"end":{"line":298,"column":9}},"298":{"start":{"line":299,"column":0},"end":{"line":299,"column":0}},"299":{"start":{"line":300,"column":0},"end":{"line":300,"column":23}},"300":{"start":{"line":301,"column":0},"end":{"line":301,"column":80}},"301":{"start":{"line":302,"column":0},"end":{"line":302,"column":0}},"302":{"start":{"line":303,"column":0},"end":{"line":303,"column":39}},"303":{"start":{"line":304,"column":0},"end":{"line":304,"column":80}},"304":{"start":{"line":305,"column":0},"end":{"line":305,"column":5}},"305":{"start":{"line":306,"column":0},"end":{"line":306,"column":0}},"306":{"start":{"line":307,"column":0},"end":{"line":307,"column":33}},"307":{"start":{"line":308,"column":0},"end":{"line":308,"column":45}},"308":{"start":{"line":309,"column":0},"end":{"line":309,"column":48}},"309":{"start":{"line":310,"column":0},"end":{"line":310,"column":35}},"310":{"start":{"line":311,"column":0},"end":{"line":311,"column":84}},"311":{"start":{"line":312,"column":0},"end":{"line":312,"column":9}},"312":{"start":{"line":313,"column":0},"end":{"line":313,"column":5}},"313":{"start":{"line":314,"column":0},"end":{"line":314,"column":0}},"314":{"start":{"line":315,"column":0},"end":{"line":315,"column":32}},"315":{"start":{"line":316,"column":0},"end":{"line":316,"column":45}},"316":{"start":{"line":317,"column":0},"end":{"line":317,"column":56}},"317":{"start":{"line":318,"column":0},"end":{"line":318,"column":41}},"318":{"start":{"line":319,"column":0},"end":{"line":319,"column":9}},"319":{"start":{"line":320,"column":0},"end":{"line":320,"column":5}},"320":{"start":{"line":321,"column":0},"end":{"line":321,"column":0}},"321":{"start":{"line":322,"column":0},"end":{"line":322,"column":25}},"322":{"start":{"line":323,"column":0},"end":{"line":323,"column":0}},"323":{"start":{"line":324,"column":0},"end":{"line":324,"column":16}},"324":{"start":{"line":325,"column":0},"end":{"line":325,"column":38}},"325":{"start":{"line":326,"column":0},"end":{"line":326,"column":46}},"326":{"start":{"line":327,"column":0},"end":{"line":327,"column":0}},"327":{"start":{"line":328,"column":0},"end":{"line":328,"column":48}},"328":{"start":{"line":329,"column":0},"end":{"line":329,"column":33}},"329":{"start":{"line":330,"column":0},"end":{"line":330,"column":0}},"330":{"start":{"line":331,"column":0},"end":{"line":331,"column":58}},"331":{"start":{"line":332,"column":0},"end":{"line":332,"column":55}},"332":{"start":{"line":333,"column":0},"end":{"line":333,"column":40}},"333":{"start":{"line":334,"column":0},"end":{"line":334,"column":57}},"334":{"start":{"line":335,"column":0},"end":{"line":335,"column":49}},"335":{"start":{"line":336,"column":0},"end":{"line":336,"column":36}},"336":{"start":{"line":337,"column":0},"end":{"line":337,"column":34}},"337":{"start":{"line":338,"column":0},"end":{"line":338,"column":37}},"338":{"start":{"line":339,"column":0},"end":{"line":339,"column":15}},"339":{"start":{"line":340,"column":0},"end":{"line":340,"column":54}},"340":{"start":{"line":341,"column":0},"end":{"line":341,"column":42}},"341":{"start":{"line":342,"column":0},"end":{"line":342,"column":9}},"342":{"start":{"line":343,"column":0},"end":{"line":343,"column":32}},"343":{"start":{"line":344,"column":0},"end":{"line":344,"column":5}},"344":{"start":{"line":345,"column":0},"end":{"line":345,"column":0}},"345":{"start":{"line":346,"column":0},"end":{"line":346,"column":18}},"346":{"start":{"line":347,"column":0},"end":{"line":347,"column":38}},"347":{"start":{"line":348,"column":0},"end":{"line":348,"column":53}},"348":{"start":{"line":349,"column":0},"end":{"line":349,"column":72}},"349":{"start":{"line":350,"column":0},"end":{"line":350,"column":11}},"350":{"start":{"line":351,"column":0},"end":{"line":351,"column":5}},"351":{"start":{"line":352,"column":0},"end":{"line":352,"column":0}},"352":{"start":{"line":353,"column":0},"end":{"line":353,"column":25}},"353":{"start":{"line":354,"column":0},"end":{"line":354,"column":74}},"354":{"start":{"line":355,"column":0},"end":{"line":355,"column":50}},"355":{"start":{"line":356,"column":0},"end":{"line":356,"column":54}},"356":{"start":{"line":357,"column":0},"end":{"line":357,"column":32}},"357":{"start":{"line":358,"column":0},"end":{"line":358,"column":0}},"358":{"start":{"line":359,"column":0},"end":{"line":359,"column":43}},"359":{"start":{"line":360,"column":0},"end":{"line":360,"column":41}},"360":{"start":{"line":361,"column":0},"end":{"line":361,"column":14}},"361":{"start":{"line":362,"column":0},"end":{"line":362,"column":56}},"362":{"start":{"line":363,"column":0},"end":{"line":363,"column":0}},"363":{"start":{"line":364,"column":0},"end":{"line":364,"column":15}},"364":{"start":{"line":365,"column":0},"end":{"line":365,"column":55}},"365":{"start":{"line":366,"column":0},"end":{"line":366,"column":61}},"366":{"start":{"line":367,"column":0},"end":{"line":367,"column":21}},"367":{"start":{"line":368,"column":0},"end":{"line":368,"column":0}},"368":{"start":{"line":369,"column":0},"end":{"line":369,"column":67}},"369":{"start":{"line":370,"column":0},"end":{"line":370,"column":0}},"370":{"start":{"line":371,"column":0},"end":{"line":371,"column":57}},"371":{"start":{"line":372,"column":0},"end":{"line":372,"column":28}},"372":{"start":{"line":373,"column":0},"end":{"line":373,"column":47}},"373":{"start":{"line":374,"column":0},"end":{"line":374,"column":89}},"374":{"start":{"line":375,"column":0},"end":{"line":375,"column":0}},"375":{"start":{"line":376,"column":0},"end":{"line":376,"column":42}},"376":{"start":{"line":377,"column":0},"end":{"line":377,"column":40}},"377":{"start":{"line":378,"column":0},"end":{"line":378,"column":41}},"378":{"start":{"line":379,"column":0},"end":{"line":379,"column":0}},"379":{"start":{"line":380,"column":0},"end":{"line":380,"column":25}},"380":{"start":{"line":381,"column":0},"end":{"line":381,"column":35}},"381":{"start":{"line":382,"column":0},"end":{"line":382,"column":49}},"382":{"start":{"line":383,"column":0},"end":{"line":383,"column":60}},"383":{"start":{"line":384,"column":0},"end":{"line":384,"column":62}},"384":{"start":{"line":385,"column":0},"end":{"line":385,"column":48}},"385":{"start":{"line":386,"column":0},"end":{"line":386,"column":35}},"386":{"start":{"line":387,"column":0},"end":{"line":387,"column":17}},"387":{"start":{"line":388,"column":0},"end":{"line":388,"column":14}},"388":{"start":{"line":389,"column":0},"end":{"line":389,"column":0}},"389":{"start":{"line":390,"column":0},"end":{"line":390,"column":66}},"390":{"start":{"line":391,"column":0},"end":{"line":391,"column":36}},"391":{"start":{"line":392,"column":0},"end":{"line":392,"column":82}},"392":{"start":{"line":393,"column":0},"end":{"line":393,"column":16}},"393":{"start":{"line":394,"column":0},"end":{"line":394,"column":33}},"394":{"start":{"line":395,"column":0},"end":{"line":395,"column":38}},"395":{"start":{"line":396,"column":0},"end":{"line":396,"column":36}},"396":{"start":{"line":397,"column":0},"end":{"line":397,"column":37}},"397":{"start":{"line":398,"column":0},"end":{"line":398,"column":9}},"398":{"start":{"line":399,"column":0},"end":{"line":399,"column":5}},"399":{"start":{"line":400,"column":0},"end":{"line":400,"column":0}},"400":{"start":{"line":401,"column":0},"end":{"line":401,"column":32}},"401":{"start":{"line":402,"column":0},"end":{"line":402,"column":41}},"402":{"start":{"line":403,"column":0},"end":{"line":403,"column":34}},"403":{"start":{"line":404,"column":0},"end":{"line":404,"column":41}},"404":{"start":{"line":405,"column":0},"end":{"line":405,"column":56}},"405":{"start":{"line":406,"column":0},"end":{"line":406,"column":0}},"406":{"start":{"line":407,"column":0},"end":{"line":407,"column":18}},"407":{"start":{"line":408,"column":0},"end":{"line":408,"column":49}},"408":{"start":{"line":409,"column":0},"end":{"line":409,"column":67}},"409":{"start":{"line":410,"column":0},"end":{"line":410,"column":0}},"410":{"start":{"line":411,"column":0},"end":{"line":411,"column":25}},"411":{"start":{"line":412,"column":0},"end":{"line":412,"column":37}},"412":{"start":{"line":413,"column":0},"end":{"line":413,"column":94}},"413":{"start":{"line":414,"column":0},"end":{"line":414,"column":11}},"414":{"start":{"line":415,"column":0},"end":{"line":415,"column":0}},"415":{"start":{"line":416,"column":0},"end":{"line":416,"column":32}},"416":{"start":{"line":417,"column":0},"end":{"line":417,"column":33}},"417":{"start":{"line":418,"column":0},"end":{"line":418,"column":5}},"418":{"start":{"line":419,"column":0},"end":{"line":419,"column":0}},"419":{"start":{"line":420,"column":0},"end":{"line":420,"column":30}},"420":{"start":{"line":421,"column":0},"end":{"line":421,"column":30}},"421":{"start":{"line":422,"column":0},"end":{"line":422,"column":70}},"422":{"start":{"line":423,"column":0},"end":{"line":423,"column":0}},"423":{"start":{"line":424,"column":0},"end":{"line":424,"column":45}},"424":{"start":{"line":425,"column":0},"end":{"line":425,"column":39}},"425":{"start":{"line":426,"column":0},"end":{"line":426,"column":52}},"426":{"start":{"line":427,"column":0},"end":{"line":427,"column":46}},"427":{"start":{"line":428,"column":0},"end":{"line":428,"column":9}},"428":{"start":{"line":429,"column":0},"end":{"line":429,"column":33}},"429":{"start":{"line":430,"column":0},"end":{"line":430,"column":5}},"430":{"start":{"line":431,"column":0},"end":{"line":431,"column":0}},"431":{"start":{"line":432,"column":0},"end":{"line":432,"column":30}},"432":{"start":{"line":433,"column":0},"end":{"line":433,"column":30}},"433":{"start":{"line":434,"column":0},"end":{"line":434,"column":70}},"434":{"start":{"line":435,"column":0},"end":{"line":435,"column":0}},"435":{"start":{"line":436,"column":0},"end":{"line":436,"column":45}},"436":{"start":{"line":437,"column":0},"end":{"line":437,"column":40}},"437":{"start":{"line":438,"column":0},"end":{"line":438,"column":27}},"438":{"start":{"line":439,"column":0},"end":{"line":439,"column":26}},"439":{"start":{"line":440,"column":0},"end":{"line":440,"column":9}},"440":{"start":{"line":441,"column":0},"end":{"line":441,"column":33}},"441":{"start":{"line":442,"column":0},"end":{"line":442,"column":5}},"442":{"start":{"line":443,"column":0},"end":{"line":443,"column":0}},"443":{"start":{"line":444,"column":0},"end":{"line":444,"column":34}},"444":{"start":{"line":445,"column":0},"end":{"line":445,"column":81}},"445":{"start":{"line":446,"column":0},"end":{"line":446,"column":0}},"446":{"start":{"line":447,"column":0},"end":{"line":447,"column":55}},"447":{"start":{"line":448,"column":0},"end":{"line":448,"column":36}},"448":{"start":{"line":449,"column":0},"end":{"line":449,"column":33}},"449":{"start":{"line":450,"column":0},"end":{"line":450,"column":13}},"450":{"start":{"line":451,"column":0},"end":{"line":451,"column":42}},"451":{"start":{"line":452,"column":0},"end":{"line":452,"column":5}},"452":{"start":{"line":453,"column":0},"end":{"line":453,"column":0}},"453":{"start":{"line":454,"column":0},"end":{"line":454,"column":33}},"454":{"start":{"line":455,"column":0},"end":{"line":455,"column":42}},"455":{"start":{"line":456,"column":0},"end":{"line":456,"column":46}},"456":{"start":{"line":457,"column":0},"end":{"line":457,"column":38}},"457":{"start":{"line":458,"column":0},"end":{"line":458,"column":9}},"458":{"start":{"line":459,"column":0},"end":{"line":459,"column":5}},"459":{"start":{"line":460,"column":0},"end":{"line":460,"column":1}},"460":{"start":{"line":461,"column":0},"end":{"line":461,"column":0}},"461":{"start":{"line":462,"column":0},"end":{"line":462,"column":24}}},"s":{"0":1,"1":1,"2":1,"3":1,"4":1,"5":1,"6":1,"7":1,"8":1,"9":1,"10":1,"11":1,"12":1,"13":1,"14":1,"15":1,"16":1,"17":1,"18":1,"19":1,"20":1,"21":1,"22":1,"23":1,"24":1,"25":1,"26":1,"27":1,"28":1,"29":1,"30":1,"31":1,"32":1,"33":1,"34":1,"35":1,"36":1,"37":1,"38":1,"39":1,"40":1,"41":1,"42":1,"43":1,"44":1,"45":1,"46":1,"47":1,"48":1,"49":1,"50":1,"51":1,"52":1,"53":1,"54":1,"55":1,"56":1,"57":1,"58":1,"59":1,"60":40,"61":40,"62":40,"63":40,"64":40,"65":40,"66":40,"67":40,"68":40,"69":40,"70":40,"71":40,"72":1,"73":1,"74":1,"75":1,"76":39,"77":39,"78":39,"79":39,"80":40,"81":1,"82":1,"83":1,"84":1,"85":1,"86":38,"87":38,"88":40,"89":25,"90":40,"91":12,"92":13,"93":1,"94":1,"95":1,"96":1,"97":37,"98":37,"99":37,"100":37,"101":37,"102":37,"103":40,"104":1,"105":1,"106":1,"107":1,"108":25,"109":25,"110":3,"111":3,"112":25,"113":25,"114":25,"115":25,"116":25,"117":25,"118":25,"119":25,"120":25,"121":25,"122":25,"123":25,"124":25,"125":25,"126":25,"127":25,"128":25,"129":25,"130":125,"131":125,"132":25,"133":25,"134":25,"135":25,"136":25,"137":25,"138":25,"139":25,"140":3,"141":3,"142":25,"143":1,"144":1,"145":12,"146":12,"147":12,"148":12,"149":12,"150":12,"151":12,"152":12,"153":36,"154":36,"155":36,"156":36,"157":36,"158":12,"159":12,"160":12,"161":12,"162":12,"163":12,"164":72,"165":72,"166":12,"167":12,"168":12,"169":12,"170":12,"171":12,"172":12,"173":12,"174":1,"175":1,"176":1,"177":1,"178":1,"179":40,"180":40,"181":28,"182":28,"183":40,"184":12,"185":12,"186":12,"187":40,"188":1,"189":1,"190":1,"191":38,"192":38,"193":38,"194":38,"195":38,"196":38,"197":38,"198":38,"199":38,"200":38,"201":38,"202":197,"203":86,"204":86,"205":38,"206":38,"207":38,"208":38,"209":38,"210":38,"211":38,"212":38,"213":38,"214":38,"215":197,"216":197,"217":197,"218":197,"219":38,"220":38,"221":38,"222":38,"223":3,"224":3,"225":38,"226":1,"227":1,"228":1,"229":1,"230":37,"231":37,"232":37,"233":37,"234":37,"235":37,"236":37,"237":37,"238":1,"239":1,"240":3,"241":3,"242":3,"243":3,"244":3,"245":3,"246":3,"247":3,"248":3,"249":3,"250":3,"251":3,"252":3,"253":3,"254":3,"255":2,"256":2,"257":3,"258":1,"259":1,"260":1,"261":45,"262":30,"263":45,"264":15,"265":15,"266":45,"267":1,"268":1,"269":1,"270":68,"271":46,"272":68,"273":22,"274":22,"275":68,"276":1,"277":1,"278":1,"279":1,"280":7,"281":2,"282":2,"283":7,"284":7,"285":7,"286":7,"287":7,"288":7,"289":7,"290":7,"291":7,"292":7,"293":7,"294":7,"295":1,"296":1,"297":1,"298":7,"299":7,"300":7,"301":7,"302":7,"303":7,"304":7,"305":1,"306":1,"307":15,"308":15,"309":15,"310":15,"311":15,"312":15,"313":1,"314":1,"315":22,"316":18,"317":18,"318":18,"319":22,"320":1,"321":1,"322":1,"323":1,"324":1,"325":4,"326":3,"327":3,"328":3,"329":3,"330":4,"331":9,"332":9,"333":9,"334":9,"335":1,"336":1,"337":1,"338":9,"339":9,"340":9,"341":9,"342":9,"343":4,"344":1,"345":1,"346":1,"347":47,"348":15,"349":47,"350":47,"351":1,"352":1,"353":1,"354":38,"355":38,"356":36,"357":36,"358":36,"359":36,"360":36,"361":36,"362":36,"363":36,"364":36,"365":11,"366":25,"367":38,"368":38,"369":38,"370":38,"371":38,"372":11,"373":11,"374":11,"375":11,"376":11,"377":11,"378":11,"379":11,"380":11,"381":1,"382":1,"383":11,"384":1,"385":1,"386":1,"387":11,"388":11,"389":11,"390":11,"391":11,"392":38,"393":25,"394":25,"395":25,"396":25,"397":25,"398":38,"399":1,"400":1,"401":1,"402":8,"403":8,"404":8,"405":8,"406":8,"407":8,"408":8,"409":8,"410":8,"411":8,"412":1,"413":8,"414":8,"415":8,"416":8,"417":8,"418":1,"419":1,"420":1,"421":4,"422":3,"423":3,"424":3,"425":4,"426":1,"427":1,"428":3,"429":4,"430":1,"431":1,"432":1,"433":3,"434":1,"435":1,"436":1,"437":1,"438":1,"439":1,"440":1,"441":3,"442":1,"443":1,"444":33,"445":31,"446":31,"447":2,"448":2,"449":2,"450":31,"451":33,"452":1,"453":1,"454":47,"455":31,"456":31,"457":31,"458":47,"459":1,"460":1,"461":1},"branchMap":{"0":{"type":"branch","line":60,"loc":{"start":{"line":60,"column":4},"end":{"line":104,"column":5}},"locations":[{"start":{"line":60,"column":4},"end":{"line":104,"column":5}}]},"1":{"type":"branch","line":72,"loc":{"start":{"line":72,"column":24},"end":{"line":76,"column":9}},"locations":[{"start":{"line":72,"column":24},"end":{"line":76,"column":9}}]},"2":{"type":"branch","line":76,"loc":{"start":{"line":76,"column":8},"end":{"line":81,"column":42}},"locations":[{"start":{"line":76,"column":8},"end":{"line":81,"column":42}}]},"3":{"type":"branch","line":81,"loc":{"start":{"line":81,"column":42},"end":{"line":86,"column":9}},"locations":[{"start":{"line":81,"column":42},"end":{"line":86,"column":9}}]},"4":{"type":"branch","line":86,"loc":{"start":{"line":86,"column":8},"end":{"line":89,"column":43}},"locations":[{"start":{"line":86,"column":8},"end":{"line":89,"column":43}}]},"5":{"type":"branch","line":89,"loc":{"start":{"line":89,"column":43},"end":{"line":91,"column":19}},"locations":[{"start":{"line":89,"column":43},"end":{"line":91,"column":19}}]},"6":{"type":"branch","line":91,"loc":{"start":{"line":91,"column":8},"end":{"line":97,"column":9}},"locations":[{"start":{"line":91,"column":8},"end":{"line":97,"column":9}}]},"7":{"type":"branch","line":91,"loc":{"start":{"line":91,"column":52},"end":{"line":93,"column":15}},"locations":[{"start":{"line":91,"column":52},"end":{"line":93,"column":15}}]},"8":{"type":"branch","line":93,"loc":{"start":{"line":93,"column":8},"end":{"line":97,"column":9}},"locations":[{"start":{"line":93,"column":8},"end":{"line":97,"column":9}}]},"9":{"type":"branch","line":97,"loc":{"start":{"line":97,"column":8},"end":{"line":103,"column":21}},"locations":[{"start":{"line":97,"column":8},"end":{"line":103,"column":21}}]},"10":{"type":"branch","line":108,"loc":{"start":{"line":108,"column":12},"end":{"line":143,"column":5}},"locations":[{"start":{"line":108,"column":12},"end":{"line":143,"column":5}}]},"11":{"type":"branch","line":110,"loc":{"start":{"line":110,"column":45},"end":{"line":112,"column":9}},"locations":[{"start":{"line":110,"column":45},"end":{"line":112,"column":9}}]},"12":{"type":"branch","line":140,"loc":{"start":{"line":140,"column":38},"end":{"line":142,"column":9}},"locations":[{"start":{"line":140,"column":38},"end":{"line":142,"column":9}}]},"13":{"type":"branch","line":130,"loc":{"start":{"line":130,"column":27},"end":{"line":133,"column":9}},"locations":[{"start":{"line":130,"column":27},"end":{"line":133,"column":9}}]},"14":{"type":"branch","line":145,"loc":{"start":{"line":145,"column":12},"end":{"line":174,"column":5}},"locations":[{"start":{"line":145,"column":12},"end":{"line":174,"column":5}}]},"15":{"type":"branch","line":153,"loc":{"start":{"line":153,"column":57},"end":{"line":158,"column":9}},"locations":[{"start":{"line":153,"column":57},"end":{"line":158,"column":9}}]},"16":{"type":"branch","line":164,"loc":{"start":{"line":164,"column":27},"end":{"line":167,"column":9}},"locations":[{"start":{"line":164,"column":27},"end":{"line":167,"column":9}}]},"17":{"type":"branch","line":179,"loc":{"start":{"line":179,"column":12},"end":{"line":188,"column":5}},"locations":[{"start":{"line":179,"column":12},"end":{"line":188,"column":5}}]},"18":{"type":"branch","line":181,"loc":{"start":{"line":181,"column":34},"end":{"line":181,"column":54}},"locations":[{"start":{"line":181,"column":34},"end":{"line":181,"column":54}}]},"19":{"type":"branch","line":181,"loc":{"start":{"line":181,"column":54},"end":{"line":184,"column":19}},"locations":[{"start":{"line":181,"column":54},"end":{"line":184,"column":19}}]},"20":{"type":"branch","line":184,"loc":{"start":{"line":184,"column":8},"end":{"line":187,"column":9}},"locations":[{"start":{"line":184,"column":8},"end":{"line":187,"column":9}}]},"21":{"type":"branch","line":191,"loc":{"start":{"line":191,"column":11},"end":{"line":226,"column":5}},"locations":[{"start":{"line":191,"column":11},"end":{"line":226,"column":5}}]},"22":{"type":"branch","line":223,"loc":{"start":{"line":223,"column":38},"end":{"line":225,"column":9}},"locations":[{"start":{"line":223,"column":38},"end":{"line":225,"column":9}}]},"23":{"type":"branch","line":202,"loc":{"start":{"line":202,"column":27},"end":{"line":206,"column":9}},"locations":[{"start":{"line":202,"column":27},"end":{"line":206,"column":9}}]},"24":{"type":"branch","line":203,"loc":{"start":{"line":203,"column":61},"end":{"line":205,"column":13}},"locations":[{"start":{"line":203,"column":61},"end":{"line":205,"column":13}}]},"25":{"type":"branch","line":215,"loc":{"start":{"line":215,"column":27},"end":{"line":220,"column":9}},"locations":[{"start":{"line":215,"column":27},"end":{"line":220,"column":9}}]},"26":{"type":"branch","line":230,"loc":{"start":{"line":230,"column":12},"end":{"line":238,"column":5}},"locations":[{"start":{"line":230,"column":12},"end":{"line":238,"column":5}}]},"27":{"type":"branch","line":240,"loc":{"start":{"line":240,"column":12},"end":{"line":258,"column":5}},"locations":[{"start":{"line":240,"column":12},"end":{"line":258,"column":5}}]},"28":{"type":"branch","line":242,"loc":{"start":{"line":242,"column":50},"end":{"line":242,"column":89}},"locations":[{"start":{"line":242,"column":50},"end":{"line":242,"column":89}}]},"29":{"type":"branch","line":255,"loc":{"start":{"line":255,"column":24},"end":{"line":257,"column":9}},"locations":[{"start":{"line":255,"column":24},"end":{"line":257,"column":9}}]},"30":{"type":"branch","line":261,"loc":{"start":{"line":261,"column":11},"end":{"line":267,"column":5}},"locations":[{"start":{"line":261,"column":11},"end":{"line":267,"column":5}}]},"31":{"type":"branch","line":262,"loc":{"start":{"line":262,"column":43},"end":{"line":264,"column":19}},"locations":[{"start":{"line":262,"column":43},"end":{"line":264,"column":19}}]},"32":{"type":"branch","line":264,"loc":{"start":{"line":264,"column":8},"end":{"line":266,"column":9}},"locations":[{"start":{"line":264,"column":8},"end":{"line":266,"column":9}}]},"33":{"type":"branch","line":270,"loc":{"start":{"line":270,"column":11},"end":{"line":276,"column":5}},"locations":[{"start":{"line":270,"column":11},"end":{"line":276,"column":5}}]},"34":{"type":"branch","line":271,"loc":{"start":{"line":271,"column":43},"end":{"line":273,"column":19}},"locations":[{"start":{"line":271,"column":43},"end":{"line":273,"column":19}}]},"35":{"type":"branch","line":273,"loc":{"start":{"line":273,"column":8},"end":{"line":275,"column":9}},"locations":[{"start":{"line":273,"column":8},"end":{"line":275,"column":9}}]},"36":{"type":"branch","line":280,"loc":{"start":{"line":280,"column":12},"end":{"line":305,"column":5}},"locations":[{"start":{"line":280,"column":12},"end":{"line":305,"column":5}}]},"37":{"type":"branch","line":281,"loc":{"start":{"line":281,"column":33},"end":{"line":283,"column":9}},"locations":[{"start":{"line":281,"column":33},"end":{"line":283,"column":9}}]},"38":{"type":"branch","line":295,"loc":{"start":{"line":295,"column":56},"end":{"line":298,"column":9}},"locations":[{"start":{"line":295,"column":56},"end":{"line":298,"column":9}}]},"39":{"type":"branch","line":307,"loc":{"start":{"line":307,"column":11},"end":{"line":313,"column":5}},"locations":[{"start":{"line":307,"column":11},"end":{"line":313,"column":5}}]},"40":{"type":"branch","line":315,"loc":{"start":{"line":315,"column":11},"end":{"line":320,"column":5}},"locations":[{"start":{"line":315,"column":11},"end":{"line":320,"column":5}}]},"41":{"type":"branch","line":316,"loc":{"start":{"line":316,"column":44},"end":{"line":319,"column":9}},"locations":[{"start":{"line":316,"column":44},"end":{"line":319,"column":9}}]},"42":{"type":"branch","line":325,"loc":{"start":{"line":325,"column":12},"end":{"line":344,"column":5}},"locations":[{"start":{"line":325,"column":12},"end":{"line":344,"column":5}}]},"43":{"type":"branch","line":326,"loc":{"start":{"line":326,"column":39},"end":{"line":326,"column":46}},"locations":[{"start":{"line":326,"column":39},"end":{"line":326,"column":46}}]},"44":{"type":"branch","line":326,"loc":{"start":{"line":326,"column":39},"end":{"line":331,"column":57}},"locations":[{"start":{"line":326,"column":39},"end":{"line":331,"column":57}}]},"45":{"type":"branch","line":331,"loc":{"start":{"line":331,"column":57},"end":{"line":343,"column":32}},"locations":[{"start":{"line":331,"column":57},"end":{"line":343,"column":32}}]},"46":{"type":"branch","line":335,"loc":{"start":{"line":335,"column":42},"end":{"line":339,"column":13}},"locations":[{"start":{"line":335,"column":42},"end":{"line":339,"column":13}}]},"47":{"type":"branch","line":347,"loc":{"start":{"line":347,"column":12},"end":{"line":351,"column":5}},"locations":[{"start":{"line":347,"column":12},"end":{"line":351,"column":5}}]},"48":{"type":"branch","line":348,"loc":{"start":{"line":348,"column":36},"end":{"line":350,"column":9}},"locations":[{"start":{"line":348,"column":36},"end":{"line":350,"column":9}}]},"49":{"type":"branch","line":354,"loc":{"start":{"line":354,"column":11},"end":{"line":399,"column":5}},"locations":[{"start":{"line":354,"column":11},"end":{"line":399,"column":5}}]},"50":{"type":"branch","line":355,"loc":{"start":{"line":355,"column":43},"end":{"line":355,"column":50}},"locations":[{"start":{"line":355,"column":43},"end":{"line":355,"column":50}}]},"51":{"type":"branch","line":355,"loc":{"start":{"line":355,"column":43},"end":{"line":356,"column":32}},"locations":[{"start":{"line":355,"column":43},"end":{"line":356,"column":32}}]},"52":{"type":"branch","line":356,"loc":{"start":{"line":356,"column":17},"end":{"line":356,"column":47}},"locations":[{"start":{"line":356,"column":17},"end":{"line":356,"column":47}}]},"53":{"type":"branch","line":356,"loc":{"start":{"line":356,"column":47},"end":{"line":356,"column":54}},"locations":[{"start":{"line":356,"column":47},"end":{"line":356,"column":54}}]},"54":{"type":"branch","line":356,"loc":{"start":{"line":356,"column":47},"end":{"line":365,"column":55}},"locations":[{"start":{"line":356,"column":47},"end":{"line":365,"column":55}}]},"55":{"type":"branch","line":365,"loc":{"start":{"line":365,"column":42},"end":{"line":366,"column":61}},"locations":[{"start":{"line":365,"column":42},"end":{"line":366,"column":61}}]},"56":{"type":"branch","line":366,"loc":{"start":{"line":366,"column":45},"end":{"line":367,"column":21}},"locations":[{"start":{"line":366,"column":45},"end":{"line":367,"column":21}}]},"57":{"type":"branch","line":372,"loc":{"start":{"line":372,"column":27},"end":{"line":393,"column":15}},"locations":[{"start":{"line":372,"column":27},"end":{"line":393,"column":15}}]},"58":{"type":"branch","line":393,"loc":{"start":{"line":393,"column":8},"end":{"line":398,"column":9}},"locations":[{"start":{"line":393,"column":8},"end":{"line":398,"column":9}}]},"59":{"type":"branch","line":373,"loc":{"start":{"line":373,"column":40},"end":{"line":388,"column":14}},"locations":[{"start":{"line":373,"column":40},"end":{"line":388,"column":14}}]},"60":{"type":"branch","line":381,"loc":{"start":{"line":381,"column":34},"end":{"line":384,"column":27}},"locations":[{"start":{"line":381,"column":34},"end":{"line":384,"column":27}}]},"61":{"type":"branch","line":384,"loc":{"start":{"line":384,"column":16},"end":{"line":387,"column":17}},"locations":[{"start":{"line":384,"column":16},"end":{"line":387,"column":17}}]},"62":{"type":"branch","line":384,"loc":{"start":{"line":384,"column":61},"end":{"line":387,"column":17}},"locations":[{"start":{"line":384,"column":61},"end":{"line":387,"column":17}}]},"63":{"type":"branch","line":402,"loc":{"start":{"line":402,"column":12},"end":{"line":418,"column":5}},"locations":[{"start":{"line":402,"column":12},"end":{"line":418,"column":5}}]},"64":{"type":"branch","line":412,"loc":{"start":{"line":412,"column":30},"end":{"line":414,"column":9}},"locations":[{"start":{"line":412,"column":30},"end":{"line":414,"column":9}}]},"65":{"type":"branch","line":421,"loc":{"start":{"line":421,"column":11},"end":{"line":430,"column":5}},"locations":[{"start":{"line":421,"column":11},"end":{"line":430,"column":5}}]},"66":{"type":"branch","line":422,"loc":{"start":{"line":422,"column":63},"end":{"line":422,"column":70}},"locations":[{"start":{"line":422,"column":63},"end":{"line":422,"column":70}}]},"67":{"type":"branch","line":422,"loc":{"start":{"line":422,"column":63},"end":{"line":426,"column":51}},"locations":[{"start":{"line":422,"column":63},"end":{"line":426,"column":51}}]},"68":{"type":"branch","line":426,"loc":{"start":{"line":426,"column":51},"end":{"line":428,"column":9}},"locations":[{"start":{"line":426,"column":51},"end":{"line":428,"column":9}}]},"69":{"type":"branch","line":428,"loc":{"start":{"line":428,"column":8},"end":{"line":429,"column":33}},"locations":[{"start":{"line":428,"column":8},"end":{"line":429,"column":33}}]},"70":{"type":"branch","line":433,"loc":{"start":{"line":433,"column":11},"end":{"line":442,"column":5}},"locations":[{"start":{"line":433,"column":11},"end":{"line":442,"column":5}}]},"71":{"type":"branch","line":434,"loc":{"start":{"line":434,"column":34},"end":{"line":434,"column":63}},"locations":[{"start":{"line":434,"column":34},"end":{"line":434,"column":63}}]},"72":{"type":"branch","line":434,"loc":{"start":{"line":434,"column":63},"end":{"line":434,"column":70}},"locations":[{"start":{"line":434,"column":63},"end":{"line":434,"column":70}}]},"73":{"type":"branch","line":434,"loc":{"start":{"line":434,"column":63},"end":{"line":441,"column":33}},"locations":[{"start":{"line":434,"column":63},"end":{"line":441,"column":33}}]},"74":{"type":"branch","line":444,"loc":{"start":{"line":444,"column":11},"end":{"line":452,"column":5}},"locations":[{"start":{"line":444,"column":11},"end":{"line":452,"column":5}}]},"75":{"type":"branch","line":445,"loc":{"start":{"line":445,"column":34},"end":{"line":445,"column":74}},"locations":[{"start":{"line":445,"column":34},"end":{"line":445,"column":74}}]},"76":{"type":"branch","line":445,"loc":{"start":{"line":445,"column":74},"end":{"line":445,"column":81}},"locations":[{"start":{"line":445,"column":74},"end":{"line":445,"column":81}}]},"77":{"type":"branch","line":445,"loc":{"start":{"line":445,"column":74},"end":{"line":451,"column":42}},"locations":[{"start":{"line":445,"column":74},"end":{"line":451,"column":42}}]},"78":{"type":"branch","line":447,"loc":{"start":{"line":447,"column":48},"end":{"line":451,"column":11}},"locations":[{"start":{"line":447,"column":48},"end":{"line":451,"column":11}}]},"79":{"type":"branch","line":454,"loc":{"start":{"line":454,"column":11},"end":{"line":459,"column":5}},"locations":[{"start":{"line":454,"column":11},"end":{"line":459,"column":5}}]},"80":{"type":"branch","line":455,"loc":{"start":{"line":455,"column":41},"end":{"line":458,"column":9}},"locations":[{"start":{"line":455,"column":41},"end":{"line":458,"column":9}}]}},"b":{"0":[40],"1":[1],"2":[39],"3":[1],"4":[38],"5":[25],"6":[13],"7":[12],"8":[1],"9":[37],"10":[25],"11":[3],"12":[3],"13":[125],"14":[12],"15":[36],"16":[72],"17":[40],"18":[28],"19":[28],"20":[12],"21":[38],"22":[3],"23":[197],"24":[86],"25":[197],"26":[37],"27":[3],"28":[1],"29":[2],"30":[45],"31":[30],"32":[15],"33":[68],"34":[46],"35":[22],"36":[7],"37":[2],"38":[1],"39":[15],"40":[22],"41":[18],"42":[4],"43":[1],"44":[3],"45":[9],"46":[1],"47":[47],"48":[15],"49":[38],"50":[1],"51":[37],"52":[1],"53":[1],"54":[36],"55":[11],"56":[25],"57":[11],"58":[25],"59":[11],"60":[1],"61":[10],"62":[1],"63":[8],"64":[1],"65":[4],"66":[1],"67":[3],"68":[1],"69":[3],"70":[3],"71":[2],"72":[2],"73":[1],"74":[33],"75":[32],"76":[2],"77":[31],"78":[2],"79":[47],"80":[31]},"fnMap":{"0":{"name":"_Carousel","decl":{"start":{"line":60,"column":4},"end":{"line":104,"column":5}},"loc":{"start":{"line":60,"column":4},"end":{"line":104,"column":5}},"line":60},"1":{"name":"initSlideMode","decl":{"start":{"line":108,"column":12},"end":{"line":143,"column":5}},"loc":{"start":{"line":108,"column":12},"end":{"line":143,"column":5}},"line":108},"2":{"name":"initMarqueeMode","decl":{"start":{"line":145,"column":12},"end":{"line":174,"column":5}},"loc":{"start":{"line":145,"column":12},"end":{"line":174,"column":5}},"line":145},"3":{"name":"calculateItemWidth","decl":{"start":{"line":179,"column":12},"end":{"line":188,"column":5}},"loc":{"start":{"line":179,"column":12},"end":{"line":188,"column":5}},"line":179},"4":{"name":"destroy","decl":{"start":{"line":191,"column":11},"end":{"line":226,"column":5}},"loc":{"start":{"line":191,"column":11},"end":{"line":226,"column":5}},"line":191},"5":{"name":"setupEventListeners","decl":{"start":{"line":230,"column":12},"end":{"line":238,"column":5}},"loc":{"start":{"line":230,"column":12},"end":{"line":238,"column":5}},"line":230},"6":{"name":"handleResize","decl":{"start":{"line":240,"column":12},"end":{"line":258,"column":5}},"loc":{"start":{"line":240,"column":12},"end":{"line":258,"column":5}},"line":240},"7":{"name":"start","decl":{"start":{"line":261,"column":11},"end":{"line":267,"column":5}},"loc":{"start":{"line":261,"column":11},"end":{"line":267,"column":5}},"line":261},"8":{"name":"stop","decl":{"start":{"line":270,"column":11},"end":{"line":276,"column":5}},"loc":{"start":{"line":270,"column":11},"end":{"line":276,"column":5}},"line":270},"9":{"name":"marqueeAnimate","decl":{"start":{"line":280,"column":12},"end":{"line":305,"column":5}},"loc":{"start":{"line":280,"column":12},"end":{"line":305,"column":5}},"line":280},"10":{"name":"startMarquee","decl":{"start":{"line":307,"column":11},"end":{"line":313,"column":5}},"loc":{"start":{"line":307,"column":11},"end":{"line":313,"column":5}},"line":307},"11":{"name":"stopMarquee","decl":{"start":{"line":315,"column":11},"end":{"line":320,"column":5}},"loc":{"start":{"line":315,"column":11},"end":{"line":320,"column":5}},"line":315},"12":{"name":"createPagination","decl":{"start":{"line":325,"column":12},"end":{"line":344,"column":5}},"loc":{"start":{"line":325,"column":12},"end":{"line":344,"column":5}},"line":325},"13":{"name":"updatePagination","decl":{"start":{"line":347,"column":12},"end":{"line":351,"column":5}},"loc":{"start":{"line":347,"column":12},"end":{"line":351,"column":5}},"line":347},"14":{"name":"goToSlide","decl":{"start":{"line":354,"column":11},"end":{"line":399,"column":5}},"loc":{"start":{"line":354,"column":11},"end":{"line":399,"column":5}},"line":354},"15":{"name":"handleTransitionEnd","decl":{"start":{"line":373,"column":40},"end":{"line":388,"column":14}},"loc":{"start":{"line":373,"column":40},"end":{"line":388,"column":14}},"line":373},"16":{"name":"jumpTo","decl":{"start":{"line":402,"column":12},"end":{"line":418,"column":5}},"loc":{"start":{"line":402,"column":12},"end":{"line":418,"column":5}},"line":402},"17":{"name":"nextSlide","decl":{"start":{"line":421,"column":11},"end":{"line":430,"column":5}},"loc":{"start":{"line":421,"column":11},"end":{"line":430,"column":5}},"line":421},"18":{"name":"prevSlide","decl":{"start":{"line":433,"column":11},"end":{"line":442,"column":5}},"loc":{"start":{"line":433,"column":11},"end":{"line":442,"column":5}},"line":433},"19":{"name":"startAutoplay","decl":{"start":{"line":444,"column":11},"end":{"line":452,"column":5}},"loc":{"start":{"line":444,"column":11},"end":{"line":452,"column":5}},"line":444},"20":{"name":"stopAutoplay","decl":{"start":{"line":454,"column":11},"end":{"line":459,"column":5}},"loc":{"start":{"line":454,"column":11},"end":{"line":459,"column":5}},"line":454}},"f":{"0":40,"1":25,"2":12,"3":40,"4":38,"5":37,"6":3,"7":45,"8":68,"9":7,"10":15,"11":22,"12":4,"13":47,"14":38,"15":11,"16":8,"17":4,"18":3,"19":33,"20":47}}
,"E:\\vsc-workspace\\lania-zip\\lania-tools\\packages\\tools\\src\\convert-chinese-text.ts": {"path":"E:\\vsc-workspace\\lania-zip\\lania-tools\\packages\\tools\\src\\convert-chinese-text.ts","all":false,"statementMap":{"0":{"start":{"line":1,"column":0},"end":{"line":1,"column":19}},"1":{"start":{"line":2,"column":0},"end":{"line":2,"column":30}},"2":{"start":{"line":3,"column":0},"end":{"line":3,"column":33}},"3":{"start":{"line":4,"column":0},"end":{"line":4,"column":31}},"4":{"start":{"line":5,"column":0},"end":{"line":5,"column":24}},"5":{"start":{"line":6,"column":0},"end":{"line":6,"column":23}},"6":{"start":{"line":7,"column":0},"end":{"line":7,"column":21}},"7":{"start":{"line":8,"column":0},"end":{"line":8,"column":32}},"8":{"start":{"line":9,"column":0},"end":{"line":9,"column":21}},"9":{"start":{"line":10,"column":0},"end":{"line":10,"column":23}},"10":{"start":{"line":11,"column":0},"end":{"line":11,"column":38}},"11":{"start":{"line":12,"column":0},"end":{"line":12,"column":26}},"12":{"start":{"line":13,"column":0},"end":{"line":13,"column":2}},"13":{"start":{"line":14,"column":0},"end":{"line":14,"column":0}},"14":{"start":{"line":15,"column":0},"end":{"line":15,"column":3}},"15":{"start":{"line":16,"column":0},"end":{"line":16,"column":33}},"16":{"start":{"line":17,"column":0},"end":{"line":17,"column":32}},"17":{"start":{"line":18,"column":0},"end":{"line":18,"column":3}},"18":{"start":{"line":19,"column":0},"end":{"line":19,"column":16}},"19":{"start":{"line":20,"column":0},"end":{"line":20,"column":29}},"20":{"start":{"line":21,"column":0},"end":{"line":21,"column":0}},"21":{"start":{"line":22,"column":0},"end":{"line":22,"column":17}},"22":{"start":{"line":23,"column":0},"end":{"line":23,"column":18}},"23":{"start":{"line":24,"column":0},"end":{"line":24,"column":30}},"24":{"start":{"line":25,"column":0},"end":{"line":25,"column":5}},"25":{"start":{"line":26,"column":0},"end":{"line":26,"column":0}},"26":{"start":{"line":27,"column":0},"end":{"line":27,"column":17}},"27":{"start":{"line":28,"column":0},"end":{"line":28,"column":28}},"28":{"start":{"line":29,"column":0},"end":{"line":29,"column":50}},"29":{"start":{"line":30,"column":0},"end":{"line":30,"column":35}},"30":{"start":{"line":31,"column":0},"end":{"line":31,"column":5}},"31":{"start":{"line":32,"column":0},"end":{"line":32,"column":0}},"32":{"start":{"line":33,"column":0},"end":{"line":33,"column":15}},"33":{"start":{"line":34,"column":0},"end":{"line":34,"column":18}},"34":{"start":{"line":35,"column":0},"end":{"line":35,"column":34}},"35":{"start":{"line":36,"column":0},"end":{"line":36,"column":5}},"36":{"start":{"line":37,"column":0},"end":{"line":37,"column":1}},"37":{"start":{"line":38,"column":0},"end":{"line":38,"column":0}},"38":{"start":{"line":39,"column":0},"end":{"line":39,"column":3}},"39":{"start":{"line":40,"column":0},"end":{"line":40,"column":26}},"40":{"start":{"line":41,"column":0},"end":{"line":41,"column":2}},"41":{"start":{"line":42,"column":0},"end":{"line":42,"column":21}},"42":{"start":{"line":43,"column":0},"end":{"line":43,"column":25}},"43":{"start":{"line":44,"column":0},"end":{"line":44,"column":25}},"44":{"start":{"line":45,"column":0},"end":{"line":45,"column":30}},"45":{"start":{"line":46,"column":0},"end":{"line":46,"column":29}},"46":{"start":{"line":47,"column":0},"end":{"line":47,"column":18}},"47":{"start":{"line":48,"column":0},"end":{"line":48,"column":3}},"48":{"start":{"line":49,"column":0},"end":{"line":49,"column":71}},"49":{"start":{"line":50,"column":0},"end":{"line":50,"column":24}},"50":{"start":{"line":51,"column":0},"end":{"line":51,"column":42}},"51":{"start":{"line":52,"column":0},"end":{"line":52,"column":28}},"52":{"start":{"line":53,"column":0},"end":{"line":53,"column":44}},"53":{"start":{"line":54,"column":0},"end":{"line":54,"column":81}},"54":{"start":{"line":55,"column":0},"end":{"line":55,"column":0}},"55":{"start":{"line":56,"column":0},"end":{"line":56,"column":83}},"56":{"start":{"line":57,"column":0},"end":{"line":57,"column":81}},"57":{"start":{"line":58,"column":0},"end":{"line":58,"column":0}},"58":{"start":{"line":59,"column":0},"end":{"line":59,"column":33}},"59":{"start":{"line":60,"column":0},"end":{"line":60,"column":34}},"60":{"start":{"line":61,"column":0},"end":{"line":61,"column":30}},"61":{"start":{"line":62,"column":0},"end":{"line":62,"column":61}},"62":{"start":{"line":63,"column":0},"end":{"line":63,"column":57}},"63":{"start":{"line":64,"column":0},"end":{"line":64,"column":77}},"64":{"start":{"line":65,"column":0},"end":{"line":65,"column":26}},"65":{"start":{"line":66,"column":0},"end":{"line":66,"column":9}},"66":{"start":{"line":67,"column":0},"end":{"line":67,"column":0}},"67":{"start":{"line":68,"column":0},"end":{"line":68,"column":22}},"68":{"start":{"line":69,"column":0},"end":{"line":69,"column":42}},"69":{"start":{"line":70,"column":0},"end":{"line":70,"column":44}},"70":{"start":{"line":71,"column":0},"end":{"line":71,"column":26}},"71":{"start":{"line":72,"column":0},"end":{"line":72,"column":31}},"72":{"start":{"line":73,"column":0},"end":{"line":73,"column":52}},"73":{"start":{"line":74,"column":0},"end":{"line":74,"column":36}},"74":{"start":{"line":75,"column":0},"end":{"line":75,"column":26}},"75":{"start":{"line":76,"column":0},"end":{"line":76,"column":9}},"76":{"start":{"line":77,"column":0},"end":{"line":77,"column":0}},"77":{"start":{"line":78,"column":0},"end":{"line":78,"column":15}},"78":{"start":{"line":79,"column":0},"end":{"line":79,"column":78}},"79":{"start":{"line":80,"column":0},"end":{"line":80,"column":0}},"80":{"start":{"line":81,"column":0},"end":{"line":81,"column":22}},"81":{"start":{"line":82,"column":0},"end":{"line":82,"column":23}},"82":{"start":{"line":83,"column":0},"end":{"line":83,"column":37}},"83":{"start":{"line":84,"column":0},"end":{"line":84,"column":36}},"84":{"start":{"line":85,"column":0},"end":{"line":85,"column":0}},"85":{"start":{"line":86,"column":0},"end":{"line":86,"column":42}},"86":{"start":{"line":87,"column":0},"end":{"line":87,"column":44}},"87":{"start":{"line":88,"column":0},"end":{"line":88,"column":41}},"88":{"start":{"line":89,"column":0},"end":{"line":89,"column":59}},"89":{"start":{"line":90,"column":0},"end":{"line":90,"column":53}},"90":{"start":{"line":91,"column":0},"end":{"line":91,"column":13}},"91":{"start":{"line":92,"column":0},"end":{"line":92,"column":9}},"92":{"start":{"line":93,"column":0},"end":{"line":93,"column":0}},"93":{"start":{"line":94,"column":0},"end":{"line":94,"column":22}},"94":{"start":{"line":95,"column":0},"end":{"line":95,"column":6}},"95":{"start":{"line":96,"column":0},"end":{"line":96,"column":2}},"96":{"start":{"line":97,"column":0},"end":{"line":97,"column":0}},"97":{"start":{"line":98,"column":0},"end":{"line":98,"column":3}},"98":{"start":{"line":99,"column":0},"end":{"line":99,"column":29}},"99":{"start":{"line":100,"column":0},"end":{"line":100,"column":2}},"100":{"start":{"line":101,"column":0},"end":{"line":101,"column":25}},"101":{"start":{"line":102,"column":0},"end":{"line":102,"column":50}},"102":{"start":{"line":103,"column":0},"end":{"line":103,"column":22}},"103":{"start":{"line":104,"column":0},"end":{"line":104,"column":26}},"104":{"start":{"line":105,"column":0},"end":{"line":105,"column":3}},"105":{"start":{"line":106,"column":0},"end":{"line":106,"column":35}},"106":{"start":{"line":107,"column":0},"end":{"line":107,"column":39}},"107":{"start":{"line":108,"column":0},"end":{"line":108,"column":47}},"108":{"start":{"line":109,"column":0},"end":{"line":109,"column":33}},"109":{"start":{"line":110,"column":0},"end":{"line":110,"column":20}},"110":{"start":{"line":111,"column":0},"end":{"line":111,"column":11}},"111":{"start":{"line":112,"column":0},"end":{"line":112,"column":33}},"112":{"start":{"line":113,"column":0},"end":{"line":113,"column":24}},"113":{"start":{"line":114,"column":0},"end":{"line":114,"column":30}},"114":{"start":{"line":115,"column":0},"end":{"line":115,"column":24}},"115":{"start":{"line":116,"column":0},"end":{"line":116,"column":38}},"116":{"start":{"line":117,"column":0},"end":{"line":117,"column":16}},"117":{"start":{"line":118,"column":0},"end":{"line":118,"column":0}},"118":{"start":{"line":119,"column":0},"end":{"line":119,"column":72}},"119":{"start":{"line":120,"column":0},"end":{"line":120,"column":0}},"120":{"start":{"line":121,"column":0},"end":{"line":121,"column":37}},"121":{"start":{"line":122,"column":0},"end":{"line":122,"column":64}},"122":{"start":{"line":123,"column":0},"end":{"line":123,"column":0}},"123":{"start":{"line":124,"column":0},"end":{"line":124,"column":20}},"124":{"start":{"line":125,"column":0},"end":{"line":125,"column":57}},"125":{"start":{"line":126,"column":0},"end":{"line":126,"column":47}},"126":{"start":{"line":127,"column":0},"end":{"line":127,"column":75}},"127":{"start":{"line":128,"column":0},"end":{"line":128,"column":0}},"128":{"start":{"line":129,"column":0},"end":{"line":129,"column":19}},"129":{"start":{"line":130,"column":0},"end":{"line":130,"column":42}},"130":{"start":{"line":131,"column":0},"end":{"line":131,"column":33}},"131":{"start":{"line":132,"column":0},"end":{"line":132,"column":78}},"132":{"start":{"line":133,"column":0},"end":{"line":133,"column":47}},"133":{"start":{"line":134,"column":0},"end":{"line":134,"column":33}},"134":{"start":{"line":135,"column":0},"end":{"line":135,"column":46}},"135":{"start":{"line":136,"column":0},"end":{"line":136,"column":46}},"136":{"start":{"line":137,"column":0},"end":{"line":137,"column":47}},"137":{"start":{"line":138,"column":0},"end":{"line":138,"column":11}},"138":{"start":{"line":139,"column":0},"end":{"line":139,"column":17}},"139":{"start":{"line":140,"column":0},"end":{"line":140,"column":44}},"140":{"start":{"line":141,"column":0},"end":{"line":141,"column":29}},"141":{"start":{"line":142,"column":0},"end":{"line":142,"column":50}},"142":{"start":{"line":143,"column":0},"end":{"line":143,"column":33}},"143":{"start":{"line":144,"column":0},"end":{"line":144,"column":13}},"144":{"start":{"line":145,"column":0},"end":{"line":145,"column":9}},"145":{"start":{"line":146,"column":0},"end":{"line":146,"column":21}},"146":{"start":{"line":147,"column":0},"end":{"line":147,"column":6}},"147":{"start":{"line":148,"column":0},"end":{"line":148,"column":0}},"148":{"start":{"line":149,"column":0},"end":{"line":149,"column":12}},"149":{"start":{"line":150,"column":0},"end":{"line":150,"column":36}},"150":{"start":{"line":151,"column":0},"end":{"line":151,"column":62}},"151":{"start":{"line":152,"column":0},"end":{"line":152,"column":0}},"152":{"start":{"line":153,"column":0},"end":{"line":153,"column":40}},"153":{"start":{"line":154,"column":0},"end":{"line":154,"column":24}},"154":{"start":{"line":155,"column":0},"end":{"line":155,"column":37}},"155":{"start":{"line":156,"column":0},"end":{"line":156,"column":91}},"156":{"start":{"line":157,"column":0},"end":{"line":157,"column":32}},"157":{"start":{"line":158,"column":0},"end":{"line":158,"column":0}},"158":{"start":{"line":159,"column":0},"end":{"line":159,"column":19}},"159":{"start":{"line":160,"column":0},"end":{"line":160,"column":32}},"160":{"start":{"line":161,"column":0},"end":{"line":161,"column":54}},"161":{"start":{"line":162,"column":0},"end":{"line":162,"column":39}},"162":{"start":{"line":163,"column":0},"end":{"line":163,"column":40}},"163":{"start":{"line":164,"column":0},"end":{"line":164,"column":31}},"164":{"start":{"line":165,"column":0},"end":{"line":165,"column":46}},"165":{"start":{"line":166,"column":0},"end":{"line":166,"column":0}},"166":{"start":{"line":167,"column":0},"end":{"line":167,"column":51}},"167":{"start":{"line":168,"column":0},"end":{"line":168,"column":74}},"168":{"start":{"line":169,"column":0},"end":{"line":169,"column":0}},"169":{"start":{"line":170,"column":0},"end":{"line":170,"column":38}},"170":{"start":{"line":171,"column":0},"end":{"line":171,"column":43}},"171":{"start":{"line":172,"column":0},"end":{"line":172,"column":13}},"172":{"start":{"line":173,"column":0},"end":{"line":173,"column":9}},"173":{"start":{"line":174,"column":0},"end":{"line":174,"column":0}},"174":{"start":{"line":175,"column":0},"end":{"line":175,"column":31}},"175":{"start":{"line":176,"column":0},"end":{"line":176,"column":39}},"176":{"start":{"line":177,"column":0},"end":{"line":177,"column":9}},"177":{"start":{"line":178,"column":0},"end":{"line":178,"column":6}},"178":{"start":{"line":179,"column":0},"end":{"line":179,"column":19}},"179":{"start":{"line":180,"column":0},"end":{"line":180,"column":0}},"180":{"start":{"line":181,"column":0},"end":{"line":181,"column":16}},"181":{"start":{"line":182,"column":0},"end":{"line":182,"column":49}},"182":{"start":{"line":183,"column":0},"end":{"line":183,"column":27}},"183":{"start":{"line":184,"column":0},"end":{"line":184,"column":30}},"184":{"start":{"line":185,"column":0},"end":{"line":185,"column":36}},"185":{"start":{"line":186,"column":0},"end":{"line":186,"column":48}},"186":{"start":{"line":187,"column":0},"end":{"line":187,"column":0}},"187":{"start":{"line":188,"column":0},"end":{"line":188,"column":34}},"188":{"start":{"line":189,"column":0},"end":{"line":189,"column":66}},"189":{"start":{"line":190,"column":0},"end":{"line":190,"column":40}},"190":{"start":{"line":191,"column":0},"end":{"line":191,"column":59}},"191":{"start":{"line":192,"column":0},"end":{"line":192,"column":39}},"192":{"start":{"line":193,"column":0},"end":{"line":193,"column":80}},"193":{"start":{"line":194,"column":0},"end":{"line":194,"column":47}},"194":{"start":{"line":195,"column":0},"end":{"line":195,"column":21}},"195":{"start":{"line":196,"column":0},"end":{"line":196,"column":17}},"196":{"start":{"line":197,"column":0},"end":{"line":197,"column":13}},"197":{"start":{"line":198,"column":0},"end":{"line":198,"column":57}},"198":{"start":{"line":199,"column":0},"end":{"line":199,"column":33}},"199":{"start":{"line":200,"column":0},"end":{"line":200,"column":30}},"200":{"start":{"line":201,"column":0},"end":{"line":201,"column":36}},"201":{"start":{"line":202,"column":0},"end":{"line":202,"column":38}},"202":{"start":{"line":203,"column":0},"end":{"line":203,"column":36}},"203":{"start":{"line":204,"column":0},"end":{"line":204,"column":53}},"204":{"start":{"line":205,"column":0},"end":{"line":205,"column":77}},"205":{"start":{"line":206,"column":0},"end":{"line":206,"column":23}},"206":{"start":{"line":207,"column":0},"end":{"line":207,"column":44}},"207":{"start":{"line":208,"column":0},"end":{"line":208,"column":34}},"208":{"start":{"line":209,"column":0},"end":{"line":209,"column":35}},"209":{"start":{"line":210,"column":0},"end":{"line":210,"column":19}},"210":{"start":{"line":211,"column":0},"end":{"line":211,"column":13}},"211":{"start":{"line":212,"column":0},"end":{"line":212,"column":10}},"212":{"start":{"line":213,"column":0},"end":{"line":213,"column":0}},"213":{"start":{"line":214,"column":0},"end":{"line":214,"column":57}},"214":{"start":{"line":215,"column":0},"end":{"line":215,"column":76}},"215":{"start":{"line":216,"column":0},"end":{"line":216,"column":5}},"216":{"start":{"line":217,"column":0},"end":{"line":217,"column":0}},"217":{"start":{"line":218,"column":0},"end":{"line":218,"column":25}},"218":{"start":{"line":219,"column":0},"end":{"line":219,"column":40}},"219":{"start":{"line":220,"column":0},"end":{"line":220,"column":2}}},"s":{"0":1,"1":1,"2":1,"3":1,"4":1,"5":1,"6":1,"7":1,"8":1,"9":1,"10":1,"11":1,"12":1,"13":1,"14":1,"15":1,"16":1,"17":1,"18":17,"19":17,"20":1,"21":1,"22":1,"23":23,"24":23,"25":1,"26":1,"27":1,"28":21,"29":21,"30":21,"31":1,"32":1,"33":1,"34":44,"35":44,"36":1,"37":1,"38":1,"39":1,"40":1,"41":1,"42":1,"43":1,"44":1,"45":1,"46":1,"47":1,"48":1,"49":35,"50":35,"51":35,"52":35,"53":35,"54":35,"55":35,"56":550,"57":545,"58":545,"59":550,"60":27,"61":27,"62":27,"63":27,"64":27,"65":27,"66":545,"67":545,"68":550,"69":3,"70":3,"71":3,"72":3,"73":3,"74":3,"75":3,"76":542,"77":542,"78":542,"79":542,"80":542,"81":550,"82":538,"83":538,"84":538,"85":538,"86":538,"87":5,"88":5,"89":5,"90":5,"91":538,"92":542,"93":542,"94":550,"95":35,"96":1,"97":1,"98":1,"99":1,"100":1,"101":1,"102":1,"103":1,"104":1,"105":1,"106":18,"107":18,"108":18,"109":18,"110":18,"111":18,"112":18,"113":18,"114":18,"115":18,"116":18,"117":18,"118":18,"119":17,"120":17,"121":17,"122":17,"123":17,"124":17,"125":26,"126":26,"127":17,"128":17,"129":17,"130":18,"131":18,"132":18,"133":18,"134":25,"135":1,"136":24,"137":18,"138":18,"139":18,"140":24,"141":24,"142":23,"143":23,"144":24,"145":18,"146":18,"147":17,"148":17,"149":17,"150":17,"151":17,"152":17,"153":17,"154":17,"155":15,"156":3,"157":18,"158":18,"159":18,"160":22,"161":22,"162":21,"163":21,"164":21,"165":20,"166":21,"167":21,"168":21,"169":21,"170":19,"171":19,"172":21,"173":22,"174":22,"175":6,"176":6,"177":22,"178":18,"179":18,"180":18,"181":18,"182":18,"183":2,"184":2,"185":2,"186":2,"187":2,"188":2,"189":1,"190":1,"191":1,"192":1,"193":1,"194":1,"195":1,"196":1,"197":1,"198":1,"199":1,"200":1,"201":1,"202":1,"203":1,"204":1,"205":1,"206":1,"207":1,"208":1,"209":1,"210":1,"211":1,"212":2,"213":2,"214":2,"215":2,"216":17,"217":17,"218":17,"219":17},"branchMap":{"0":{"type":"branch","line":19,"loc":{"start":{"line":19,"column":0},"end":{"line":20,"column":29}},"locations":[{"start":{"line":19,"column":0},"end":{"line":20,"column":29}}]},"1":{"type":"branch","line":23,"loc":{"start":{"line":23,"column":4},"end":{"line":25,"column":5}},"locations":[{"start":{"line":23,"column":4},"end":{"line":25,"column":5}}]},"2":{"type":"branch","line":28,"loc":{"start":{"line":28,"column":4},"end":{"line":31,"column":5}},"locations":[{"start":{"line":28,"column":4},"end":{"line":31,"column":5}}]},"3":{"type":"branch","line":34,"loc":{"start":{"line":34,"column":4},"end":{"line":36,"column":5}},"locations":[{"start":{"line":34,"column":4},"end":{"line":36,"column":5}}]},"4":{"type":"branch","line":49,"loc":{"start":{"line":49,"column":38},"end":{"line":96,"column":2}},"locations":[{"start":{"line":49,"column":38},"end":{"line":96,"column":2}}]},"5":{"type":"branch","line":54,"loc":{"start":{"line":54,"column":25},"end":{"line":54,"column":81}},"locations":[{"start":{"line":54,"column":25},"end":{"line":54,"column":81}}]},"6":{"type":"branch","line":56,"loc":{"start":{"line":56,"column":11},"end":{"line":95,"column":6}},"locations":[{"start":{"line":56,"column":11},"end":{"line":95,"column":6}}]},"7":{"type":"branch","line":57,"loc":{"start":{"line":57,"column":13},"end":{"line":57,"column":36}},"locations":[{"start":{"line":57,"column":13},"end":{"line":57,"column":36}}]},"8":{"type":"branch","line":57,"loc":{"start":{"line":57,"column":22},"end":{"line":57,"column":69}},"locations":[{"start":{"line":57,"column":22},"end":{"line":57,"column":69}}]},"9":{"type":"branch","line":57,"loc":{"start":{"line":57,"column":69},"end":{"line":57,"column":81}},"locations":[{"start":{"line":57,"column":69},"end":{"line":57,"column":81}}]},"10":{"type":"branch","line":57,"loc":{"start":{"line":57,"column":76},"end":{"line":60,"column":33}},"locations":[{"start":{"line":57,"column":76},"end":{"line":60,"column":33}}]},"11":{"type":"branch","line":60,"loc":{"start":{"line":60,"column":33},"end":{"line":66,"column":9}},"locations":[{"start":{"line":60,"column":33},"end":{"line":66,"column":9}}]},"12":{"type":"branch","line":64,"loc":{"start":{"line":64,"column":66},"end":{"line":64,"column":77}},"locations":[{"start":{"line":64,"column":66},"end":{"line":64,"column":77}}]},"13":{"type":"branch","line":66,"loc":{"start":{"line":66,"column":8},"end":{"line":69,"column":24}},"locations":[{"start":{"line":66,"column":8},"end":{"line":69,"column":24}}]},"14":{"type":"branch","line":69,"loc":{"start":{"line":69,"column":12},"end":{"line":69,"column":41}},"locations":[{"start":{"line":69,"column":12},"end":{"line":69,"column":41}}]},"15":{"type":"branch","line":69,"loc":{"start":{"line":69,"column":41},"end":{"line":76,"column":9}},"locations":[{"start":{"line":69,"column":41},"end":{"line":76,"column":9}}]},"16":{"type":"branch","line":76,"loc":{"start":{"line":76,"column":8},"end":{"line":82,"column":22}},"locations":[{"start":{"line":76,"column":8},"end":{"line":82,"column":22}}]},"17":{"type":"branch","line":82,"loc":{"start":{"line":82,"column":22},"end":{"line":92,"column":9}},"locations":[{"start":{"line":82,"column":22},"end":{"line":92,"column":9}}]},"18":{"type":"branch","line":87,"loc":{"start":{"line":87,"column":43},"end":{"line":91,"column":13}},"locations":[{"start":{"line":87,"column":43},"end":{"line":91,"column":13}}]},"19":{"type":"branch","line":92,"loc":{"start":{"line":92,"column":8},"end":{"line":94,"column":22}},"locations":[{"start":{"line":92,"column":8},"end":{"line":94,"column":22}}]},"20":{"type":"branch","line":79,"loc":{"start":{"line":79,"column":45},"end":{"line":79,"column":76}},"locations":[{"start":{"line":79,"column":45},"end":{"line":79,"column":76}}]},"21":{"type":"branch","line":79,"loc":{"start":{"line":79,"column":66},"end":{"line":79,"column":76}},"locations":[{"start":{"line":79,"column":66},"end":{"line":79,"column":76}}]},"22":{"type":"branch","line":106,"loc":{"start":{"line":106,"column":34},"end":{"line":220,"column":2}},"locations":[{"start":{"line":106,"column":34},"end":{"line":220,"column":2}}]},"23":{"type":"branch","line":119,"loc":{"start":{"line":119,"column":56},"end":{"line":119,"column":72}},"locations":[{"start":{"line":119,"column":56},"end":{"line":119,"column":72}}]},"24":{"type":"branch","line":119,"loc":{"start":{"line":119,"column":70},"end":{"line":155,"column":37}},"locations":[{"start":{"line":119,"column":70},"end":{"line":155,"column":37}}]},"25":{"type":"branch","line":155,"loc":{"start":{"line":155,"column":15},"end":{"line":157,"column":32}},"locations":[{"start":{"line":155,"column":15},"end":{"line":157,"column":32}}]},"26":{"type":"branch","line":183,"loc":{"start":{"line":183,"column":26},"end":{"line":216,"column":5}},"locations":[{"start":{"line":183,"column":26},"end":{"line":216,"column":5}}]},"27":{"type":"branch","line":216,"loc":{"start":{"line":216,"column":4},"end":{"line":220,"column":2}},"locations":[{"start":{"line":216,"column":4},"end":{"line":220,"column":2}}]},"28":{"type":"branch","line":119,"loc":{"start":{"line":119,"column":63},"end":{"line":119,"column":72}},"locations":[{"start":{"line":119,"column":63},"end":{"line":119,"column":72}}]},"29":{"type":"branch","line":125,"loc":{"start":{"line":125,"column":26},"end":{"line":127,"column":75}},"locations":[{"start":{"line":125,"column":26},"end":{"line":127,"column":75}}]},"30":{"type":"branch","line":127,"loc":{"start":{"line":127,"column":30},"end":{"line":127,"column":73}},"locations":[{"start":{"line":127,"column":30},"end":{"line":127,"column":73}}]},"31":{"type":"branch","line":130,"loc":{"start":{"line":130,"column":25},"end":{"line":147,"column":6}},"locations":[{"start":{"line":130,"column":25},"end":{"line":147,"column":6}}]},"32":{"type":"branch","line":140,"loc":{"start":{"line":140,"column":43},"end":{"line":145,"column":9}},"locations":[{"start":{"line":140,"column":43},"end":{"line":145,"column":9}}]},"33":{"type":"branch","line":142,"loc":{"start":{"line":142,"column":49},"end":{"line":144,"column":13}},"locations":[{"start":{"line":142,"column":49},"end":{"line":144,"column":13}}]},"34":{"type":"branch","line":134,"loc":{"start":{"line":134,"column":24},"end":{"line":137,"column":47}},"locations":[{"start":{"line":134,"column":24},"end":{"line":137,"column":47}}]},"35":{"type":"branch","line":135,"loc":{"start":{"line":135,"column":45},"end":{"line":136,"column":46}},"locations":[{"start":{"line":135,"column":45},"end":{"line":136,"column":46}}]},"36":{"type":"branch","line":136,"loc":{"start":{"line":136,"column":33},"end":{"line":137,"column":47}},"locations":[{"start":{"line":136,"co
[...]
ine":391,"column":66}},"line":391},"41":{"name":"clear","decl":{"start":{"line":396,"column":4},"end":{"line":404,"column":5}},"loc":{"start":{"line":396,"column":4},"end":{"line":404,"column":5}},"line":396},"42":{"name":"transaction.oncomplete","decl":{"start":{"line":401,"column":37},"end":{"line":401,"column":53}},"loc":{"start":{"line":401,"column":37},"end":{"line":401,"column":53}},"line":401},"43":{"name":"transaction.onerror","decl":{"start":{"line":402,"column":34},"end":{"line":402,"column":66}},"loc":{"start":{"line":402,"column":34},"end":{"line":402,"column":66}},"line":402},"44":{"name":"keys","decl":{"start":{"line":407,"column":4},"end":{"line":424,"column":5}},"loc":{"start":{"line":407,"column":4},"end":{"line":424,"column":5}},"line":407},"45":{"name":"store.openCursor.onsuccess","decl":{"start":{"line":413,"column":43},"end":{"line":421,"column":14}},"loc":{"start":{"line":413,"column":43},"end":{"line":421,"column":14}},"line":413},"46":{"name":"store.openCursor.onerror","decl":{"start":{"line":422,"column":41},"end":{"line":422,"column":80}},"loc":{"start":{"line":422,"column":41},"end":{"line":422,"column":80}},"line":422},"47":{"name":"size","decl":{"start":{"line":427,"column":4},"end":{"line":435,"column":5}},"loc":{"start":{"line":427,"column":4},"end":{"line":435,"column":5}},"line":427},"48":{"name":"setMultiple","decl":{"start":{"line":438,"column":4},"end":{"line":455,"column":5}},"loc":{"start":{"line":438,"column":4},"end":{"line":455,"column":5}},"line":438},"49":{"name":"transaction.oncomplete","decl":{"start":{"line":452,"column":37},"end":{"line":452,"column":53}},"loc":{"start":{"line":452,"column":37},"end":{"line":452,"column":53}},"line":452},"50":{"name":"transaction.onerror","decl":{"start":{"line":453,"column":34},"end":{"line":453,"column":66}},"loc":{"start":{"line":453,"column":34},"end":{"line":453,"column":66}},"line":453},"51":{"name":"getMultiple","decl":{"start":{"line":458,"column":4},"end":{"line":464,"column":5}},"loc":{"start":{"line":458,"column":4},"end":{"line":464,"column":5}},"line":458}},"f":{"0":7,"1":33,"2":33,"3":19,"4":16,"5":2,"6":1,"7":2,"8":1,"9":2,"10":1,"11":10,"12":9,"13":2,"14":1,"15":2,"16":1,"17":1,"18":1,"19":13,"20":6,"21":4,"22":1,"23":3,"24":1,"25":1,"26":1,"27":4,"28":14,"29":0,"30":14,"31":0,"32":2,"33":2,"34":0,"35":6,"36":6,"37":0,"38":2,"39":2,"40":0,"41":1,"42":1,"43":0,"44":2,"45":4,"46":0,"47":1,"48":1,"49":1,"50":0,"51":1}}
,"E:\\vsc-workspace\\lania-zip\\lania-tools\\packages\\tools\\src\\websocket-client.ts": {"path":"E:\\vsc-workspace\\lania-zip\\lania-tools\\packages\\tools\\src\\websocket-client.ts","all":false,"statementMap":{"0":{"start":{"line":1,"column":0},"end":{"line":1,"column":3}},"1":{"start":{"line":2,"column":0},"end":{"line":2,"column":31}},"2":{"start":{"line":3,"column":0},"end":{"line":3,"column":26}},"3":{"start":{"line":4,"column":0},"end":{"line":4,"column":31}},"4":{"start":{"line":5,"column":0},"end":{"line":5,"column":3}},"5":{"start":{"line":6,"column":0},"end":{"line":6,"column":0}},"6":{"start":{"line":7,"column":0},"end":{"line":7,"column":23}},"7":{"start":{"line":8,"column":0},"end":{"line":8,"column":53}},"8":{"start":{"line":9,"column":0},"end":{"line":9,"column":0}},"9":{"start":{"line":10,"column":0},"end":{"line":10,"column":23}},"10":{"start":{"line":11,"column":0},"end":{"line":11,"column":58}},"11":{"start":{"line":12,"column":0},"end":{"line":12,"column":0}},"12":{"start":{"line":13,"column":0},"end":{"line":13,"column":22}},"13":{"start":{"line":14,"column":0},"end":{"line":14,"column":28}},"14":{"start":{"line":15,"column":0},"end":{"line":15,"column":36}},"15":{"start":{"line":16,"column":0},"end":{"line":16,"column":51}},"16":{"start":{"line":17,"column":0},"end":{"line":17,"column":52}},"17":{"start":{"line":18,"column":0},"end":{"line":18,"column":49}},"18":{"start":{"line":19,"column":0},"end":{"line":19,"column":1}},"19":{"start":{"line":20,"column":0},"end":{"line":20,"column":0}},"20":{"start":{"line":21,"column":0},"end":{"line":21,"column":3}},"21":{"start":{"line":22,"column":0},"end":{"line":22,"column":25}},"22":{"start":{"line":23,"column":0},"end":{"line":23,"column":45}},"23":{"start":{"line":24,"column":0},"end":{"line":24,"column":3}},"24":{"start":{"line":25,"column":0},"end":{"line":25,"column":30}},"25":{"start":{"line":26,"column":0},"end":{"line":26,"column":40}},"26":{"start":{"line":27,"column":0},"end":{"line":27,"column":24}},"27":{"start":{"line":28,"column":0},"end":{"line":28,"column":38}},"28":{"start":{"line":29,"column":0},"end":{"line":29,"column":38}},"29":{"start":{"line":30,"column":0},"end":{"line":30,"column":41}},"30":{"start":{"line":31,"column":0},"end":{"line":31,"column":42}},"31":{"start":{"line":32,"column":0},"end":{"line":32,"column":73}},"32":{"start":{"line":33,"column":0},"end":{"line":33,"column":0}},"33":{"start":{"line":34,"column":0},"end":{"line":34,"column":54}},"34":{"start":{"line":35,"column":0},"end":{"line":35,"column":55}},"35":{"start":{"line":36,"column":0},"end":{"line":36,"column":55}},"36":{"start":{"line":37,"column":0},"end":{"line":37,"column":59}},"37":{"start":{"line":38,"column":0},"end":{"line":38,"column":0}},"38":{"start":{"line":39,"column":0},"end":{"line":39,"column":7}},"39":{"start":{"line":40,"column":0},"end":{"line":40,"column":19}},"40":{"start":{"line":41,"column":0},"end":{"line":41,"column":37}},"41":{"start":{"line":42,"column":0},"end":{"line":42,"column":7}},"42":{"start":{"line":43,"column":0},"end":{"line":43,"column":44}},"43":{"start":{"line":44,"column":0},"end":{"line":44,"column":31}},"44":{"start":{"line":45,"column":0},"end":{"line":45,"column":67}},"45":{"start":{"line":46,"column":0},"end":{"line":46,"column":68}},"46":{"start":{"line":47,"column":0},"end":{"line":47,"column":77}},"47":{"start":{"line":48,"column":0},"end":{"line":48,"column":5}},"48":{"start":{"line":49,"column":0},"end":{"line":49,"column":0}},"49":{"start":{"line":50,"column":0},"end":{"line":50,"column":26}},"50":{"start":{"line":51,"column":0},"end":{"line":51,"column":23}},"51":{"start":{"line":52,"column":0},"end":{"line":52,"column":37}},"52":{"start":{"line":53,"column":0},"end":{"line":53,"column":42}},"53":{"start":{"line":54,"column":0},"end":{"line":54,"column":52}},"54":{"start":{"line":55,"column":0},"end":{"line":55,"column":58}},"55":{"start":{"line":56,"column":0},"end":{"line":56,"column":54}},"56":{"start":{"line":57,"column":0},"end":{"line":57,"column":54}},"57":{"start":{"line":58,"column":0},"end":{"line":58,"column":5}},"58":{"start":{"line":59,"column":0},"end":{"line":59,"column":0}},"59":{"start":{"line":60,"column":0},"end":{"line":60,"column":17}},"60":{"start":{"line":61,"column":0},"end":{"line":61,"column":38}},"61":{"start":{"line":62,"column":0},"end":{"line":62,"column":35}},"62":{"start":{"line":63,"column":0},"end":{"line":63,"column":30}},"63":{"start":{"line":64,"column":0},"end":{"line":64,"column":27}},"64":{"start":{"line":65,"column":0},"end":{"line":65,"column":5}},"65":{"start":{"line":66,"column":0},"end":{"line":66,"column":0}},"66":{"start":{"line":67,"column":0},"end":{"line":67,"column":17}},"67":{"start":{"line":68,"column":0},"end":{"line":68,"column":48}},"68":{"start":{"line":69,"column":0},"end":{"line":69,"column":35}},"69":{"start":{"line":70,"column":0},"end":{"line":70,"column":5}},"70":{"start":{"line":71,"column":0},"end":{"line":71,"column":0}},"71":{"start":{"line":72,"column":0},"end":{"line":72,"column":15}},"72":{"start":{"line":73,"column":0},"end":{"line":73,"column":39}},"73":{"start":{"line":74,"column":0},"end":{"line":74,"column":28}},"74":{"start":{"line":75,"column":0},"end":{"line":75,"column":5}},"75":{"start":{"line":76,"column":0},"end":{"line":76,"column":0}},"76":{"start":{"line":77,"column":0},"end":{"line":77,"column":17}},"77":{"start":{"line":78,"column":0},"end":{"line":78,"column":44}},"78":{"start":{"line":79,"column":0},"end":{"line":79,"column":29}},"79":{"start":{"line":80,"column":0},"end":{"line":80,"column":65}},"80":{"start":{"line":81,"column":0},"end":{"line":81,"column":69}},"81":{"start":{"line":82,"column":0},"end":{"line":82,"column":37}},"82":{"start":{"line":83,"column":0},"end":{"line":83,"column":16}},"83":{"start":{"line":84,"column":0},"end":{"line":84,"column":32}},"84":{"start":{"line":85,"column":0},"end":{"line":85,"column":9}},"85":{"start":{"line":86,"column":0},"end":{"line":86,"column":5}},"86":{"start":{"line":87,"column":0},"end":{"line":87,"column":0}},"87":{"start":{"line":88,"column":0},"end":{"line":88,"column":17}},"88":{"start":{"line":89,"column":0},"end":{"line":89,"column":30}},"89":{"start":{"line":90,"column":0},"end":{"line":90,"column":41}},"90":{"start":{"line":91,"column":0},"end":{"line":91,"column":53}},"91":{"start":{"line":92,"column":0},"end":{"line":92,"column":71}},"92":{"start":{"line":93,"column":0},"end":{"line":93,"column":53}},"93":{"start":{"line":94,"column":0},"end":{"line":94,"column":17}},"94":{"start":{"line":95,"column":0},"end":{"line":95,"column":39}},"95":{"start":{"line":96,"column":0},"end":{"line":96,"column":9}},"96":{"start":{"line":97,"column":0},"end":{"line":97,"column":5}},"97":{"start":{"line":98,"column":0},"end":{"line":98,"column":0}},"98":{"start":{"line":99,"column":0},"end":{"line":99,"column":17}},"99":{"start":{"line":100,"column":0},"end":{"line":100,"column":29}},"100":{"start":{"line":101,"column":0},"end":{"line":101,"column":34}},"101":{"start":{"line":102,"column":0},"end":{"line":102,"column":47}},"102":{"start":{"line":103,"column":0},"end":{"line":103,"column":39}},"103":{"start":{"line":104,"column":0},"end":{"line":104,"column":9}},"104":{"start":{"line":105,"column":0},"end":{"line":105,"column":5}},"105":{"start":{"line":106,"column":0},"end":{"line":106,"column":0}},"106":{"start":{"line":107,"column":0},"end":{"line":107,"column":7}},"107":{"start":{"line":108,"column":0},"end":{"line":108,"column":24}},"108":{"start":{"line":109,"column":0},"end":{"line":109,"column":29}},"109":{"start":{"line":110,"column":0},"end":{"line":110,"column":7}},"110":{"start":{"line":111,"column":0},"end":{"line":111,"column":34}},"111":{"start":{"line":112,"column":0},"end":{"line":112,"column":63}},"112":{"start":{"line":113,"column":0},"end":{"line":113,"column":34}},"113":{"start":{"line":114,"column":0},"end":{"line":114,"column":9}},"114":{"start":{"line":115,"column":0},"end":{"line":115,"column":5}},"115":{"start":{"line":116,"column":0},"end":{"line":116,"column":0}},"116":{"start":{"line":117,"column":0},"end":{"line":117,"column":28}},"117":{"start":{"line":118,"column":0},"end":{"line":118,"column":20}},"118":{"start":{"line":119,"column":0},"end":{"line":119,"column":37}},"119":{"start":{"line":120,"column":0},"end":{"line":120,"column":5}},"120":{"start":{"line":121,"column":0},"end":{"line":121,"column":0}},"121":{"start":{"line":122,"column":0},"end":{"line":122,"column":7}},"122":{"start":{"line":123,"column":0},"end":{"line":123,"column":26}},"123":{"start":{"line":124,"column":0},"end":{"line":124,"column":63}},"124":{"start":{"line":125,"column":0},"end":{"line":125,"column":27}},"125":{"start":{"line":126,"column":0},"end":{"line":126,"column":7}},"126":{"start":{"line":127,"column":0},"end":{"line":127,"column":69}},"127":{"start":{"line":128,"column":0},"end":{"line":128,"column":70}},"128":{"start":{"line":129,"column":0},"end":{"line":129,"column":70}},"129":{"start":{"line":130,"column":0},"end":{"line":130,"column":74}},"130":{"start":{"line":131,"column":0},"end":{"line":131,"column":51}},"131":{"start":{"line":132,"column":0},"end":{"line":132,"column":53}},"132":{"start":{"line":133,"column":0},"end":{"line":133,"column":60}},"133":{"start":{"line":134,"column":0},"end":{"line":134,"column":60}},"134":{"start":{"line":135,"column":0},"end":{"line":135,"column":64}},"135":{"start":{"line":136,"column":0},"end":{"line":136,"column":5}},"136":{"start":{"line":137,"column":0},"end":{"line":137,"column":1}},"137":{"start":{"line":138,"column":0},"end":{"line":138,"column":0}},"138":{"start":{"line":139,"column":0},"end":{"line":139,"column":31}}},"s":{"0":1,"1":1,"2":1,"3":1,"4":1,"5":1,"6":1,"7":1,"8":1,"9":1,"10":1,"11":1,"12":1,"13":1,"14":1,"15":1,"16":1,"17":1,"18":1,"19":1,"20":1,"21":1,"22":1,"23":1,"24":1,"25":1,"26":1,"27":1,"28":1,"29":1,"30":1,"31":1,"32":1,"33":1,"34":1,"35":1,"36":1,"37":1,"38":1,"39":1,"40":1,"41":1,"42":1,"43":2,"44":2,"45":2,"46":2,"47":2,"48":1,"49":1,"50":1,"51":2,"52":2,"53":2,"54":2,"55":2,"56":2,"57":2,"58":1,"59":1,"60":1,"61":1,"62":1,"63":1,"64":1,"65":1,"66":1,"67":1,"68":1,"69":1,"70":1,"71":1,"72":1,"73":1,"74":1,"75":1,"76":1,"77":1,"78":1,"79":1,"80":1,"81":1,"82":1,"83":0,"84":0,"85":1,"86":1,"87":1,"88":1,"89":1,"90":1,"91":0,"92":0,"93":0,"94":1,"95":1,"96":1,"97":1,"98":1,"99":1,"100":1,"101":1,"102":1,"103":1,"104":1,"105":1,"106":1,"107":1,"108":1,"109":1,"110":1,"111":1,"112":1,"113":1,"114":1,"115":1,"116":1,"117":1,"118":1,"119":1,"120":1,"121":1,"122":1,"123":1,"124":1,"125":1,"126":1,"127":1,"128":1,"129":1,"130":1,"131":4,"132":3,"133":2,"134":1,"135":4,"136":1,"137":1,"138":1},"branchMap":{"0":{"type":"branch","line":43,"loc":{"start":{"line":43,"column":4},"end":{"line":48,"column":5}},"locations":[{"start":{"line":43,"column":4},"end":{"line":48,"column":5}}]},"1":{"type":"branch","line":45,"loc":{"start":{"line":45,"column":41},"end":{"line":45,"column":67}},"locations":[{"start":{"line":45,"column":41},"end":{"line":45,"column":67}}]},"2":{"type":"branch","line":46,"loc":{"start":{"line":46,"column":41},"end":{"line":46,"column":68}},"locations":[{"start":{"line":46,"column":41},"end":{"line":46,"column":68}}]},"3":{"type":"branch","line":47,"loc":{"start":{"line":47,"column":44},"end":{"line":47,"column":77}},"locations":[{"start":{"line":47,"column":44},"end":{"line":47,"column":77}}]},"4":{"type":"branch","line":51,"loc":{"start":{"line":51,"column":12},"end":{"line":58,"column":5}},"locations":[{"start":{"line":51,"column":12},"end":{"line":58,"column":5}}]},"5":{"type":"branch","line":52,"loc":{"start":{"line":52,"column":21},"end":{"line":52,"column":37}},"locations":[{"start":{"line":52,"column":21},"end":{"line":52,"column":37}}]},"6":{"type":"branch","line":61,"loc":{"start":{"line":61,"column":12},"end":{"line":65,"column":5}},"locations":[{"start":{"line":61,"column":12},"end":{"line":65,"column":5}}]},"7":{"type":"branch","line":68,"loc":{"start":{"line":68,"column":12},"end":{"line":70,"column":5}},"locations":[{"start":{"line":68,"column":12},"end":{"line":70,"column":5}}]},"8":{"type":"branch","line":73,"loc":{"start":{"line":73,"column":12},"end":{"line":75,"column":5}},"locations":[{"start":{"line":73,"column":12},"end":{"line":75,"column":5}}]},"9":{"type":"branch","line":78,"loc":{"start":{"line":78,"column":12},"end":{"line":86,"column":5}},"locations":[{"start":{"line":78,"column":12},"end":{"line":86,"column":5}}]},"10":{"type":"branch","line":83,"loc":{"start":{"line":83,"column":8},"end":{"line":85,"column":9}},"locations":[{"start":{"line":83,"column":8},"end":{"line":85,"column":9}}]},"11":{"type":"branch","line":89,"loc":{"start":{"line":89,"column":12},"end":{"line":97,"column":5}},"locations":[{"start":{"line":89,"column":12},"end":{"line":97,"column":5}}]},"12":{"type":"branch","line":100,"loc":{"start":{"line":100,"column":12},"end":{"line":105,"column":5}},"locations":[{"start":{"line":100,"column":12},"end":{"line":105,"column":5}}]},"13":{"type":"branch","line":111,"loc":{"start":{"line":111,"column":11},"end":{"line":115,"column":5}},"locations":[{"start":{"line":111,"column":11},"end":{"line":115,"column":5}}]},"14":{"type":"branch","line":118,"loc":{"start":{"line":118,"column":11},"end":{"line":120,"column":5}},"locations":[{"start":{"line":118,"column":11},"end":{"line":120,"column":5}}]},"15":{"type":"branch","line":131,"loc":{"start":{"line":131,"column":11},"end":{"line":136,"column":5}},"locations":[{"start":{"line":131,"column":11},"end":{"line":136,"column":5}}]},"16":{"type":"branch","line":132,"loc":{"start":{"line":132,"column":30},"end":{"line":132,"column":53}},"locations":[{"start":{"line":132,"column":30},"end":{"line":132,"column":53}}]},"17":{"type":"branch","line":132,"loc":{"start":{"line":132,"column":44},"end":{"line":135,"column":64}},"locations":[{"start":{"line":132,"column":44},"end":{"line":135,"column":64}}]},"18":{"type":"branch","line":133,"loc":{"start":{"line":133,"column":36},"end":{"line":133,"column":60}},"locations":[{"start":{"line":133,"column":36},"end":{"line":133,"column":60}}]},"19":{"type":"branch","line":133,"loc":{"start":{"line":133,"column":51},"end":{"line":135,"column":64}},"locations":[{"start":{"line":133,"column":51},"end":{"line":135,"column":64}}]},"20":{"type":"branch","line":134,"loc":{"start":{"line":134,"column":36},"end":{"line":135,"column":64}},"locations":[{"start":{"line":134,"column":36},"end":{"line":135,"column":64}}]}},"b":{"0":[2],"1":[0],"2":[0],"3":[0],"4":[2],"5":[0],"6":[1],"7":[1],"8":[1],"9":[1],"10":[0],"11":[1],"12":[1],"13":[1],"14":[1],"15":[4],"16":[1],"17":[3],"18":[1],"19":[2],"20":[1]},"fnMap":{"0":{"name":"WebSocketClient","decl":{"start":{"line":43,"column":4},"end":{"line":48,"column":5}},"loc":{"start":{"line":43,"column":4},"end":{"line":48,"column":5}},"line":43},"1":{"name":"WebSocketClient.onOpen","decl":{"start":{"line":34,"column":45},"end":{"line":34,"column":54}},"loc":{"start":{"line":34,"column":45},"end":{"line":34,"column":54}},"line":34},"2":{"name":"WebSocketClient.onClose","decl":{"start":{"line":35,"column":46},"end":{"line":35,"column":55}},"loc":{"start":{"line":35,"column":46},"end":{"line":35,"column":55}},"line":35},"3":{"name":"WebSocketClient.onError","decl":{"start":{"line":36,"column":46},"end":{"line":36,"column":55}},"loc":{"start":{"line":36,"column":46},"end":{"line":36,"column":55}},"line":36},"4":{"name":"WebSocketClient.onMessage","decl":{"start":{"line":37,"column":50},"end":{"line":37,"column":59}},"loc":{"start":{"line":37,"column":50},"end":{"line":37,"column":59}},"line":37},"5":{"name":"connect","decl":{"start":{"line":51,"column":12},"end":{"line":58,"column":5}},"loc":{"start":{"line":51,"column":12},"end":{"line":58,"column":5}},"line":51},"6":{"name":"handleOpen","decl":{"start":{"line":61,"column":12},"end":{"line":65,"column":5}},"loc":{"start":{"line":61,"column":12},"end":{"line":65,"column":5}},"line":61},"7":{"name":"handleMessage","decl":{"start":{"line":68,"column":12},"end":{"line":70,"column":5}},"loc":{"start":{"line":68,"column":12},"end":{"line":70,"column":5}},"line":68},"8":{"name":"handleError","decl":{"start":{"line":73,"column":12},"end":{"line":75,"column":5}},"loc":{"start":{"line":73,"column":12},"end":{"line":75,"column":5}},"line":73},"9":{"name":"handleClose","decl":{"start":{"line":78,"column":12},"end":{"line":86,"column":5}},"loc":{"start":{"line":78,"column":12},"end":{"line":86,"column":5}},"line":78},"10":{"name":"startHeartbeat","decl":{"start":{"line":89,"column":12},"end":{"line":97,"column":5}},"loc":{"start":{"line":89,"column":12},"end":{"line":97,"column":5}},"line":89},"11":{"name":"stopHeartbeat","decl":{"start":{"line":100,"column":12},"end":{"line":105,"column":5}},"loc":{"start":{"line":100,"column":12},"end":{"line":105,"column":5}},"line":100},"12":{"name":"send","decl":{"start":{"line":111,"column":11},"end":{"line":115,"column":5}},"loc":{"start":{"line":111,"column":11},"end":{"line":115,"column":5}},"line":111},"13":{"name":"close","decl":{"start":{"line":118,"column":11},"end":{"line":120,"column":5}},"loc":{"start":{"line":118,"column":11},"end":{"line":120,"column":5}},"line":118},"14":{"name":"on","decl":{"start":{"line":131,"column":11},"end":{"line":136,"column":5}},"loc":{"start":{"line":131,"column":11},"end":{"line":136,"column":5}},"line":131}},"f":{"0":2,"1":0,"2":0,"3":0,"4":0,"5":2,"6":1,"7":1,"8":1,"9":1,"10":1,"11":1,"12":1,"13":1,"14":4}}
}
